#
# A fatal error has been detected by the Java Runtime Environment:
#
#  EXCEPTION_ACCESS_VIOLATION (0xc0000005) at pc=0x00007ffe6b0b6a87, pid=8812, tid=8268
#
# JRE version: OpenJDK Runtime Environment (17.0+35) (build 17+35-2724)
# Java VM: OpenJDK 64-Bit Server VM (17+35-2724, mixed mode, sharing, tiered, compressed oops, compressed class ptrs, g1 gc, windows-amd64)
# Problematic frame:
# C  [glass.dll+0x26a87]
#
# No core dump will be written. Minidumps are not enabled by default on client versions of Windows
#
# If you would like to submit a bug report, please visit:
#   https://bugreport.java.com/bugreport/crash.jsp
#

---------------  S U M M A R Y ------------

Command Line: -javaagent:D:\Prog BSUIR\IntelliJ idea\IntelliJ IDEA 2021.2.1\lib\idea_rt.jar=58329:D:\Prog BSUIR\IntelliJ idea\IntelliJ IDEA 2021.2.1\bin -Dfile.encoding=UTF-8 --module-path=C:\Users\kondr\.m2\repository\org\openjfx\javafx-base\17-ea+11\javafx-base-17-ea+11-win.jar;C:\Users\kondr\.m2\repository\org\openjfx\javafx-controls\17-ea+11\javafx-controls-17-ea+11-win.jar;C:\Users\kondr\.m2\repository\org\openjfx\javafx-graphics\17-ea+11\javafx-graphics-17-ea+11-win.jar;C:\Users\kondr\.m2\repository\org\openjfx\javafx-fxml\17-ea+11\javafx-fxml-17-ea+11-win.jar;D:\BSUIR\3rd year\5 semestr\ﾏ綫ﾑﾏ ﾊ籵\warehouse\target\classes -Djdk.module.main=mwarehouse.warehouse mwarehouse.warehouse/mwarehouse.warehouse.ClientMain

Host: AMD Ryzen 7 3700U with Radeon Vega Mobile Gfx  , 8 cores, 5G,  Windows 10 , 64 bit Build 19041 (10.0.19041.1348)
Time: Sun Dec  5 16:59:35 2021 RTZ 2 (s 10 , 64 bit Build 19041 (10.0.19041.1348) elapsed time: 294.243682 seconds (0d 0h 4m 54s)

---------------  T H R E A D  ---------------

Current thread (0x000001254806c210):  VMThread "VM Thread" [stack: 0x0000002219000000,0x0000002219100000] [id=8268]

Stack: [0x0000002219000000,0x0000002219100000],  sp=0x00000022190fee10,  free space=1019k
Native frames: (J=compiled Java code, j=interpreted, Vv=VM code, C=native code)
C  [glass.dll+0x26a87]


siginfo: EXCEPTION_ACCESS_VIOLATION (0xc0000005), reading address 0x0000000000000000


Register to memory mapping:

RIP=0x00007ffe6b0b6a87 glass.dll
RAX=0x0 is NULL
RBX=0x0000012564d087f0 is a global jni handle
RCX=0x000001254806c210 points into unknown readable memory: 0x00007ffe5213c540 | 40 c5 13 52 fe 7f 00 00
RDX=0x00000022190fee10 points into unknown readable memory: 0x0000000000000000 | 00 00 00 00 00 00 00 00
RSP=0x00000022190fee10 points into unknown readable memory: 0x0000000000000000 | 00 00 00 00 00 00 00 00
RBP=0x000001256641ee08 points into unknown readable memory: 0x0000b2443fdbc033 | 33 c0 db 3f 44 b2 00 00
RSI=0x000001256641ede0 points into unknown readable memory: 0xf360b247c028986a | 6a 98 28 c0 47 b2 60 f3
RDI=0x0000b2443fdbc033 is an unknown value
R8 =0x0000000000010002 is an unknown value
R9 =0x0000b2443fdbc033 is an unknown value
R10=0x0000000000008000 is an unknown value
R11=0x00000022190feda0 points into unknown readable memory: 0x000001256641ede0 | e0 ed 41 66 25 01 00 00
R12=0x00007ffe6b0b4354 glass.dll
R13=0x00007ffe522e2940 jvm.dll
R14=0x00000022190fef08 points into unknown readable memory: 0x00000022190feef0 | f0 ee 0f 19 22 00 00 00
R15=0x000001256641ede0 points into unknown readable memory: 0xf360b247c028986a | 6a 98 28 c0 47 b2 60 f3


Registers:
RAX=0x0000000000000000, RBX=0x0000012564d087f0, RCX=0x000001254806c210, RDX=0x00000022190fee10
RSP=0x00000022190fee10, RBP=0x000001256641ee08, RSI=0x000001256641ede0, RDI=0x0000b2443fdbc033
R8 =0x0000000000010002, R9 =0x0000b2443fdbc033, R10=0x0000000000008000, R11=0x00000022190feda0
R12=0x00007ffe6b0b4354, R13=0x00007ffe522e2940, R14=0x00000022190fef08, R15=0x000001256641ede0
RIP=0x00007ffe6b0b6a87, EFLAGS=0x0000000000010202

Top of Stack: (sp=0x00000022190fee10)
0x00000022190fee10:   0000000000000000 000001256641ede0
0x00000022190fee20:   00007ffe522e2940 00007ffe6b0b4354
0x00000022190fee30:   000001256641ede8 00007ffe8b5d42d6
0x00000022190fee40:   0000b2443fdbc033 0000012500000000
0x00000022190fee50:   000001256641ee08 000001256641ede0
0x00000022190fee60:   fffffffffffffffe 0000000000000000
0x00000022190fee70:   0000000000000001 00007ffe6b090000
0x00000022190fee80:   00000022190feef8 00007ffe8b5d41fb
0x00000022190fee90:   0000000000000000 00000022190fef08
0x00000022190feea0:   00000022190ff1d0 00007ffe8b6b0e40
0x00000022190feeb0:   0000000000000001 00007ffe8b5d41b4
0x00000022190feec0:   0000000000000000 0000000000000001
0x00000022190feed0:   0000000000000000 00000022190feef8
0x00000022190feee0:   0000000000000001 00007ffe6b0b41e1
0x00000022190feef0:   00007ffe6b0ca138 00007ffe00000002
0x00000022190fef00:   0000000000000002 00000022190feef0 

Instructions: (pc=0x00007ffe6b0b6a87)
0x00007ffe6b0b6987:   8b 4d 58 e8 01 cf ff ff 48 8b 4d 60 e8 f8 ce ff
0x00007ffe6b0b6997:   ff 48 8b 95 80 00 00 00 48 8b 8d 18 01 00 00 e8
0x00007ffe6b0b69a7:   c6 c3 ff ff 33 d2 33 c9 e8 3c e1 ff ff 90 48 89
0x00007ffe6b0b69b7:   54 24 10 55 48 83 ec 20 48 8b ea 48 b8 00 00 00
0x00007ffe6b0b69c7:   00 00 00 00 00 48 83 c4 20 5d c3 cc 40 55 48 8b
0x00007ffe6b0b69d7:   ea 48 8b 01 33 c9 81 38 05 00 00 c0 0f 94 c1 8b
0x00007ffe6b0b69e7:   c1 5d c3 cc 40 55 48 83 ec 20 48 8b ea 8a 4d 40
0x00007ffe6b0b69f7:   48 83 c4 20 5d e9 f7 d2 ff ff cc 40 55 48 83 ec
0x00007ffe6b0b6a07:   20 48 8b ea 8a 4d 20 e8 e5 d2 ff ff 90 48 83 c4
0x00007ffe6b0b6a17:   20 5d c3 cc 40 55 48 83 ec 20 48 8b ea 48 83 c4
0x00007ffe6b0b6a27:   20 5d e9 46 d1 ff ff cc 40 55 48 83 ec 30 48 8b
0x00007ffe6b0b6a37:   ea 48 8b 01 8b 10 48 89 4c 24 28 89 54 24 20 4c
0x00007ffe6b0b6a47:   8d 0d e7 d5 ff ff 4c 8b 45 70 8b 55 68 48 8b 4d
0x00007ffe6b0b6a57:   60 e8 87 d0 ff ff 90 48 83 c4 30 5d c3 cc cc cc
0x00007ffe6b0b6a67:   cc cc cc cc cc cc cc cc cc 40 53 48 83 ec 20 48
0x00007ffe6b0b6a77:   8b 1d b3 30 01 00 48 85 db 74 16 e8 09 8b ff ff
0x00007ffe6b0b6a87:   4c 8b 00 48 8b d3 48 8b c8 41 ff 90 b0 00 00 00
0x00007ffe6b0b6a97:   90 48 83 c4 20 5b c3 cc cc 40 53 48 83 ec 20 48
0x00007ffe6b0b6aa7:   8b 1d 2b 32 01 00 48 85 db 74 57 b8 ff ff ff ff
0x00007ffe6b0b6ab7:   f0 0f c1 43 10 83 f8 01 75 3d 48 85 db 74 38 48
0x00007ffe6b0b6ac7:   8b 0b 48 85 c9 74 0d ff 15 d4 07 00 00 48 c7 03
0x00007ffe6b0b6ad7:   00 00 00 00 48 8b 4b 08 48 85 c9 74 0d e8 a7 cd
0x00007ffe6b0b6ae7:   ff ff 48 c7 43 08 00 00 00 00 ba 18 00 00 00 48
0x00007ffe6b0b6af7:   8b cb e8 92 cd ff ff 48 c7 05 cf 31 01 00 00 00
0x00007ffe6b0b6b07:   00 00 48 83 c4 20 5b c3 cc 40 53 48 83 ec 20 48
0x00007ffe6b0b6b17:   8b 1d 9b 31 01 00 48 85 db 74 57 b8 ff ff ff ff
0x00007ffe6b0b6b27:   f0 0f c1 43 10 83 f8 01 75 3d 48 85 db 74 38 48
0x00007ffe6b0b6b37:   8b 0b 48 85 c9 74 0d ff 15 64 07 00 00 48 c7 03
0x00007ffe6b0b6b47:   00 00 00 00 48 8b 4b 08 48 85 c9 74 0d e8 37 cd
0x00007ffe6b0b6b57:   ff ff 48 c7 43 08 00 00 00 00 ba 18 00 00 00 48
0x00007ffe6b0b6b67:   8b cb e8 22 cd ff ff 48 c7 05 3f 31 01 00 00 00
0x00007ffe6b0b6b77:   00 00 48 83 c4 20 5b c3 cc 40 53 48 83 ec 20 48 


Stack slot to memory mapping:
stack at sp + 0 slots: 0x0 is NULL
stack at sp + 1 slots: 0x000001256641ede0 points into unknown readable memory: 0xf360b247c028986a | 6a 98 28 c0 47 b2 60 f3
stack at sp + 2 slots: 0x00007ffe522e2940 jvm.dll
stack at sp + 3 slots: 0x00007ffe6b0b4354 glass.dll
stack at sp + 4 slots: 0x000001256641ede8 points into unknown readable memory: 0x0000b2443fdbc033 | 33 c0 db 3f 44 b2 00 00
stack at sp + 5 slots: 0x00007ffe8b5d42d6 ucrtbase.dll
stack at sp + 6 slots: 0x0000b2443fdbc033 is an unknown value
stack at sp + 7 slots: 0x0000012500000000 is an unknown value

VM_Operation (0x00000022187ff470): Exit, mode: safepoint, requested by thread 0x00000125664f9550


---------------  P R O C E S S  ---------------

Threads class SMR info:
_java_thread_list=0x0000012565c33840, length=21, elements={
0x0000012547f8bf80, 0x0000012564d03f00, 0x0000012564d04a20, 0x0000012564d1c5d0,
0x0000012564d1f740, 0x0000012564d20000, 0x0000012564d30370, 0x0000012564d24ea0,
0x0000012564d25f80, 0x00000125480602f0, 0x000001256610fff0, 0x00000125661104c0,
0x00000125664f9ef0, 0x00000125664f9080, 0x00000125664fa3c0, 0x00000125664f9a20,
0x00000125664fa890, 0x00000125664f6ed0, 0x00000125664f73a0, 0x00000125664f8210,
0x00000125664f9550
}

Java Threads: ( => current thread )
  0x0000012547f8bf80 JavaThread "main" [_thread_blocked, id=12588, stack(0x0000002218a00000,0x0000002218b00000)]
  0x0000012564d03f00 JavaThread "Reference Handler" daemon [_thread_blocked, id=1268, stack(0x0000002219100000,0x0000002219200000)]
  0x0000012564d04a20 JavaThread "Finalizer" daemon [_thread_blocked, id=7184, stack(0x0000002219200000,0x0000002219300000)]
  0x0000012564d1c5d0 JavaThread "Attach Listener" daemon [_thread_blocked, id=9428, stack(0x0000002219400000,0x0000002219500000)]
  0x0000012564d1f740 JavaThread "Service Thread" daemon [_thread_blocked, id=15032, stack(0x0000002219500000,0x0000002219600000)]
  0x0000012564d20000 JavaThread "Monitor Deflation Thread" daemon [_thread_blocked, id=20412, stack(0x0000002219600000,0x0000002219700000)]
  0x0000012564d30370 JavaThread "C2 CompilerThread0" daemon [_thread_blocked, id=11036, stack(0x0000002219700000,0x0000002219800000)]
  0x0000012564d24ea0 JavaThread "C1 CompilerThread0" daemon [_thread_blocked, id=15604, stack(0x0000002219800000,0x0000002219900000)]
  0x0000012564d25f80 JavaThread "Sweeper thread" daemon [_thread_blocked, id=12232, stack(0x0000002219900000,0x0000002219a00000)]
  0x00000125480602f0 JavaThread "Common-Cleaner" daemon [_thread_blocked, id=1108, stack(0x0000002219a00000,0x0000002219b00000)]
  0x000001256610fff0 JavaThread "Monitor Ctrl-Break" daemon [_thread_in_native, id=10996, stack(0x0000002219d00000,0x0000002219e00000)]
  0x00000125661104c0 JavaThread "Notification Thread" daemon [_thread_blocked, id=15848, stack(0x0000002219e00000,0x0000002219f00000)]
  0x00000125664f9ef0 JavaThread "QuantumRenderer-0" daemon [_thread_blocked, id=17784, stack(0x0000002219b00000,0x0000002219c00000)]
  0x00000125664f9080 JavaThread "InvokeLaterDispatcher" daemon [_thread_blocked, id=15120, stack(0x000000221a100000,0x000000221a200000)]
  0x00000125664fa3c0 JavaThread "JavaFX Application Thread" [_thread_in_native, id=23440, stack(0x000000221a200000,0x000000221a300000)]
  0x00000125664f9a20 JavaThread "Thread-1" daemon [_thread_in_native, id=23464, stack(0x000000221a900000,0x000000221aa00000)]
  0x00000125664fa890 JavaThread "JavaFX-Launcher" [_thread_blocked, id=16492, stack(0x000000221aa00000,0x000000221ab00000)]
  0x00000125664f6ed0 JavaThread "Prism Font Disposer" daemon [_thread_blocked, id=21928, stack(0x000000221b300000,0x000000221b400000)]
  0x00000125664f73a0 JavaThread "Cleaner-0" daemon [_thread_blocked, id=20284, stack(0x000000221b500000,0x000000221b600000)]
  0x00000125664f8210 JavaThread "mysql-cj-abandoned-connection-cleanup" daemon [_thread_blocked, id=3692, stack(0x000000221bb00000,0x000000221bc00000)]
  0x00000125664f9550 JavaThread "SIGINT handler" daemon [_thread_blocked, id=2716, stack(0x0000002218700000,0x0000002218800000)]

Other Threads:
=>0x000001254806c210 VMThread "VM Thread" [stack: 0x0000002219000000,0x0000002219100000] [id=8268]
  0x0000012547fc4810 GCTaskThread "GC Thread#0" [stack: 0x0000002218b00000,0x0000002218c00000] [id=20476]
  0x00000125665931f0 GCTaskThread "GC Thread#1" [stack: 0x000000221ab00000,0x000000221ac00000] [id=20728]
  0x00000125668befd0 GCTaskThread "GC Thread#2" [stack: 0x000000221ac00000,0x000000221ad00000] [id=20024]
  0x00000125665a0200 GCTaskThread "GC Thread#3" [stack: 0x000000221ad00000,0x000000221ae00000] [id=21888]
  0x000001256659dce0 GCTaskThread "GC Thread#4" [stack: 0x000000221ae00000,0x000000221af00000] [id=13272]
  0x00000125668d31a0 GCTaskThread "GC Thread#5" [stack: 0x000000221af00000,0x000000221b000000] [id=12684]
  0x000001256696cdf0 GCTaskThread "GC Thread#6" [stack: 0x000000221b000000,0x000000221b100000] [id=18348]
  0x000001256696d0a0 GCTaskThread "GC Thread#7" [stack: 0x000000221b100000,0x000000221b200000] [id=19980]
  0x0000012547fd24b0 ConcurrentGCThread "G1 Main Marker" terminated
  0x0000012547fd3570 ConcurrentGCThread "G1 Conc#0" [stack: 0x0000002218d00000,0x0000002218e00000] [id=18220]
  0x0000012565db0ee0 ConcurrentGCThread "G1 Conc#1" [stack: 0x000000221be00000,0x000000221bf00000] [id=13088]
  0x000001254804b910 ConcurrentGCThread "G1 Refine#0" terminated
  0x000001254804c240 ConcurrentGCThread "G1 Service" terminated

Threads with active compile tasks:

VM state: at safepoint (shutting down)

VM Mutex/Monitor currently owned by a thread:  ([mutex/lock_event])
[0x0000012547f88370] Threads_lock - owner thread: 0x000001254806c210
[0x0000012547f89180] Heap_lock - owner thread: 0x00000125664f9550

Heap address: 0x00000000a0e00000, size: 1522 MB, Compressed Oops mode: 32-bit

CDS archive(s) mapped at: [0x0000000800000000-0x0000000800bc0000-0x0000000800bc0000), size 12320768, SharedBaseAddress: 0x0000000800000000, ArchiveRelocationMode: 0.
Compressed class space mapped at: 0x0000000800c00000-0x0000000840c00000, reserved size: 1073741824
Narrow klass base: 0x0000000800000000, Narrow klass shift: 0, Narrow klass range: 0x100000000

GC Precious Log:
 CPUs: 8 total, 8 available
 Memory: 6082M
 Large Page Support: Disabled
 NUMA Support: Disabled
 Compressed Oops: Enabled (32-bit)
 Heap Region Size: 1M
 Heap Min Capacity: 8M
 Heap Initial Capacity: 96M
 Heap Max Capacity: 1522M
 Pre-touch: Disabled
 Parallel Workers: 8
 Concurrent Workers: 2
 Concurrent Refinement Workers: 8
 Periodic GC: Disabled

Heap:
 garbage-first heap   total 55296K, used 32724K [0x00000000a0e00000, 0x0000000100000000)
  region size 1024K, 25 young (25600K), 7 survivors (7168K)
 Metaspace       used 25932K, committed 26176K, reserved 1073152K
  class space    used 3583K, committed 3712K, reserved 1048576K

Heap Regions: E=young(eden), S=young(survivor), O=old, HS=humongous(starts), HC=humongous(continues), CS=collection set, F=free, OA=open archive, CA=closed archive, TAMS=top-at-mark-start (previous, next)
|   0|0x00000000a0e00000, 0x00000000a0f00000, 0x00000000a0f00000|100%| O|  |TAMS 0x00000000a0f00000, 0x00000000a0e00000| Untracked 
|   1|0x00000000a0f00000, 0x00000000a1000000, 0x00000000a1000000|100%|HS|  |TAMS 0x00000000a1000000, 0x00000000a0f00000| Complete 
|   2|0x00000000a1000000, 0x00000000a1100000, 0x00000000a1100000|100%| O|  |TAMS 0x00000000a1100000, 0x00000000a1000000| Untracked 
|   3|0x00000000a1100000, 0x00000000a1200000, 0x00000000a1200000|100%| O|  |TAMS 0x00000000a1200000, 0x00000000a1100000| Untracked 
|   4|0x00000000a1200000, 0x00000000a12a8800, 0x00000000a1300000| 65%| O|  |TAMS 0x00000000a12a8800, 0x00000000a1200000| Untracked 
|   5|0x00000000a1300000, 0x00000000a1400000, 0x00000000a1400000|100%|HS|  |TAMS 0x00000000a1400000, 0x00000000a1300000| Complete 
|   6|0x00000000a1400000, 0x00000000a1500000, 0x00000000a1500000|100%|HC|  |TAMS 0x00000000a1500000, 0x00000000a1400000| Complete 
|   7|0x00000000a1500000, 0x00000000a1600000, 0x00000000a1600000|100%|HS|  |TAMS 0x00000000a1600000, 0x00000000a1500000| Complete 
|   8|0x00000000a1600000, 0x00000000a1700000, 0x00000000a1700000|100%|HS|  |TAMS 0x00000000a1600000, 0x00000000a1600000| Complete 
|   9|0x00000000a1700000, 0x00000000a1700000, 0x00000000a1800000|  0%| F|  |TAMS 0x00000000a1700000, 0x00000000a1700000| Untracked 
|  10|0x00000000a1800000, 0x00000000a1800000, 0x00000000a1900000|  0%| F|  |TAMS 0x00000000a1800000, 0x00000000a1800000| Untracked 
|  11|0x00000000a1900000, 0x00000000a1900000, 0x00000000a1a00000|  0%| F|  |TAMS 0x00000000a1900000, 0x00000000a1900000| Untracked 
|  12|0x00000000a1a00000, 0x00000000a1a00000, 0x00000000a1b00000|  0%| F|  |TAMS 0x00000000a1a00000, 0x00000000a1a00000| Untracked 
|  13|0x00000000a1b00000, 0x00000000a1b00000, 0x00000000a1c00000|  0%| F|  |TAMS 0x00000000a1b00000, 0x00000000a1b00000| Untracked 
|  14|0x00000000a1c00000, 0x00000000a1c00000, 0x00000000a1d00000|  0%| F|  |TAMS 0x00000000a1c00000, 0x00000000a1c00000| Untracked 
|  15|0x00000000a1d00000, 0x00000000a1d00000, 0x00000000a1e00000|  0%| F|  |TAMS 0x00000000a1d00000, 0x00000000a1d00000| Untracked 
|  16|0x00000000a1e00000, 0x00000000a1e00000, 0x00000000a1f00000|  0%| F|  |TAMS 0x00000000a1e00000, 0x00000000a1e00000| Untracked 
|  17|0x00000000a1f00000, 0x00000000a1f00000, 0x00000000a2000000|  0%| F|  |TAMS 0x00000000a1f00000, 0x00000000a1f00000| Untracked 
|  18|0x00000000a2000000, 0x00000000a2000000, 0x00000000a2100000|  0%| F|  |TAMS 0x00000000a2000000, 0x00000000a2000000| Untracked 
|  19|0x00000000a2100000, 0x00000000a2100000, 0x00000000a2200000|  0%| F|  |TAMS 0x00000000a2100000, 0x00000000a2100000| Untracked 
|  20|0x00000000a2200000, 0x00000000a2200000, 0x00000000a2300000|  0%| F|  |TAMS 0x00000000a2200000, 0x00000000a2200000| Untracked 
|  21|0x00000000a2300000, 0x00000000a2300000, 0x00000000a2400000|  0%| F|  |TAMS 0x00000000a2300000, 0x00000000a2300000| Untracked 
|  22|0x00000000a2400000, 0x00000000a2400000, 0x00000000a2500000|  0%| F|  |TAMS 0x00000000a2400000, 0x00000000a2400000| Untracked 
|  23|0x00000000a2500000, 0x00000000a2500000, 0x00000000a2600000|  0%| F|  |TAMS 0x00000000a2500000, 0x00000000a2500000| Untracked 
|  24|0x00000000a2600000, 0x00000000a2600000, 0x00000000a2700000|  0%| F|  |TAMS 0x00000000a2600000, 0x00000000a2600000| Untracked 
|  25|0x00000000a2700000, 0x00000000a2700000, 0x00000000a2800000|  0%| F|  |TAMS 0x00000000a2700000, 0x00000000a2700000| Untracked 
|  26|0x00000000a2800000, 0x00000000a2800000, 0x00000000a2900000|  0%| F|  |TAMS 0x00000000a2800000, 0x00000000a2800000| Untracked 
|  27|0x00000000a2900000, 0x00000000a2900000, 0x00000000a2a00000|  0%| F|  |TAMS 0x00000000a2900000, 0x00000000a2900000| Untracked 
|  28|0x00000000a2a00000, 0x00000000a2a00000, 0x00000000a2b00000|  0%| F|  |TAMS 0x00000000a2a00000, 0x00000000a2a00000| Untracked 
|  29|0x00000000a2b00000, 0x00000000a2b15d68, 0x00000000a2c00000|  8%| E|  |TAMS 0x00000000a2b00000, 0x00000000a2b00000| Complete 
|  30|0x00000000a2c00000, 0x00000000a2d00000, 0x00000000a2d00000|100%| E|CS|TAMS 0x00000000a2c00000, 0x00000000a2c00000| Complete 
|  31|0x00000000a2d00000, 0x00000000a2e00000, 0x00000000a2e00000|100%| E|CS|TAMS 0x00000000a2d00000, 0x00000000a2d00000| Complete 
|  32|0x00000000a2e00000, 0x00000000a2f00000, 0x00000000a2f00000|100%| E|CS|TAMS 0x00000000a2e00000, 0x00000000a2e00000| Complete 
|  33|0x00000000a2f00000, 0x00000000a3000000, 0x00000000a3000000|100%| E|CS|TAMS 0x00000000a2f00000, 0x00000000a2f00000| Complete 
|  34|0x00000000a3000000, 0x00000000a3100000, 0x00000000a3100000|100%| E|CS|TAMS 0x00000000a3000000, 0x00000000a3000000| Complete 
|  35|0x00000000a3100000, 0x00000000a3200000, 0x00000000a3200000|100%| E|CS|TAMS 0x00000000a3100000, 0x00000000a3100000| Complete 
|  36|0x00000000a3200000, 0x00000000a3300000, 0x00000000a3300000|100%| E|CS|TAMS 0x00000000a3200000, 0x00000000a3200000| Complete 
|  37|0x00000000a3300000, 0x00000000a3400000, 0x00000000a3400000|100%| E|CS|TAMS 0x00000000a3300000, 0x00000000a3300000| Complete 
|  38|0x00000000a3400000, 0x00000000a3500000, 0x00000000a3500000|100%| E|CS|TAMS 0x00000000a3400000, 0x00000000a3400000| Complete 
|  39|0x00000000a3500000, 0x00000000a3600000, 0x00000000a3600000|100%| E|CS|TAMS 0x00000000a3500000, 0x00000000a3500000| Complete 
|  40|0x00000000a3600000, 0x00000000a3700000, 0x00000000a3700000|100%| E|CS|TAMS 0x00000000a3600000, 0x00000000a3600000| Complete 
|  41|0x00000000a3700000, 0x00000000a3800000, 0x00000000a3800000|100%| E|CS|TAMS 0x00000000a3700000, 0x00000000a3700000| Complete 
|  42|0x00000000a3800000, 0x00000000a3900000, 0x00000000a3900000|100%| E|CS|TAMS 0x00000000a3800000, 0x00000000a3800000| Complete 
|  43|0x00000000a3900000, 0x00000000a3a00000, 0x00000000a3a00000|100%| E|CS|TAMS 0x00000000a3900000, 0x00000000a3900000| Complete 
|  44|0x00000000a3a00000, 0x00000000a3b00000, 0x00000000a3b00000|100%| E|CS|TAMS 0x00000000a3a00000, 0x00000000a3a00000| Complete 
|  45|0x00000000a3b00000, 0x00000000a3c00000, 0x00000000a3c00000|100%| E|CS|TAMS 0x00000000a3b00000, 0x00000000a3b00000| Complete 
|  71|0x00000000a5500000, 0x00000000a554c898, 0x00000000a5600000| 29%| S|CS|TAMS 0x00000000a5500000, 0x00000000a5500000| Complete 
|  72|0x00000000a5600000, 0x00000000a5700000, 0x00000000a5700000|100%| S|CS|TAMS 0x00000000a5600000, 0x00000000a5600000| Complete 
|  73|0x00000000a5700000, 0x00000000a5800000, 0x00000000a5800000|100%| S|CS|TAMS 0x00000000a5700000, 0x00000000a5700000| Complete 
|  74|0x00000000a5800000, 0x00000000a5900000, 0x00000000a5900000|100%| S|CS|TAMS 0x00000000a5800000, 0x00000000a5800000| Complete 
|  75|0x00000000a5900000, 0x00000000a5a00000, 0x00000000a5a00000|100%| S|CS|TAMS 0x00000000a5900000, 0x00000000a5900000| Complete 
|  76|0x00000000a5a00000, 0x00000000a5b00000, 0x00000000a5b00000|100%| S|CS|TAMS 0x00000000a5a00000, 0x00000000a5a00000| Complete 
|  77|0x00000000a5b00000, 0x00000000a5c00000, 0x00000000a5c00000|100%| S|CS|TAMS 0x00000000a5b00000, 0x00000000a5b00000| Complete 
|  95|0x00000000a6d00000, 0x00000000a6e00000, 0x00000000a6e00000|100%| E|CS|TAMS 0x00000000a6d00000, 0x00000000a6d00000| Complete 

Card table byte_map: [0x000001255edc0000,0x000001255f0c0000] _byte_map_base: 0x000001255e8b9000

Marking Bits (Prev, Next): (CMBitMap*) 0x0000012547fc5d80, (CMBitMap*) 0x0000012547fc5d40
 Prev Bits: [0x0000012560b90000, 0x0000012562358000)
 Next Bits: [0x000001255f3c0000, 0x0000012560b88000)

Polling page: 0x0000012545fa0000

Metaspace:

Usage:
  Non-class:     21.82 MB used.
      Class:      3.50 MB used.
       Both:     25.32 MB used.

Virtual space:
  Non-class space:       24.00 MB reserved,      21.94 MB ( 91%) committed,  3 nodes.
      Class space:        1.00 GB reserved,       3.62 MB ( <1%) committed,  1 nodes.
             Both:        1.02 GB reserved,      25.56 MB (  2%) committed. 

Chunk freelists:
   Non-Class:  2.07 MB
       Class:  235.00 KB
        Both:  2.29 MB

MaxMetaspaceSize: unlimited
CompressedClassSpaceSize: 1.00 GB
Initial GC threshold: 21.00 MB
Current GC threshold: 35.12 MB
CDS: on
MetaspaceReclaimPolicy: balanced
 - commit_granule_bytes: 65536.
 - commit_granule_words: 8192.
 - virtual_space_node_default_size: 1048576.
 - enlarge_chunks_in_place: 1.
 - new_chunks_are_fully_committed: 0.
 - uncommit_free_chunks: 1.
 - use_allocation_guard: 0.
 - handle_deallocations: 1.


Internal statistics:

num_allocs_failed_limit: 3.
num_arena_births: 242.
num_arena_deaths: 0.
num_vsnodes_births: 4.
num_vsnodes_deaths: 0.
num_space_committed: 409.
num_space_uncommitted: 0.
num_chunks_returned_to_freelist: 3.
num_chunks_taken_from_freelist: 991.
num_chunk_merges: 3.
num_chunk_splits: 679.
num_chunks_enlarged: 518.
num_purges: 0.
num_inconsistent_stats: 0.

CodeHeap 'non-profiled nmethods': size=120000Kb used=1398Kb max_used=1398Kb free=118601Kb
 bounds [0x0000012557260000, 0x00000125574d0000, 0x000001255e790000]
CodeHeap 'profiled nmethods': size=120000Kb used=7193Kb max_used=7193Kb free=112806Kb
 bounds [0x000001254fd30000, 0x0000012550440000, 0x0000012557260000]
CodeHeap 'non-nmethods': size=5760Kb used=1507Kb max_used=1540Kb free=4252Kb
 bounds [0x000001254f790000, 0x000001254fa00000, 0x000001254fd30000]
 total_blobs=4529 nmethods=3648 adapters=793
 compilation: enabled
              stopped_count=0, restarted_count=0
 full_count=0

Compilation events (20 events):
Event: 27.736 Thread 0x0000012564d30370 3651       4       com.sun.javafx.geom.PickRay::setOrigin (12 bytes)
Event: 27.737 Thread 0x0000012564d30370 nmethod 3651 0x00000125573b9310 code [0x00000125573b9480, 0x00000125573b9538]
Event: 27.742 Thread 0x0000012564d30370 3652       4       com.sun.javafx.geom.PickRay::setDirection (12 bytes)
Event: 27.743 Thread 0x0000012564d30370 nmethod 3652 0x00000125573b9610 code [0x00000125573b9780, 0x00000125573b9838]
Event: 28.225 Thread 0x0000012564d24ea0 3653       3       java.util.Collection::stream (11 bytes)
Event: 28.226 Thread 0x0000012564d24ea0 nmethod 3653 0x0000012550434e10 code [0x0000012550434fc0, 0x00000125504351b8]
Event: 28.377 Thread 0x0000012564d30370 3654   !   4       javafx.scene.Node::intersectsBounds (1005 bytes)
Event: 28.402 Thread 0x0000012564d30370 nmethod 3654 0x00000125573b9910 code [0x00000125573b9ba0, 0x00000125573ba750]
Event: 28.402 Thread 0x0000012564d30370 3655       4       com.sun.javafx.geom.transform.Translate2D::inverseTransform (48 bytes)
Event: 28.404 Thread 0x0000012564d30370 nmethod 3655 0x00000125573bb990 code [0x00000125573bbb00, 0x00000125573bbbd8]
Event: 86.528 Thread 0x0000012564d30370 3656       4       com.sun.javafx.tk.quantum.QuantumToolkit::postPulse (133 bytes)
Event: 86.540 Thread 0x0000012564d30370 nmethod 3656 0x00000125573bbc90 code [0x00000125573bbe80, 0x00000125573bc570]
Event: 87.360 Thread 0x0000012564d30370 3657       4       com.sun.javafx.tk.quantum.QuantumToolkit$$Lambda$88/0x0000000800c38a70::run (8 bytes)
Event: 87.372 Thread 0x0000012564d30370 nmethod 3657 0x00000125573bca90 code [0x00000125573bcc80, 0x00000125573bd3c0]
Event: 141.793 Thread 0x0000012564d24ea0 3658       3       jdk.internal.loader.BuiltinClassLoader::hasClassPath (13 bytes)
Event: 141.794 Thread 0x0000012564d24ea0 nmethod 3658 0x0000012550435290 code [0x0000012550435420, 0x0000012550435598]
Event: 146.794 Thread 0x0000012564d24ea0 3659       3       jdk.internal.loader.URLClassPath$JarLoader::findResource (18 bytes)
Event: 146.795 Thread 0x0000012564d24ea0 nmethod 3659 0x0000012550435610 code [0x00000125504357c0, 0x00000125504359a8]
Event: 161.798 Thread 0x0000012564d24ea0 3660       3       jdk.internal.module.Resources::toPackageName (39 bytes)
Event: 161.799 Thread 0x0000012564d24ea0 nmethod 3660 0x0000012550435a90 code [0x0000012550435cc0, 0x0000012550436338]

GC Heap History (6 events):
Event: 1.489 GC heap before
{Heap before GC invocations=0 (full 0):
 garbage-first heap   total 98304K, used 22528K [0x00000000a0e00000, 0x0000000100000000)
  region size 1024K, 23 young (23552K), 0 survivors (0K)
 Metaspace       used 6298K, committed 6528K, reserved 1056768K
  class space    used 723K, committed 832K, reserved 1048576K
}
Event: 1.495 GC heap after
{Heap after GC invocations=1 (full 0):
 garbage-first heap   total 98304K, used 3789K [0x00000000a0e00000, 0x0000000100000000)
  region size 1024K, 3 young (3072K), 3 survivors (3072K)
 Metaspace       used 6298K, committed 6528K, reserved 1056768K
  class space    used 723K, committed 832K, reserved 1048576K
}
Event: 2.769 GC heap before
{Heap before GC invocations=1 (full 0):
 garbage-first heap   total 98304K, used 36557K [0x00000000a0e00000, 0x0000000100000000)
  region size 1024K, 34 young (34816K), 3 survivors (3072K)
 Metaspace       used 14252K, committed 14464K, reserved 1064960K
  class space    used 2121K, committed 2240K, reserved 1048576K
}
Event: 2.779 GC heap after
{Heap after GC invocations=2 (full 0):
 garbage-first heap   total 98304K, used 8203K [0x00000000a0e00000, 0x0000000100000000)
  region size 1024K, 4 young (4096K), 4 survivors (4096K)
 Metaspace       used 14252K, committed 14464K, reserved 1064960K
  class space    used 2121K, committed 2240K, reserved 1048576K
}
Event: 22.295 GC heap before
{Heap before GC invocations=2 (full 0):
 garbage-first heap   total 98304K, used 28683K [0x00000000a0e00000, 0x0000000100000000)
  region size 1024K, 22 young (22528K), 4 survivors (4096K)
 Metaspace       used 21264K, committed 21504K, reserved 1073152K
  class space    used 2875K, committed 3008K, reserved 1048576K
}
Event: 22.302 GC heap after
{Heap after GC invocations=3 (full 0):
 garbage-first heap   total 98304K, used 14292K [0x00000000a0e00000, 0x0000000100000000)
  region size 1024K, 7 young (7168K), 7 survivors (7168K)
 Metaspace       used 21264K, committed 21504K, reserved 1073152K
  class space    used 2875K, committed 3008K, reserved 1048576K
}

Deoptimization events (20 events):
Event: 22.664 Thread 0x00000125664fa3c0 Uncommon trap: trap_request=0xffffff45 fr.pc=0x00000125573831cc relative=0x000000000000022c
Event: 22.664 Thread 0x00000125664fa3c0 Uncommon trap: reason=unstable_if action=reinterpret pc=0x00000125573831cc method=java.util.regex.Matcher.reset()Ljava/util/regex/Matcher; @ 71 c2
Event: 22.664 Thread 0x00000125664fa3c0 DEOPT PACKING pc=0x00000125573831cc sp=0x000000221a2fa810
Event: 22.664 Thread 0x00000125664fa3c0 DEOPT UNPACKING pc=0x000001254f7e23a3 sp=0x000000221a2fa798 mode 2
Event: 23.361 Thread 0x00000125664f9ef0 Uncommon trap: trap_request=0xffffff45 fr.pc=0x00000125573a16dc relative=0x00000000000001bc
Event: 23.361 Thread 0x00000125664f9ef0 Uncommon trap: reason=unstable_if action=reinterpret pc=0x00000125573a16dc method=java.util.WeakHashMap.matchesKey(Ljava/util/WeakHashMap$Entry;Ljava/lang/Object;)Z @ 5 c2
Event: 23.361 Thread 0x00000125664f9ef0 DEOPT PACKING pc=0x00000125573a16dc sp=0x0000002219bfcde0
Event: 23.361 Thread 0x00000125664f9ef0 DEOPT UNPACKING pc=0x000001254f7e23a3 sp=0x0000002219bfcd00 mode 2
Event: 23.397 Thread 0x00000125664f9ef0 Uncommon trap: trap_request=0xffffff45 fr.pc=0x0000012557333368 relative=0x0000000000002348
Event: 23.397 Thread 0x00000125664f9ef0 Uncommon trap: reason=unstable_if action=reinterpret pc=0x0000012557333368 method=com.sun.marlin.Renderer._endRendering(IILcom/sun/marlin/MarlinAlphaConsumer;)V @ 325 c2
Event: 23.397 Thread 0x00000125664f9ef0 DEOPT PACKING pc=0x0000012557333368 sp=0x0000002219bfd900
Event: 23.397 Thread 0x00000125664f9ef0 DEOPT UNPACKING pc=0x000001254f7e23a3 sp=0x0000002219bfd788 mode 2
Event: 23.398 Thread 0x00000125664f9ef0 Uncommon trap: trap_request=0xffffff45 fr.pc=0x000001255732b4f4 relative=0x0000000000002bf4
Event: 23.398 Thread 0x00000125664f9ef0 Uncommon trap: reason=unstable_if action=reinterpret pc=0x000001255732b4f4 method=com.sun.marlin.Renderer._endRendering(IILcom/sun/marlin/MarlinAlphaConsumer;)V @ 325 c2
Event: 23.398 Thread 0x00000125664f9ef0 DEOPT PACKING pc=0x000001255732b4f4 sp=0x0000002219bfd880
Event: 23.398 Thread 0x00000125664f9ef0 DEOPT UNPACKING pc=0x000001254f7e23a3 sp=0x0000002219bfd788 mode 2
Event: 24.576 Thread 0x00000125664fa3c0 Uncommon trap: trap_request=0xffffff45 fr.pc=0x00000125572cd290 relative=0x0000000000000e70
Event: 24.576 Thread 0x00000125664fa3c0 Uncommon trap: reason=unstable_if action=reinterpret pc=0x00000125572cd290 method=java.util.concurrent.ConcurrentHashMap.putVal(Ljava/lang/Object;Ljava/lang/Object;Z)Ljava/lang/Object; @ 231 c2
Event: 24.576 Thread 0x00000125664fa3c0 DEOPT PACKING pc=0x00000125572cd290 sp=0x000000221a2f83b0
Event: 24.577 Thread 0x00000125664fa3c0 DEOPT UNPACKING pc=0x000001254f7e23a3 sp=0x000000221a2f8320 mode 2

Classes unloaded (0 events):
No events

Classes redefined (0 events):
No events

Internal exceptions (20 events):
Event: 2.721 Thread 0x00000125664fa3c0 Exception <a 'java/lang/NoSuchMethodError'{0x00000000a4df08d0}: 'java.lang.Object java.lang.invoke.DirectMethodHandle$Holder.newInvokeSpecial(java.lang.Object, java.lang.Object, long)'> (0x00000000a4df08d0) 
thrown [t:\workspace\open\src\hotspot\share\interpreter\linkResolver.cpp, line 766]
Event: 2.722 Thread 0x00000125664fa3c0 Exception <a 'java/lang/NoSuchMethodError'{0x00000000a4df4440}: 'java.lang.Object java.lang.invoke.Invokers$Holder.linkToTargetMethod(java.lang.Object, long, java.lang.Object)'> (0x00000000a4df4440) 
thrown [t:\workspace\open\src\hotspot\share\interpreter\linkResolver.cpp, line 766]
Event: 21.714 Thread 0x00000125664fa3c0 Exception <a 'sun/nio/fs/WindowsException'{0x00000000a67ee3e8}> (0x00000000a67ee3e8) 
thrown [t:\workspace\open\src\hotspot\share\prims\jni.cpp, line 516]
Event: 21.749 Thread 0x00000125664fa3c0 Exception <a 'java/lang/NoSuchMethodError'{0x00000000a6691218}: 'java.lang.Object java.lang.invoke.DirectMethodHandle$Holder.invokeInterface(java.lang.Object, java.lang.Object)'> (0x00000000a6691218) 
thrown [t:\workspace\open\src\hotspot\share\interpreter\linkResolver.cpp, line 766]
Event: 21.756 Thread 0x00000125664fa3c0 Exception <a 'sun/nio/fs/WindowsException'{0x00000000a669bc80}> (0x00000000a669bc80) 
thrown [t:\workspace\open\src\hotspot\share\prims\jni.cpp, line 516]
Event: 21.759 Thread 0x00000125664fa3c0 Exception <a 'sun/nio/fs/WindowsException'{0x00000000a669f670}> (0x00000000a669f670) 
thrown [t:\workspace\open\src\hotspot\share\prims\jni.cpp, line 516]
Event: 21.785 Thread 0x00000125664fa3c0 Exception <a 'sun/nio/fs/WindowsException'{0x00000000a66fb430}> (0x00000000a66fb430) 
thrown [t:\workspace\open\src\hotspot\share\prims\jni.cpp, line 516]
Event: 21.787 Thread 0x00000125664fa3c0 Exception <a 'sun/nio/fs/WindowsException'{0x00000000a6500308}> (0x00000000a6500308) 
thrown [t:\workspace\open\src\hotspot\share\prims\jni.cpp, line 516]
Event: 21.796 Thread 0x00000125664fa3c0 Exception <a 'java/lang/NoSuchMethodError'{0x00000000a6513698}: 'java.lang.Object java.lang.invoke.DirectMethodHandle$Holder.invokeVirtual(java.lang.Object, java.lang.Object, java.lang.Object)'> (0x00000000a6513698) 
thrown [t:\workspace\open\src\hotspot\share\interpreter\linkResolver.cpp, line 766]
Event: 21.999 Thread 0x00000125664fa3c0 Exception <a 'sun/nio/fs/WindowsException'{0x00000000a619bbe0}> (0x00000000a619bbe0) 
thrown [t:\workspace\open\src\hotspot\share\prims\jni.cpp, line 516]
Event: 22.053 Thread 0x00000125664fa3c0 Exception <a 'sun/nio/fs/WindowsException'{0x00000000a608d358}> (0x00000000a608d358) 
thrown [t:\workspace\open\src\hotspot\share\prims\jni.cpp, line 516]
Event: 22.060 Thread 0x00000125664fa3c0 Exception <a 'sun/nio/fs/WindowsException'{0x00000000a60a1ba0}> (0x00000000a60a1ba0) 
thrown [t:\workspace\open\src\hotspot\share\prims\jni.cpp, line 516]
Event: 22.067 Thread 0x00000125664fa3c0 Exception <a 'java/lang/NoSuchMethodError'{0x00000000a60ae058}: 'int java.lang.invoke.DirectMethodHandle$Holder.invokeStatic(java.lang.Object, java.lang.Object, java.lang.Object, java.lang.Object)'> (0x00000000a60ae058) 
thrown [t:\workspace\open\src\hotspot\share\interpreter\linkResolver.cpp, line 766]
Event: 22.068 Thread 0x00000125664fa3c0 Exception <a 'java/lang/NoSuchMethodError'{0x00000000a60b2058}: 'int java.lang.invoke.DirectMethodHandle$Holder.invokeStaticInit(java.lang.Object, java.lang.Object, java.lang.Object, java.lang.Object)'> (0x00000000a60b2058) 
thrown [t:\workspace\open\src\hotspot\share\interpreter\linkResolver.cpp, line 766]
Event: 22.069 Thread 0x00000125664fa3c0 Exception <a 'java/lang/IncompatibleClassChangeError'{0x00000000a60bba30}: Found class java.lang.Object, but interface was expected> (0x00000000a60bba30) 
thrown [t:\workspace\open\src\hotspot\share\interpreter\linkResolver.cpp, line 833]
Event: 22.126 Thread 0x00000125664fa3c0 Exception <a 'java/lang/NoSuchMethodError'{0x00000000a5eb7310}: 'java.lang.Object java.lang.invoke.DirectMethodHandle$Holder.invokeStaticInit(java.lang.Object, int, int, int, int)'> (0x00000000a5eb7310) 
thrown [t:\workspace\open\src\hotspot\share\interpreter\linkResolver.cpp, line 766]
Event: 22.177 Thread 0x00000125664fa3c0 Exception <a 'java/lang/NoSuchMethodError'{0x00000000a5d15058}: 'java.lang.Object java.lang.invoke.DirectMethodHandle$Holder.invokeStaticInit(java.lang.Object, java.lang.Object, int, int, int, int)'> (0x00000000a5d15058) 
thrown [t:\workspace\open\src\hotspot\share\interpreter\linkResolver.cpp, line 766]
Event: 23.071 Thread 0x00000125664fa3c0 Exception <a 'java/lang/NoSuchMethodError'{0x00000000a31449d8}: 'void java.lang.invoke.DirectMethodHandle$Holder.invokeSpecialIFC(java.lang.Object, java.lang.Object, java.lang.Object, java.lang.Object)'> (0x00000000a31449d8) 
thrown [t:\workspace\open\src\hotspot\share\interpreter\linkResolver.cpp, line 766]
Event: 23.105 Thread 0x00000125664fa3c0 Exception <a 'java/lang/NoSuchMethodError'{0x00000000a30582f0}: 'int java.lang.invoke.DirectMethodHandle$Holder.invokeSpecial(java.lang.Object, java.lang.Object, int)'> (0x00000000a30582f0) 
thrown [t:\workspace\open\src\hotspot\share\interpreter\linkResolver.cpp, line 766]
Event: 24.761 Thread 0x00000125664fa3c0 Exception <a 'java/lang/NoSuchMethodError'{0x00000000a2d35788}: static Lmwarehouse/warehouse/entity/Product;.<clinit>()V> (0x00000000a2d35788) 
thrown [t:\workspace\open\src\hotspot\share\prims\jni.cpp, line 1107]

VM Operations (20 events):
Event: 22.316 Executing VM operation: G1Concurrent done
Event: 22.318 Executing VM operation: G1Concurrent
Event: 22.322 Executing VM operation: G1Concurrent done
Event: 22.400 Executing VM operation: HandshakeAllThreads
Event: 22.400 Executing VM operation: HandshakeAllThreads done
Event: 22.855 Executing VM operation: HandshakeAllThreads
Event: 22.855 Executing VM operation: HandshakeAllThreads done
Event: 22.863 Executing VM operation: HandshakeAllThreads
Event: 22.863 Executing VM operation: HandshakeAllThreads done
Event: 23.242 Executing VM operation: ICBufferFull
Event: 23.243 Executing VM operation: ICBufferFull done
Event: 25.243 Executing VM operation: Cleanup
Event: 25.243 Executing VM operation: Cleanup done
Event: 27.244 Executing VM operation: Cleanup
Event: 27.244 Executing VM operation: Cleanup done
Event: 28.244 Executing VM operation: Cleanup
Event: 28.245 Executing VM operation: Cleanup done
Event: 29.245 Executing VM operation: Cleanup
Event: 29.245 Executing VM operation: Cleanup done
Event: 293.816 Executing VM operation: Exit

Events (20 events):
Event: 24.755 loading class java/io/SerialCallbackContext
Event: 24.755 loading class java/io/SerialCallbackContext done
Event: 24.760 loading class java/io/ObjectStreamClass$1
Event: 24.760 loading class java/io/ObjectStreamClass$1 done
Event: 24.760 loading class java/io/ObjectStreamClass$MemberSignature
Event: 24.760 loading class java/io/ObjectStreamClass$MemberSignature done
Event: 24.760 loading class java/io/ObjectStreamClass$3
Event: 24.761 loading class java/io/ObjectStreamClass$3 done
Event: 24.761 loading class java/io/ObjectStreamClass$4
Event: 24.761 loading class java/io/ObjectStreamClass$4 done
Event: 24.761 loading class java/io/ObjectStreamClass$5
Event: 24.761 loading class java/io/ObjectStreamClass$5 done
Event: 293.811 loading class jdk/internal/misc/Signal$1
Event: 293.811 loading class jdk/internal/misc/Signal$1 done
Event: 293.811 Thread 0x00000125664f9550 Thread added: 0x00000125664f9550
Event: 293.812 Thread 0x00000125664f8bb0 Thread added: 0x00000125664f8bb0
Event: 293.813 Thread 0x000001256619e060 Thread added: 0x000001256619e060
Event: 293.813 Thread 0x00000125664f8bb0 Thread exited: 0x00000125664f8bb0
Event: 293.816 Thread 0x000001256619e060 Thread exited: 0x000001256619e060
Event: 293.816 Thread 0x0000012564d1ab00 Thread exited: 0x0000012564d1ab00


Dynamic libraries:
0x00007ff76adb0000 - 0x00007ff76adbe000 	C:\Users\kondr\.jdks\openjdk-17\bin\java.exe
0x00007ffe8dd90000 - 0x00007ffe8df85000 	C:\Windows\SYSTEM32\ntdll.dll
0x00007ffe8d030000 - 0x00007ffe8d0ee000 	C:\Windows\System32\KERNEL32.DLL
0x00007ffe8b850000 - 0x00007ffe8bb18000 	C:\Windows\System32\KERNELBASE.dll
0x00007ffe8b5c0000 - 0x00007ffe8b6c0000 	C:\Windows\System32\ucrtbase.dll
0x00007ffe82810000 - 0x00007ffe82828000 	C:\Users\kondr\.jdks\openjdk-17\bin\jli.dll
0x00007ffe853f0000 - 0x00007ffe8540a000 	C:\Users\kondr\.jdks\openjdk-17\bin\VCRUNTIME140.dll
0x00007ffe8db10000 - 0x00007ffe8dcb1000 	C:\Windows\System32\USER32.dll
0x00007ffe79ef0000 - 0x00007ffe7a18a000 	C:\Windows\WinSxS\amd64_microsoft.windows.common-controls_6595b64144ccf1df_6.0.19041.1110_none_60b5254171f9507e\COMCTL32.dll
0x00007ffe8bdb0000 - 0x00007ffe8bdd2000 	C:\Windows\System32\win32u.dll
0x00007ffe8d2c0000 - 0x00007ffe8d2eb000 	C:\Windows\System32\GDI32.dll
0x00007ffe8c100000 - 0x00007ffe8c19e000 	C:\Windows\System32\msvcrt.dll
0x00007ffe8b4b0000 - 0x00007ffe8b5bb000 	C:\Windows\System32\gdi32full.dll
0x00007ffe8bd10000 - 0x00007ffe8bdad000 	C:\Windows\System32\msvcp_win.dll
0x00007ffe8d000000 - 0x00007ffe8d030000 	C:\Windows\System32\IMM32.DLL
0x00007ffe85be0000 - 0x00007ffe85bec000 	C:\Users\kondr\.jdks\openjdk-17\bin\vcruntime140_1.dll
0x00007ffe7d390000 - 0x00007ffe7d41d000 	C:\Users\kondr\.jdks\openjdk-17\bin\msvcp140.dll
0x00007ffe517c0000 - 0x00007ffe5237e000 	C:\Users\kondr\.jdks\openjdk-17\bin\server\jvm.dll
0x00007ffe8c840000 - 0x00007ffe8c8ec000 	C:\Windows\System32\ADVAPI32.dll
0x00007ffe8bde0000 - 0x00007ffe8be7b000 	C:\Windows\System32\sechost.dll
0x00007ffe8c290000 - 0x00007ffe8c3ba000 	C:\Windows\System32\RPCRT4.dll
0x00007ffe8dd40000 - 0x00007ffe8dd48000 	C:\Windows\System32\PSAPI.DLL
0x00007ffe85430000 - 0x00007ffe85439000 	C:\Windows\SYSTEM32\WSOCK32.dll
0x00007ffe8cf10000 - 0x00007ffe8cf7b000 	C:\Windows\System32\WS2_32.dll
0x00007ffe80610000 - 0x00007ffe80637000 	C:\Windows\SYSTEM32\WINMM.dll
0x00007ffe80640000 - 0x00007ffe8064a000 	C:\Windows\SYSTEM32\VERSION.dll
0x00007ffe89d60000 - 0x00007ffe89d72000 	C:\Windows\SYSTEM32\kernel.appcore.dll
0x00007ffe82800000 - 0x00007ffe8280a000 	C:\Users\kondr\.jdks\openjdk-17\bin\jimage.dll
0x00007ffe88910000 - 0x00007ffe88af4000 	C:\Windows\SYSTEM32\DBGHELP.DLL
0x00007ffe78570000 - 0x00007ffe7859c000 	C:\Windows\SYSTEM32\dbgcore.DLL
0x00007ffe8bb20000 - 0x00007ffe8bba3000 	C:\Windows\System32\bcryptPrimitives.dll
0x00007ffe82630000 - 0x00007ffe8263e000 	C:\Users\kondr\.jdks\openjdk-17\bin\instrument.dll
0x00007ffe7dc70000 - 0x00007ffe7dc95000 	C:\Users\kondr\.jdks\openjdk-17\bin\java.dll
0x00007ffe6b370000 - 0x00007ffe6b446000 	C:\Users\kondr\.jdks\openjdk-17\bin\svml.dll
0x00007ffe8d2f0000 - 0x00007ffe8da2f000 	C:\Windows\System32\SHELL32.dll
0x00007ffe89590000 - 0x00007ffe89d20000 	C:\Windows\SYSTEM32\windows.storage.dll
0x00007ffe8c3c0000 - 0x00007ffe8c715000 	C:\Windows\System32\combase.dll
0x00007ffe8ae30000 - 0x00007ffe8ae5e000 	C:\Windows\SYSTEM32\Wldp.dll
0x00007ffe8d1b0000 - 0x00007ffe8d25d000 	C:\Windows\System32\SHCORE.dll
0x00007ffe8d260000 - 0x00007ffe8d2b5000 	C:\Windows\System32\shlwapi.dll
0x00007ffe8b3f0000 - 0x00007ffe8b40f000 	C:\Windows\SYSTEM32\profapi.dll
0x00007ffe82550000 - 0x00007ffe82569000 	C:\Users\kondr\.jdks\openjdk-17\bin\net.dll
0x00007ffe7b500000 - 0x00007ffe7b60c000 	C:\Windows\SYSTEM32\WINHTTP.dll
0x00007ffe8ab90000 - 0x00007ffe8abfa000 	C:\Windows\system32\mswsock.dll
0x00007ffe7dc50000 - 0x00007ffe7dc65000 	C:\Users\kondr\.jdks\openjdk-17\bin\nio.dll
0x00007ffe7d370000 - 0x00007ffe7d388000 	C:\Users\kondr\.jdks\openjdk-17\bin\zip.dll
0x00007ffe7d300000 - 0x00007ffe7d31a000 	D:\Prog BSUIR\IntelliJ idea\IntelliJ IDEA 2021.2.1\bin\breakgen64.dll
0x0000012547f50000 - 0x0000012547f53000 	C:\Users\kondr\.openjfx\cache\17-ea\api-ms-win-core-console-l1-1-0.dll
0x0000012547f60000 - 0x0000012547f63000 	C:\Users\kondr\.openjfx\cache\17-ea\api-ms-win-core-console-l1-2-0.dll
0x0000012564ef0000 - 0x0000012564ef3000 	C:\Users\kondr\.openjfx\cache\17-ea\api-ms-win-core-datetime-l1-1-0.dll
0x0000012564f00000 - 0x0000012564f03000 	C:\Users\kondr\.openjfx\cache\17-ea\api-ms-win-core-debug-l1-1-0.dll
0x0000012564f10000 - 0x0000012564f13000 	C:\Users\kondr\.openjfx\cache\17-ea\api-ms-win-core-errorhandling-l1-1-0.dll
0x0000012564f20000 - 0x0000012564f24000 	C:\Users\kondr\.openjfx\cache\17-ea\api-ms-win-core-file-l1-1-0.dll
0x0000012564f30000 - 0x0000012564f33000 	C:\Users\kondr\.openjfx\cache\17-ea\api-ms-win-core-file-l1-2-0.dll
0x0000012564f40000 - 0x0000012564f43000 	C:\Users\kondr\.openjfx\cache\17-ea\api-ms-win-core-file-l2-1-0.dll
0x0000012564f50000 - 0x0000012564f53000 	C:\Users\kondr\.openjfx\cache\17-ea\api-ms-win-core-handle-l1-1-0.dll
0x0000012564f60000 - 0x0000012564f63000 	C:\Users\kondr\.openjfx\cache\17-ea\api-ms-win-core-heap-l1-1-0.dll
0x0000012564f70000 - 0x0000012564f73000 	C:\Users\kondr\.openjfx\cache\17-ea\api-ms-win-core-interlocked-l1-1-0.dll
0x0000012564f80000 - 0x0000012564f83000 	C:\Users\kondr\.openjfx\cache\17-ea\api-ms-win-core-libraryloader-l1-1-0.dll
0x0000012564f90000 - 0x0000012564f93000 	C:\Users\kondr\.openjfx\cache\17-ea\api-ms-win-core-localization-l1-2-0.dll
0x0000012564fa0000 - 0x0000012564fa3000 	C:\Users\kondr\.openjfx\cache\17-ea\api-ms-win-core-memory-l1-1-0.dll
0x0000012564fb0000 - 0x0000012564fb3000 	C:\Users\kondr\.openjfx\cache\17-ea\api-ms-win-core-namedpipe-l1-1-0.dll
0x0000012564fc0000 - 0x0000012564fc3000 	C:\Users\kondr\.openjfx\cache\17-ea\api-ms-win-core-processenvironment-l1-1-0.dll
0x0000012564fd0000 - 0x0000012564fd3000 	C:\Users\kondr\.openjfx\cache\17-ea\api-ms-win-core-processthreads-l1-1-0.dll
0x0000012564fe0000 - 0x0000012564fe3000 	C:\Users\kondr\.openjfx\cache\17-ea\api-ms-win-core-processthreads-l1-1-1.dll
0x0000012564ff0000 - 0x0000012564ff3000 	C:\Users\kondr\.openjfx\cache\17-ea\api-ms-win-core-profile-l1-1-0.dll
0x00000125673d0000 - 0x00000125673d3000 	C:\Users\kondr\.openjfx\cache\17-ea\api-ms-win-core-rtlsupport-l1-1-0.dll
0x00000125673e0000 - 0x00000125673e3000 	C:\Users\kondr\.openjfx\cache\17-ea\api-ms-win-core-string-l1-1-0.dll
0x00000125673f0000 - 0x00000125673f3000 	C:\Users\kondr\.openjfx\cache\17-ea\api-ms-win-core-synch-l1-1-0.dll
0x0000012567400000 - 0x0000012567403000 	C:\Users\kondr\.openjfx\cache\17-ea\api-ms-win-core-synch-l1-2-0.dll
0x0000012567410000 - 0x0000012567413000 	C:\Users\kondr\.openjfx\cache\17-ea\api-ms-win-core-sysinfo-l1-1-0.dll
0x0000012567420000 - 0x0000012567423000 	C:\Users\kondr\.openjfx\cache\17-ea\api-ms-win-core-timezone-l1-1-0.dll
0x0000012567430000 - 0x0000012567433000 	C:\Users\kondr\.openjfx\cache\17-ea\api-ms-win-core-util-l1-1-0.dll
0x0000012567560000 - 0x0000012567563000 	C:\Users\kondr\.openjfx\cache\17-ea\api-ms-win-crt-conio-l1-1-0.dll
0x0000012567570000 - 0x0000012567574000 	C:\Users\kondr\.openjfx\cache\17-ea\api-ms-win-crt-convert-l1-1-0.dll
0x0000012567440000 - 0x0000012567443000 	C:\Users\kondr\.openjfx\cache\17-ea\api-ms-win-crt-environment-l1-1-0.dll
0x0000012567450000 - 0x0000012567453000 	C:\Users\kondr\.openjfx\cache\17-ea\api-ms-win-crt-filesystem-l1-1-0.dll
0x0000012567460000 - 0x0000012567463000 	C:\Users\kondr\.openjfx\cache\17-ea\api-ms-win-crt-heap-l1-1-0.dll
0x0000012567470000 - 0x0000012567473000 	C:\Users\kondr\.openjfx\cache\17-ea\api-ms-win-crt-locale-l1-1-0.dll
0x0000012567480000 - 0x0000012567485000 	C:\Users\kondr\.openjfx\cache\17-ea\api-ms-win-crt-math-l1-1-0.dll
0x0000012567490000 - 0x0000012567495000 	C:\Users\kondr\.openjfx\cache\17-ea\api-ms-win-crt-multibyte-l1-1-0.dll
0x00000125674a0000 - 0x00000125674b0000 	C:\Users\kondr\.openjfx\cache\17-ea\api-ms-win-crt-private-l1-1-0.dll
0x00000125674b0000 - 0x00000125674b3000 	C:\Users\kondr\.openjfx\cache\17-ea\api-ms-win-crt-process-l1-1-0.dll
0x00000125674c0000 - 0x00000125674c4000 	C:\Users\kondr\.openjfx\cache\17-ea\api-ms-win-crt-runtime-l1-1-0.dll
0x00000125674d0000 - 0x00000125674d4000 	C:\Users\kondr\.openjfx\cache\17-ea\api-ms-win-crt-stdio-l1-1-0.dll
0x00000125674e0000 - 0x00000125674e4000 	C:\Users\kondr\.openjfx\cache\17-ea\api-ms-win-crt-string-l1-1-0.dll
0x00000125674f0000 - 0x00000125674f3000 	C:\Users\kondr\.openjfx\cache\17-ea\api-ms-win-crt-time-l1-1-0.dll
0x0000012567500000 - 0x0000012567503000 	C:\Users\kondr\.openjfx\cache\17-ea\api-ms-win-crt-utility-l1-1-0.dll
0x00007ffe5f4c0000 - 0x00007ffe5f5bc000 	C:\Users\kondr\.openjfx\cache\17-ea\ucrtbase.dll
0x00007ffe708f0000 - 0x00007ffe7090a000 	C:\Users\kondr\.openjfx\cache\17-ea\vcruntime140.dll
0x00007ffe7d000000 - 0x00007ffe7d00c000 	C:\Users\kondr\.openjfx\cache\17-ea\vcruntime140_1.dll
0x00007ffe593a0000 - 0x00007ffe5942d000 	C:\Users\kondr\.openjfx\cache\17-ea\msvcp140.dll
0x00007ffe6b660000 - 0x00007ffe6b687000 	C:\Users\kondr\.openjfx\cache\17-ea\prism_d3d.dll
0x00007ffe4b180000 - 0x00007ffe4b34e000 	C:\Windows\system32\d3d9.dll
0x00007ffe88d60000 - 0x00007ffe88d8f000 	C:\Windows\SYSTEM32\dwmapi.dll
0x00007ffe88b50000 - 0x00007ffe88bee000 	C:\Windows\system32\uxtheme.dll
0x00007ffe80650000 - 0x00007ffe8082b000 	C:\Windows\System32\DriverStore\FileRepository\u0361456.inf_amd64_23e88333e0901bd6\B358570\aticfx64.dll
0x00007ffe79b50000 - 0x00007ffe79b83000 	C:\Windows\System32\DriverStore\FileRepository\u0361456.inf_amd64_23e88333e0901bd6\B358570\atiu9p64.dll
0x00007ffe50b20000 - 0x00007ffe517b6000 	C:\Windows\System32\DriverStore\FileRepository\u0361456.inf_amd64_23e88333e0901bd6\B358570\atiumd64.dll
0x00007ffe8c8f0000 - 0x00007ffe8ca1a000 	C:\Windows\System32\ole32.dll
0x0000000076f30000 - 0x0000000077da9000 	C:\Windows\System32\DriverStore\FileRepository\u0361456.inf_amd64_23e88333e0901bd6\B358570\atiumd6a.dll
0x00007ffe8b320000 - 0x00007ffe8b36b000 	C:\Windows\SYSTEM32\POWRPROF.dll
0x00007ffe8b300000 - 0x00007ffe8b312000 	C:\Windows\SYSTEM32\UMPDC.dll
0x00007ffe7dd00000 - 0x00007ffe7dd2f000 	C:\Windows\SYSTEM32\amdihk64.dll
0x00007ffe6b090000 - 0x00007ffe6b0d2000 	C:\Users\kondr\.openjfx\cache\17-ea\glass.dll
0x00007ffe8da30000 - 0x00007ffe8db0a000 	C:\Windows\System32\COMDLG32.dll
0x00007ffe8be80000 - 0x00007ffe8bf4d000 	C:\Windows\System32\OLEAUT32.dll
0x00007ffe8c720000 - 0x00007ffe8c835000 	C:\Windows\System32\MSCTF.dll
0x00007ffe85c10000 - 0x00007ffe85c4b000 	C:\Windows\SYSTEM32\dxcore.dll
0x00007ffe8bc10000 - 0x00007ffe8bc5e000 	C:\Windows\System32\cfgmgr32.dll
0x00007ffe708c0000 - 0x00007ffe708d4000 	C:\Users\kondr\.openjfx\cache\17-ea\javafx_font.dll
0x00007ffe6ab30000 - 0x00007ffe6adb3000 	C:\Windows\SYSTEM32\dwrite.dll
0x00007ffe8d0f0000 - 0x00007ffe8d199000 	C:\Windows\System32\clbcatq.dll
0x00007ffe83740000 - 0x00007ffe838f4000 	C:\Windows\SYSTEM32\WindowsCodecs.dll
0x00007ffe8b820000 - 0x00007ffe8b847000 	C:\Windows\System32\bcrypt.dll
0x00007ffe79a80000 - 0x00007ffe79abe000 	C:\Windows\system32\dataexchange.dll
0x00007ffe87a60000 - 0x00007ffe87c45000 	C:\Windows\system32\dcomp.dll
0x00007ffe86b30000 - 0x00007ffe86d94000 	C:\Windows\system32\d3d11.dll
0x00007ffe89da0000 - 0x00007ffe89e94000 	C:\Windows\system32\dxgi.dll
0x00007ffe83c20000 - 0x00007ffe83e21000 	C:\Windows\system32\twinapi.appcore.dll
0x00007ffe6afb0000 - 0x00007ffe6afe4000 	C:\Program Files\Common Files\Microsoft Shared\Ink\rtscom.dll
0x00007ffe7de90000 - 0x00007ffe7df89000 	C:\Windows\SYSTEM32\textinputframework.dll
0x00007ffe87fd0000 - 0x00007ffe8832e000 	C:\Windows\System32\CoreUIComponents.dll
0x00007ffe88330000 - 0x00007ffe88422000 	C:\Windows\System32\CoreMessaging.dll
0x00007ffe8a1a0000 - 0x00007ffe8a1d3000 	C:\Windows\SYSTEM32\ntmarta.dll
0x00007ffe87900000 - 0x00007ffe87a54000 	C:\Windows\SYSTEM32\wintypes.dll
0x00007ffe87340000 - 0x00007ffe87900000 	C:\Windows\SYSTEM32\d2d1.dll
0x00007ffe80960000 - 0x00007ffe81056000 	C:\Windows\SYSTEM32\D3D10Warp.dll

dbghelp: loaded successfully - version: 4.0.5 - missing functions: none
symbol engine: initialized successfully - sym options: 0x614 - pdb path: .;C:\Users\kondr\.jdks\openjdk-17\bin;C:\Windows\SYSTEM32;C:\Windows\WinSxS\amd64_microsoft.windows.common-controls_6595b64144ccf1df_6.0.19041.1110_none_60b5254171f9507e;C:\Users\kondr\.jdks\openjdk-17\bin\server;D:\Prog BSUIR\IntelliJ idea\IntelliJ IDEA 2021.2.1\bin;C:\Users\kondr\.openjfx\cache\17-ea;C:\Windows\System32\DriverStore\FileRepository\u0361456.inf_amd64_23e88333e0901bd6\B358570;C:\Program Files\Common Files\Microsoft Shared\Ink

VM Arguments:
jvm_args: -javaagent:D:\Prog BSUIR\IntelliJ idea\IntelliJ IDEA 2021.2.1\lib\idea_rt.jar=58329:D:\Prog BSUIR\IntelliJ idea\IntelliJ IDEA 2021.2.1\bin -Dfile.encoding=UTF-8 --module-path=C:\Users\kondr\.m2\repository\org\openjfx\javafx-base\17-ea+11\javafx-base-17-ea+11-win.jar;C:\Users\kondr\.m2\repository\org\openjfx\javafx-controls\17-ea+11\javafx-controls-17-ea+11-win.jar;C:\Users\kondr\.m2\repository\org\openjfx\javafx-graphics\17-ea+11\javafx-graphics-17-ea+11-win.jar;C:\Users\kondr\.m2\repository\org\openjfx\javafx-fxml\17-ea+11\javafx-fxml-17-ea+11-win.jar;D:\BSUIR\3rd year\5 semestr\ﾏ綫ﾑﾏ ﾊ籵\warehouse\target\classes -Djdk.module.main=mwarehouse.warehouse 
java_command: mwarehouse.warehouse/mwarehouse.warehouse.ClientMain
java_class_path (initial): C:\Users\kondr\.m2\repository\org\openjfx\javafx-controls\17-ea+11\javafx-controls-17-ea+11.jar;C:\Users\kondr\.m2\repository\org\openjfx\javafx-graphics\17-ea+11\javafx-graphics-17-ea+11.jar;C:\Users\kondr\.m2\repository\org\openjfx\javafx-base\17-ea+11\javafx-base-17-ea+11.jar;C:\Users\kondr\.m2\repository\org\openjfx\javafx-fxml\17-ea+11\javafx-fxml-17-ea+11.jar;D:\BSUIR\3rd year\5 semestr\ﾏ綫ﾑﾏ ﾊ籵\warehouse\mysql-connector-java-8.0.26.jar
Launcher Type: SUN_STANDARD

[Global flags]
     intx CICompilerCount                          = 4                                         {product} {ergonomic}
     uint ConcGCThreads                            = 2                                         {product} {ergonomic}
     uint G1ConcRefinementThreads                  = 8                                         {product} {ergonomic}
   size_t G1HeapRegionSize                         = 1048576                                   {product} {ergonomic}
    uintx GCDrainStackTargetSize                   = 64                                        {product} {ergonomic}
   size_t InitialHeapSize                          = 100663296                                 {product} {ergonomic}
   size_t MarkStackSize                            = 4194304                                   {product} {ergonomic}
   size_t MaxHeapSize                              = 1595932672                                {product} {ergonomic}
   size_t MaxNewSize                               = 957349888                                 {product} {ergonomic}
   size_t MinHeapDeltaBytes                        = 1048576                                   {product} {ergonomic}
   size_t MinHeapSize                              = 8388608                                   {product} {ergonomic}
    uintx NonNMethodCodeHeapSize                   = 5839372                                {pd product} {ergonomic}
    uintx NonProfiledCodeHeapSize                  = 122909434                              {pd product} {ergonomic}
    uintx ProfiledCodeHeapSize                     = 122909434                              {pd product} {ergonomic}
    uintx ReservedCodeCacheSize                    = 251658240                              {pd product} {ergonomic}
     bool SegmentedCodeCache                       = true                                      {product} {ergonomic}
   size_t SoftMaxHeapSize                          = 1595932672                             {manageable} {ergonomic}
     bool UseCompressedClassPointers               = true                           {product lp64_product} {ergonomic}
     bool UseCompressedOops                        = true                           {product lp64_product} {ergonomic}
     bool UseG1GC                                  = true                                      {product} {ergonomic}
     bool UseLargePagesIndividualAllocation        = false                                  {pd product} {ergonomic}

Logging:
Log output configuration:
 #0: stdout all=off uptime,level,tags
 #1: stderr all=off uptime,level,tags

Environment Variables:
PATH=C:\Windows\system32;C:\Windows;C:\Windows\System32\Wbem;C:\Windows\System32\WindowsPowerShell\v1.0\;C:\Windows\System32\OpenSSH\;C:\Program Files\dotnet\;C:\Program Files\Microsoft SQL Server\130\Tools\Binn\;C:\Program Files\Microsoft SQL Server\Client SDK\ODBC\170\Tools\Binn\;C:\Program Files (x86)\dotnet\;C:\Program Files\Git\cmd;C:\Windows\system32\config\systemprofile\.dnx\bin;C:\Program Files\Microsoft DNX\Dnvm\;C:\Program Files\MySQL\MySQL Shell 8.0\bin\;C:\Users\kondr\AppData\Local\Microsoft\WindowsApps;;D:\Prog BSUIR\PyCharm\PyCharm 2021.1.3\bin;;D:\Prog BSUIR\PyCharm\PyCharm Community Edition 2021.1.3\bin;;C:\Program Files\JetBrains\IntelliJ IDEA Educational Edition 2021.2\bin;;C:\Program Files\JetBrains\IntelliJ IDEA Community Edition 2021.2.1\bin;;C:\Users\kondr\.dotnet\tools;D:\Prog BSUIR\IntelliJ idea\IntelliJ IDEA 2021.2.1\bin;
USERNAME=kondr
OS=Windows_NT
PROCESSOR_IDENTIFIER=AMD64 Family 23 Model 24 Stepping 1, AuthenticAMD



---------------  S Y S T E M  ---------------

OS:
 Windows 10 , 64 bit Build 19041 (10.0.19041.1348)
OS uptime: 5 days 5:04 hours

CPU: total 8 (initial active 8) (8 cores per cpu, 2 threads per core) family 23 model 24 stepping 1 microcode 0x0, cx8, cmov, fxsr, ht, mmx, 3dnowpref, sse, sse2, sse3, ssse3, sse4a, sse4.1, sse4.2, popcnt, lzcnt, tsc, tscinvbit, avx, avx2, aes, clmul, bmi1, bmi2, adx, sha, fma, vzeroupper, clflush, clflushopt

Memory: 4k page, system-wide physical 6082M (907M free)
TotalPageFile size 14245M (AvailPageFile size 2672M)
current process WorkingSet (physical memory assigned to process): 142M, peak: 165M
current process commit charge ("private bytes"): 227M, peak: 279M

vm_info: OpenJDK 64-Bit Server VM (17+35-2724) for windows-amd64 JRE (17+35-2724), built on Aug  5 2021 23:26:02 by "mach5one" with MS VC++ 16.8 (VS2019)

END.
