#
# A fatal error has been detected by the Java Runtime Environment:
#
#  EXCEPTION_ACCESS_VIOLATION (0xc0000005) at pc=0x00007ffe598b6a87, pid=13040, tid=18012
#
# JRE version: OpenJDK Runtime Environment (17.0+35) (build 17+35-2724)
# Java VM: OpenJDK 64-Bit Server VM (17+35-2724, mixed mode, sharing, tiered, compressed oops, compressed class ptrs, g1 gc, windows-amd64)
# Problematic frame:
# C  [glass.dll+0x26a87]
#
# No core dump will be written. Minidumps are not enabled by default on client versions of Windows
#
# If you would like to submit a bug report, please visit:
#   https://bugreport.java.com/bugreport/crash.jsp
#

---------------  S U M M A R Y ------------

Command Line: -javaagent:D:\Prog BSUIR\IntelliJ idea\IntelliJ IDEA 2021.2.1\lib\idea_rt.jar=57819:D:\Prog BSUIR\IntelliJ idea\IntelliJ IDEA 2021.2.1\bin -Dfile.encoding=UTF-8 --module-path=C:\Users\kondr\.m2\repository\org\openjfx\javafx-controls\17-ea+11\javafx-controls-17-ea+11-win.jar;C:\Users\kondr\.m2\repository\org\openjfx\javafx-graphics\17-ea+11\javafx-graphics-17-ea+11-win.jar;C:\Users\kondr\.m2\repository\org\openjfx\javafx-base\17-ea+11\javafx-base-17-ea+11-win.jar;D:\BSUIR\3rd year\5 semestr\Ďđîă_ŃĎ Ęóđńîâŕ˙\warehouse\target\classes;C:\Users\kondr\.m2\repository\org\openjfx\javafx-fxml\17-ea+11\javafx-fxml-17-ea+11-win.jar -Djdk.module.main=mwarehouse.warehouse mwarehouse.warehouse/mwarehouse.warehouse.ClientMain

Host: AMD Ryzen 7 3700U with Radeon Vega Mobile Gfx  , 8 cores, 5G,  Windows 10 , 64 bit Build 19041 (10.0.19041.1348)
Time: Sun Dec  5 16:18:33 2021 RTZ 2 (s 10 , 64 bit Build 19041 (10.0.19041.1348) elapsed time: 249.096746 seconds (0d 0h 4m 9s)

---------------  T H R E A D  ---------------

Current thread (0x0000019c2a46af00):  VMThread "VM Thread" [stack: 0x0000004a6a900000,0x0000004a6aa00000] [id=18012]

Stack: [0x0000004a6a900000,0x0000004a6aa00000],  sp=0x0000004a6a9fedf0,  free space=1019k
Native frames: (J=compiled Java code, j=interpreted, Vv=VM code, C=native code)
C  [glass.dll+0x26a87]


siginfo: EXCEPTION_ACCESS_VIOLATION (0xc0000005), reading address 0x0000000000000000


Register to memory mapping:

RIP=0x00007ffe598b6a87 glass.dll
RAX=0x0 is NULL
RBX=0x0000019c2a4773f8 is a global jni handle
RCX=0x0000019c2a46af00 points into unknown readable memory: 0x00007ffe5213c540 | 40 c5 13 52 fe 7f 00 00
RDX=0x0000004a6a9fedf0 points into unknown readable memory: 0x0000000000000000 | 00 00 00 00 00 00 00 00
RSP=0x0000004a6a9fedf0 points into unknown readable memory: 0x0000000000000000 | 00 00 00 00 00 00 00 00
RBP=0x0000019c2b905e58 points into unknown readable memory: 0x000018c45721192b | 2b 19 21 57 c4 18 00 00
RSI=0x0000019c2b905e30 points into unknown readable memory: 0x59f378c454deebe7 | e7 eb de 54 c4 78 f3 59
RDI=0x000018c45721192b is an unknown value
R8 =0x0000000000010002 is an unknown value
R9 =0x000018c45721192b is an unknown value
R10=0x0000000000008000 is an unknown value
R11=0x0000004a6a9fed80 points into unknown readable memory: 0x0000019c2b905e30 | 30 5e 90 2b 9c 01 00 00
R12=0x00007ffe598b4354 glass.dll
R13=0x00007ffe522e2940 jvm.dll
R14=0x0000004a6a9feee8 points into unknown readable memory: 0x0000004a6a9feed0 | d0 ee 9f 6a 4a 00 00 00
R15=0x0000019c2b905e30 points into unknown readable memory: 0x59f378c454deebe7 | e7 eb de 54 c4 78 f3 59


Registers:
RAX=0x0000000000000000, RBX=0x0000019c2a4773f8, RCX=0x0000019c2a46af00, RDX=0x0000004a6a9fedf0
RSP=0x0000004a6a9fedf0, RBP=0x0000019c2b905e58, RSI=0x0000019c2b905e30, RDI=0x000018c45721192b
R8 =0x0000000000010002, R9 =0x000018c45721192b, R10=0x0000000000008000, R11=0x0000004a6a9fed80
R12=0x00007ffe598b4354, R13=0x00007ffe522e2940, R14=0x0000004a6a9feee8, R15=0x0000019c2b905e30
RIP=0x00007ffe598b6a87, EFLAGS=0x0000000000010206

Top of Stack: (sp=0x0000004a6a9fedf0)
0x0000004a6a9fedf0:   0000000000000000 0000019c2b905e30
0x0000004a6a9fee00:   00007ffe522e2940 00007ffe598b4354
0x0000004a6a9fee10:   0000019c2b905e38 00007ffe8b5d42d6
0x0000004a6a9fee20:   000018c45721192b 0000019c00000000
0x0000004a6a9fee30:   0000019c2b905e58 0000019c2b905e30
0x0000004a6a9fee40:   fffffffffffffffe 0000000000000000
0x0000004a6a9fee50:   0000000000000001 00007ffe59890000
0x0000004a6a9fee60:   0000004a6a9feed8 00007ffe8b5d41fb
0x0000004a6a9fee70:   0000000000000000 0000004a6a9feee8
0x0000004a6a9fee80:   0000004a6a9ff1b0 00007ffe8b6b0e40
0x0000004a6a9fee90:   0000000000000001 00007ffe8b5d41b4
0x0000004a6a9feea0:   0000000000000000 0000000000000001
0x0000004a6a9feeb0:   0000000000000000 0000004a6a9feed8
0x0000004a6a9feec0:   0000000000000001 00007ffe598b41e1
0x0000004a6a9feed0:   00007ffe598ca138 00007ffe00000002
0x0000004a6a9feee0:   0000000000000002 0000004a6a9feed0 

Instructions: (pc=0x00007ffe598b6a87)
0x00007ffe598b6987:   8b 4d 58 e8 01 cf ff ff 48 8b 4d 60 e8 f8 ce ff
0x00007ffe598b6997:   ff 48 8b 95 80 00 00 00 48 8b 8d 18 01 00 00 e8
0x00007ffe598b69a7:   c6 c3 ff ff 33 d2 33 c9 e8 3c e1 ff ff 90 48 89
0x00007ffe598b69b7:   54 24 10 55 48 83 ec 20 48 8b ea 48 b8 00 00 00
0x00007ffe598b69c7:   00 00 00 00 00 48 83 c4 20 5d c3 cc 40 55 48 8b
0x00007ffe598b69d7:   ea 48 8b 01 33 c9 81 38 05 00 00 c0 0f 94 c1 8b
0x00007ffe598b69e7:   c1 5d c3 cc 40 55 48 83 ec 20 48 8b ea 8a 4d 40
0x00007ffe598b69f7:   48 83 c4 20 5d e9 f7 d2 ff ff cc 40 55 48 83 ec
0x00007ffe598b6a07:   20 48 8b ea 8a 4d 20 e8 e5 d2 ff ff 90 48 83 c4
0x00007ffe598b6a17:   20 5d c3 cc 40 55 48 83 ec 20 48 8b ea 48 83 c4
0x00007ffe598b6a27:   20 5d e9 46 d1 ff ff cc 40 55 48 83 ec 30 48 8b
0x00007ffe598b6a37:   ea 48 8b 01 8b 10 48 89 4c 24 28 89 54 24 20 4c
0x00007ffe598b6a47:   8d 0d e7 d5 ff ff 4c 8b 45 70 8b 55 68 48 8b 4d
0x00007ffe598b6a57:   60 e8 87 d0 ff ff 90 48 83 c4 30 5d c3 cc cc cc
0x00007ffe598b6a67:   cc cc cc cc cc cc cc cc cc 40 53 48 83 ec 20 48
0x00007ffe598b6a77:   8b 1d b3 30 01 00 48 85 db 74 16 e8 09 8b ff ff
0x00007ffe598b6a87:   4c 8b 00 48 8b d3 48 8b c8 41 ff 90 b0 00 00 00
0x00007ffe598b6a97:   90 48 83 c4 20 5b c3 cc cc 40 53 48 83 ec 20 48
0x00007ffe598b6aa7:   8b 1d 2b 32 01 00 48 85 db 74 57 b8 ff ff ff ff
0x00007ffe598b6ab7:   f0 0f c1 43 10 83 f8 01 75 3d 48 85 db 74 38 48
0x00007ffe598b6ac7:   8b 0b 48 85 c9 74 0d ff 15 d4 07 00 00 48 c7 03
0x00007ffe598b6ad7:   00 00 00 00 48 8b 4b 08 48 85 c9 74 0d e8 a7 cd
0x00007ffe598b6ae7:   ff ff 48 c7 43 08 00 00 00 00 ba 18 00 00 00 48
0x00007ffe598b6af7:   8b cb e8 92 cd ff ff 48 c7 05 cf 31 01 00 00 00
0x00007ffe598b6b07:   00 00 48 83 c4 20 5b c3 cc 40 53 48 83 ec 20 48
0x00007ffe598b6b17:   8b 1d 9b 31 01 00 48 85 db 74 57 b8 ff ff ff ff
0x00007ffe598b6b27:   f0 0f c1 43 10 83 f8 01 75 3d 48 85 db 74 38 48
0x00007ffe598b6b37:   8b 0b 48 85 c9 74 0d ff 15 64 07 00 00 48 c7 03
0x00007ffe598b6b47:   00 00 00 00 48 8b 4b 08 48 85 c9 74 0d e8 37 cd
0x00007ffe598b6b57:   ff ff 48 c7 43 08 00 00 00 00 ba 18 00 00 00 48
0x00007ffe598b6b67:   8b cb e8 22 cd ff ff 48 c7 05 3f 31 01 00 00 00
0x00007ffe598b6b77:   00 00 48 83 c4 20 5b c3 cc 40 53 48 83 ec 20 48 


Stack slot to memory mapping:
stack at sp + 0 slots: 0x0 is NULL
stack at sp + 1 slots: 0x0000019c2b905e30 points into unknown readable memory: 0x59f378c454deebe7 | e7 eb de 54 c4 78 f3 59
stack at sp + 2 slots: 0x00007ffe522e2940 jvm.dll
stack at sp + 3 slots: 0x00007ffe598b4354 glass.dll
stack at sp + 4 slots: 0x0000019c2b905e38 points into unknown readable memory: 0x000018c45721192b | 2b 19 21 57 c4 18 00 00
stack at sp + 5 slots: 0x00007ffe8b5d42d6 ucrtbase.dll
stack at sp + 6 slots: 0x000018c45721192b is an unknown value
stack at sp + 7 slots: 0x0000019c00000000 is an unknown value

VM_Operation (0x0000004a6a0ff340): Exit, mode: safepoint, requested by thread 0x0000019c2c219880


---------------  P R O C E S S  ---------------

Threads class SMR info:
_java_thread_list=0x0000019c2b69ff40, length=21, elements={
0x0000019c0d6be1b0, 0x0000019c2a46ff00, 0x0000019c2a470d70, 0x0000019c2a488080,
0x0000019c2a48ab40, 0x0000019c2a48b4f0, 0x0000019c2a497790, 0x0000019c2a498230,
0x0000019c2a4a5440, 0x0000019c2a45c0c0, 0x0000019c2bbbc130, 0x0000019c2bbcc620,
0x0000019c2c41c210, 0x0000019c2b2a4e40, 0x0000019c2b2aaf40, 0x0000019c2bb2cd60,
0x0000019c2bc8ddd0, 0x0000019c2c21b560, 0x0000019c2c219d50, 0x0000019c2c2193b0,
0x0000019c2c219880
}

Java Threads: ( => current thread )
  0x0000019c0d6be1b0 JavaThread "main" [_thread_blocked, id=10920, stack(0x0000004a6a300000,0x0000004a6a400000)]
  0x0000019c2a46ff00 JavaThread "Reference Handler" daemon [_thread_blocked, id=18700, stack(0x0000004a6aa00000,0x0000004a6ab00000)]
  0x0000019c2a470d70 JavaThread "Finalizer" daemon [_thread_blocked, id=14912, stack(0x0000004a6ab00000,0x0000004a6ac00000)]
  0x0000019c2a488080 JavaThread "Attach Listener" daemon [_thread_blocked, id=1988, stack(0x0000004a6ad00000,0x0000004a6ae00000)]
  0x0000019c2a48ab40 JavaThread "Service Thread" daemon [_thread_blocked, id=2528, stack(0x0000004a6ae00000,0x0000004a6af00000)]
  0x0000019c2a48b4f0 JavaThread "Monitor Deflation Thread" daemon [_thread_blocked, id=12612, stack(0x0000004a6af00000,0x0000004a6b000000)]
  0x0000019c2a497790 JavaThread "C2 CompilerThread0" daemon [_thread_blocked, id=3652, stack(0x0000004a6b000000,0x0000004a6b100000)]
  0x0000019c2a498230 JavaThread "C1 CompilerThread0" daemon [_thread_blocked, id=20296, stack(0x0000004a6b100000,0x0000004a6b200000)]
  0x0000019c2a4a5440 JavaThread "Sweeper thread" daemon [_thread_blocked, id=21940, stack(0x0000004a6b200000,0x0000004a6b300000)]
  0x0000019c2a45c0c0 JavaThread "Common-Cleaner" daemon [_thread_blocked, id=9796, stack(0x0000004a6b300000,0x0000004a6b400000)]
  0x0000019c2bbbc130 JavaThread "Monitor Ctrl-Break" daemon [_thread_in_native, id=22280, stack(0x0000004a6b600000,0x0000004a6b700000)]
  0x0000019c2bbcc620 JavaThread "Notification Thread" daemon [_thread_blocked, id=9168, stack(0x0000004a6b700000,0x0000004a6b800000)]
  0x0000019c2c41c210 JavaThread "QuantumRenderer-0" daemon [_thread_blocked, id=16048, stack(0x0000004a6b500000,0x0000004a6b600000)]
  0x0000019c2b2a4e40 JavaThread "InvokeLaterDispatcher" daemon [_thread_blocked, id=17180, stack(0x0000004a6bb00000,0x0000004a6bc00000)]
  0x0000019c2b2aaf40 JavaThread "JavaFX Application Thread" [_thread_in_native, id=4276, stack(0x0000004a6bc00000,0x0000004a6bd00000)]
  0x0000019c2bb2cd60 JavaThread "Thread-1" daemon [_thread_in_native, id=996, stack(0x0000004a6c300000,0x0000004a6c400000)]
  0x0000019c2bc8ddd0 JavaThread "JavaFX-Launcher" [_thread_blocked, id=17556, stack(0x0000004a6c400000,0x0000004a6c500000)]
  0x0000019c2c21b560 JavaThread "Prism Font Disposer" daemon [_thread_blocked, id=836, stack(0x0000004a6cc00000,0x0000004a6cd00000)]
  0x0000019c2c219d50 JavaThread "Cleaner-0" daemon [_thread_blocked, id=17956, stack(0x0000004a6b400000,0x0000004a6b500000)]
  0x0000019c2c2193b0 JavaThread "mysql-cj-abandoned-connection-cleanup" daemon [_thread_blocked, id=8084, stack(0x0000004a6d300000,0x0000004a6d400000)]
  0x0000019c2c219880 JavaThread "SIGINT handler" daemon [_thread_blocked, id=8600, stack(0x0000004a6a000000,0x0000004a6a100000)]

Other Threads:
=>0x0000019c2a46af00 VMThread "VM Thread" [stack: 0x0000004a6a900000,0x0000004a6aa00000] [id=18012]
  0x0000019c0d6f4980 GCTaskThread "GC Thread#0" [stack: 0x0000004a6a400000,0x0000004a6a500000] [id=10144]
  0x0000019c2bc9b2f0 GCTaskThread "GC Thread#1" [stack: 0x0000004a6c500000,0x0000004a6c600000] [id=9316]
  0x0000019c2bce6cb0 GCTaskThread "GC Thread#2" [stack: 0x0000004a6c600000,0x0000004a6c700000] [id=13000]
  0x0000019c2bcfb490 GCTaskThread "GC Thread#3" [stack: 0x0000004a6c700000,0x0000004a6c800000] [id=20744]
  0x0000019c2bcfb740 GCTaskThread "GC Thread#4" [stack: 0x0000004a6c800000,0x0000004a6c900000] [id=13436]
  0x0000019c2c178c00 GCTaskThread "GC Thread#5" [stack: 0x0000004a6c900000,0x0000004a6ca00000] [id=20116]
  0x0000019c2c1d46e0 GCTaskThread "GC Thread#6" [stack: 0x0000004a6ca00000,0x0000004a6cb00000] [id=17996]
  0x0000019c2c1a1890 GCTaskThread "GC Thread#7" [stack: 0x0000004a6cb00000,0x0000004a6cc00000] [id=10864]
  0x0000019c0d702710 ConcurrentGCThread "G1 Main Marker" terminated
  0x0000019c0d7038c0 ConcurrentGCThread "G1 Conc#0" [stack: 0x0000004a6a600000,0x0000004a6a700000] [id=23260]
  0x0000019c2b880050 ConcurrentGCThread "G1 Conc#1" [stack: 0x0000004a6d500000,0x0000004a6d600000] [id=23356]
  0x0000019c2a330090 ConcurrentGCThread "G1 Refine#0" terminated
  0x0000019c2a330ab0 ConcurrentGCThread "G1 Service" terminated

Threads with active compile tasks:

VM state: at safepoint (shutting down)

VM Mutex/Monitor currently owned by a thread:  ([mutex/lock_event])
[0x0000019c0d6b9a80] Threads_lock - owner thread: 0x0000019c2a46af00
[0x0000019c0d6b8d00] Heap_lock - owner thread: 0x0000019c2c219880

Heap address: 0x00000000a0e00000, size: 1522 MB, Compressed Oops mode: 32-bit

CDS archive(s) mapped at: [0x0000000800000000-0x0000000800bc0000-0x0000000800bc0000), size 12320768, SharedBaseAddress: 0x0000000800000000, ArchiveRelocationMode: 0.
Compressed class space mapped at: 0x0000000800c00000-0x0000000840c00000, reserved size: 1073741824
Narrow klass base: 0x0000000800000000, Narrow klass shift: 0, Narrow klass range: 0x100000000

GC Precious Log:
 CPUs: 8 total, 8 available
 Memory: 6082M
 Large Page Support: Disabled
 NUMA Support: Disabled
 Compressed Oops: Enabled (32-bit)
 Heap Region Size: 1M
 Heap Min Capacity: 8M
 Heap Initial Capacity: 96M
 Heap Max Capacity: 1522M
 Pre-touch: Disabled
 Parallel Workers: 8
 Concurrent Workers: 2
 Concurrent Refinement Workers: 8
 Periodic GC: Disabled

Heap:
 garbage-first heap   total 51200K, used 32554K [0x00000000a0e00000, 0x0000000100000000)
  region size 1024K, 24 young (24576K), 6 survivors (6144K)
 Metaspace       used 25838K, committed 26112K, reserved 1073152K
  class space    used 3571K, committed 3712K, reserved 1048576K

Heap Regions: E=young(eden), S=young(survivor), O=old, HS=humongous(starts), HC=humongous(continues), CS=collection set, F=free, OA=open archive, CA=closed archive, TAMS=top-at-mark-start (previous, next)
|   0|0x00000000a0e00000, 0x00000000a0f00000, 0x00000000a0f00000|100%| O|  |TAMS 0x00000000a0f00000, 0x00000000a0e00000| Untracked 
|   1|0x00000000a0f00000, 0x00000000a1000000, 0x00000000a1000000|100%|HS|  |TAMS 0x00000000a1000000, 0x00000000a0f00000| Complete 
|   2|0x00000000a1000000, 0x00000000a1100000, 0x00000000a1100000|100%| O|  |TAMS 0x00000000a1100000, 0x00000000a1000000| Untracked 
|   3|0x00000000a1100000, 0x00000000a1200000, 0x00000000a1200000|100%| O|  |TAMS 0x00000000a1200000, 0x00000000a1100000| Untracked 
|   4|0x00000000a1200000, 0x00000000a12ca800, 0x00000000a1300000| 79%| O|  |TAMS 0x00000000a12ca800, 0x00000000a1200000| Untracked 
|   5|0x00000000a1300000, 0x00000000a1400000, 0x00000000a1400000|100%|HS|  |TAMS 0x00000000a1400000, 0x00000000a1300000| Complete 
|   6|0x00000000a1400000, 0x00000000a1500000, 0x00000000a1500000|100%|HC|  |TAMS 0x00000000a1500000, 0x00000000a1400000| Complete 
|   7|0x00000000a1500000, 0x00000000a1600000, 0x00000000a1600000|100%|HS|  |TAMS 0x00000000a1600000, 0x00000000a1500000| Complete 
|   8|0x00000000a1600000, 0x00000000a1700000, 0x00000000a1700000|100%|HS|  |TAMS 0x00000000a1600000, 0x00000000a1600000| Complete 
|   9|0x00000000a1700000, 0x00000000a1700000, 0x00000000a1800000|  0%| F|  |TAMS 0x00000000a1700000, 0x00000000a1700000| Untracked 
|  10|0x00000000a1800000, 0x00000000a1800000, 0x00000000a1900000|  0%| F|  |TAMS 0x00000000a1800000, 0x00000000a1800000| Untracked 
|  11|0x00000000a1900000, 0x00000000a1900000, 0x00000000a1a00000|  0%| F|  |TAMS 0x00000000a1900000, 0x00000000a1900000| Untracked 
|  12|0x00000000a1a00000, 0x00000000a1a00000, 0x00000000a1b00000|  0%| F|  |TAMS 0x00000000a1a00000, 0x00000000a1a00000| Untracked 
|  13|0x00000000a1b00000, 0x00000000a1b00000, 0x00000000a1c00000|  0%| F|  |TAMS 0x00000000a1b00000, 0x00000000a1b00000| Untracked 
|  14|0x00000000a1c00000, 0x00000000a1c00000, 0x00000000a1d00000|  0%| F|  |TAMS 0x00000000a1c00000, 0x00000000a1c00000| Untracked 
|  15|0x00000000a1d00000, 0x00000000a1d00000, 0x00000000a1e00000|  0%| F|  |TAMS 0x00000000a1d00000, 0x00000000a1d00000| Untracked 
|  16|0x00000000a1e00000, 0x00000000a1e00000, 0x00000000a1f00000|  0%| F|  |TAMS 0x00000000a1e00000, 0x00000000a1e00000| Untracked 
|  17|0x00000000a1f00000, 0x00000000a1f00000, 0x00000000a2000000|  0%| F|  |TAMS 0x00000000a1f00000, 0x00000000a1f00000| Untracked 
|  18|0x00000000a2000000, 0x00000000a2000000, 0x00000000a2100000|  0%| F|  |TAMS 0x00000000a2000000, 0x00000000a2000000| Untracked 
|  19|0x00000000a2100000, 0x00000000a2100000, 0x00000000a2200000|  0%| F|  |TAMS 0x00000000a2100000, 0x00000000a2100000| Untracked 
|  20|0x00000000a2200000, 0x00000000a2200000, 0x00000000a2300000|  0%| F|  |TAMS 0x00000000a2200000, 0x00000000a2200000| Untracked 
|  21|0x00000000a2300000, 0x00000000a2300000, 0x00000000a2400000|  0%| F|  |TAMS 0x00000000a2300000, 0x00000000a2300000| Untracked 
|  22|0x00000000a2400000, 0x00000000a2400000, 0x00000000a2500000|  0%| F|  |TAMS 0x00000000a2400000, 0x00000000a2400000| Untracked 
|  23|0x00000000a2500000, 0x00000000a2500000, 0x00000000a2600000|  0%| F|  |TAMS 0x00000000a2500000, 0x00000000a2500000| Untracked 
|  24|0x00000000a2600000, 0x00000000a2600000, 0x00000000a2700000|  0%| F|  |TAMS 0x00000000a2600000, 0x00000000a2600000| Untracked 
|  25|0x00000000a2700000, 0x00000000a2700000, 0x00000000a2800000|  0%| F|  |TAMS 0x00000000a2700000, 0x00000000a2700000| Untracked 
|  26|0x00000000a2800000, 0x00000000a28297a0, 0x00000000a2900000| 16%| E|  |TAMS 0x00000000a2800000, 0x00000000a2800000| Complete 
|  27|0x00000000a2900000, 0x00000000a2a00000, 0x00000000a2a00000|100%| E|CS|TAMS 0x00000000a2900000, 0x00000000a2900000| Complete 
|  28|0x00000000a2a00000, 0x00000000a2b00000, 0x00000000a2b00000|100%| E|CS|TAMS 0x00000000a2a00000, 0x00000000a2a00000| Complete 
|  29|0x00000000a2b00000, 0x00000000a2c00000, 0x00000000a2c00000|100%| E|CS|TAMS 0x00000000a2b00000, 0x00000000a2b00000| Complete 
|  30|0x00000000a2c00000, 0x00000000a2d00000, 0x00000000a2d00000|100%| E|CS|TAMS 0x00000000a2c00000, 0x00000000a2c00000| Complete 
|  31|0x00000000a2d00000, 0x00000000a2e00000, 0x00000000a2e00000|100%| E|CS|TAMS 0x00000000a2d00000, 0x00000000a2d00000| Complete 
|  32|0x00000000a2e00000, 0x00000000a2f00000, 0x00000000a2f00000|100%| E|CS|TAMS 0x00000000a2e00000, 0x00000000a2e00000| Complete 
|  33|0x00000000a2f00000, 0x00000000a3000000, 0x00000000a3000000|100%| E|CS|TAMS 0x00000000a2f00000, 0x00000000a2f00000| Complete 
|  34|0x00000000a3000000, 0x00000000a3100000, 0x00000000a3100000|100%| E|CS|TAMS 0x00000000a3000000, 0x00000000a3000000| Complete 
|  35|0x00000000a3100000, 0x00000000a3200000, 0x00000000a3200000|100%| E|CS|TAMS 0x00000000a3100000, 0x00000000a3100000| Complete 
|  36|0x00000000a3200000, 0x00000000a3300000, 0x00000000a3300000|100%| E|CS|TAMS 0x00000000a3200000, 0x00000000a3200000| Complete 
|  37|0x00000000a3300000, 0x00000000a3400000, 0x00000000a3400000|100%| E|CS|TAMS 0x00000000a3300000, 0x00000000a3300000| Complete 
|  38|0x00000000a3400000, 0x00000000a3500000, 0x00000000a3500000|100%| E|CS|TAMS 0x00000000a3400000, 0x00000000a3400000| Complete 
|  39|0x00000000a3500000, 0x00000000a3600000, 0x00000000a3600000|100%| E|CS|TAMS 0x00000000a3500000, 0x00000000a3500000| Complete 
|  40|0x00000000a3600000, 0x00000000a3700000, 0x00000000a3700000|100%| E|CS|TAMS 0x00000000a3600000, 0x00000000a3600000| Complete 
|  41|0x00000000a3700000, 0x00000000a3800000, 0x00000000a3800000|100%| E|CS|TAMS 0x00000000a3700000, 0x00000000a3700000| Complete 
|  42|0x00000000a3800000, 0x00000000a3900000, 0x00000000a3900000|100%| E|CS|TAMS 0x00000000a3800000, 0x00000000a3800000| Complete 
|  70|0x00000000a5400000, 0x00000000a5500000, 0x00000000a5500000|100%| S|CS|TAMS 0x00000000a5400000, 0x00000000a5400000| Complete 
|  71|0x00000000a5500000, 0x00000000a5600000, 0x00000000a5600000|100%| S|CS|TAMS 0x00000000a5500000, 0x00000000a5500000| Complete 
|  72|0x00000000a5600000, 0x00000000a5700000, 0x00000000a5700000|100%| S|CS|TAMS 0x00000000a5600000, 0x00000000a5600000| Complete 
|  73|0x00000000a5700000, 0x00000000a5800000, 0x00000000a5800000|100%| S|CS|TAMS 0x00000000a5700000, 0x00000000a5700000| Complete 
|  74|0x00000000a5800000, 0x00000000a5900000, 0x00000000a5900000|100%| S|CS|TAMS 0x00000000a5800000, 0x00000000a5800000| Complete 
|  75|0x00000000a5900000, 0x00000000a5a00000, 0x00000000a5a00000|100%| S|CS|TAMS 0x00000000a5900000, 0x00000000a5900000| Complete 
|  95|0x00000000a6d00000, 0x00000000a6e00000, 0x00000000a6e00000|100%| E|CS|TAMS 0x00000000a6d00000, 0x00000000a6d00000| Complete 

Card table byte_map: [0x0000019c244f0000,0x0000019c247f0000] _byte_map_base: 0x0000019c23fe9000

Marking Bits (Prev, Next): (CMBitMap*) 0x0000019c0d6f4fd0, (CMBitMap*) 0x0000019c0d6f4f90
 Prev Bits: [0x0000019c262c0000, 0x0000019c27a88000)
 Next Bits: [0x0000019c24af0000, 0x0000019c262b8000)

Polling page: 0x0000019c0b5e0000

Metaspace:

Usage:
  Non-class:     21.75 MB used.
      Class:      3.49 MB used.
       Both:     25.23 MB used.

Virtual space:
  Non-class space:       24.00 MB reserved,      21.88 MB ( 91%) committed,  3 nodes.
      Class space:        1.00 GB reserved,       3.62 MB ( <1%) committed,  1 nodes.
             Both:        1.02 GB reserved,      25.50 MB (  2%) committed. 

Chunk freelists:
   Non-Class:  1.50 MB
       Class:  235.00 KB
        Both:  1.73 MB

MaxMetaspaceSize: unlimited
CompressedClassSpaceSize: 1.00 GB
Initial GC threshold: 21.00 MB
Current GC threshold: 35.31 MB
CDS: on
MetaspaceReclaimPolicy: balanced
 - commit_granule_bytes: 65536.
 - commit_granule_words: 8192.
 - virtual_space_node_default_size: 1048576.
 - enlarge_chunks_in_place: 1.
 - new_chunks_are_fully_committed: 0.
 - uncommit_free_chunks: 1.
 - use_allocation_guard: 0.
 - handle_deallocations: 1.


Internal statistics:

num_allocs_failed_limit: 3.
num_arena_births: 234.
num_arena_deaths: 0.
num_vsnodes_births: 4.
num_vsnodes_deaths: 0.
num_space_committed: 408.
num_space_uncommitted: 0.
num_chunks_returned_to_freelist: 3.
num_chunks_taken_from_freelist: 965.
num_chunk_merges: 3.
num_chunk_splits: 686.
num_chunks_enlarged: 525.
num_purges: 0.
num_inconsistent_stats: 0.

CodeHeap 'non-profiled nmethods': size=120000Kb used=1361Kb max_used=1361Kb free=118638Kb
 bounds [0x0000019c1c990000, 0x0000019c1cc00000, 0x0000019c23ec0000]
CodeHeap 'profiled nmethods': size=120000Kb used=7138Kb max_used=7138Kb free=112861Kb
 bounds [0x0000019c15460000, 0x0000019c15b60000, 0x0000019c1c990000]
CodeHeap 'non-nmethods': size=5760Kb used=1500Kb max_used=1537Kb free=4259Kb
 bounds [0x0000019c14ec0000, 0x0000019c15130000, 0x0000019c15460000]
 total_blobs=4473 nmethods=3596 adapters=787
 compilation: enabled
              stopped_count=0, restarted_count=0
 full_count=0

Compilation events (20 events):
Event: 37.722 Thread 0x0000019c2a498230 3597       3       java.util.concurrent.CopyOnWriteArrayList::isEmpty (13 bytes)
Event: 37.722 Thread 0x0000019c2a498230 nmethod 3597 0x0000019c15b53b10 code [0x0000019c15b53cc0, 0x0000019c15b53eb8]
Event: 37.729 Thread 0x0000019c2a497790 3598       4       com.sun.javafx.collections.VetoableListDecorator::get (11 bytes)
Event: 37.732 Thread 0x0000019c2a497790 nmethod 3598 0x0000019c1cae3190 code [0x0000019c1cae3320, 0x0000019c1cae3498]
Event: 37.743 Thread 0x0000019c2a498230 3599       3       javafx.scene.control.SkinBase$$Lambda$229/0x0000000800dbb370::handle (8 bytes)
Event: 37.743 Thread 0x0000019c2a498230 nmethod 3599 0x0000019c15b53f90 code [0x0000019c15b54140, 0x0000019c15b54498]
Event: 37.743 Thread 0x0000019c2a498230 3601       3       javafx.scene.Node::preprocessMouseEvent (114 bytes)
Event: 37.746 Thread 0x0000019c2a498230 nmethod 3601 0x0000019c15b54590 code [0x0000019c15b54960, 0x0000019c15b569c8]
Event: 37.746 Thread 0x0000019c2a498230 3600       3       javafx.scene.control.SkinBase::lambda$static$0 (5 bytes)
Event: 37.747 Thread 0x0000019c2a498230 nmethod 3600 0x0000019c15b57210 code [0x0000019c15b573a0, 0x0000019c15b57578]
Event: 86.536 Thread 0x0000019c2a497790 3602       4       com.sun.javafx.tk.quantum.QuantumToolkit::postPulse (133 bytes)
Event: 86.542 Thread 0x0000019c2a497790 nmethod 3602 0x0000019c1cae3690 code [0x0000019c1cae3840, 0x0000019c1cae3a78]
Event: 87.254 Thread 0x0000019c2a497790 3603       4       com.sun.javafx.tk.quantum.QuantumToolkit$$Lambda$83/0x0000000800c37050::run (8 bytes)
Event: 87.260 Thread 0x0000019c2a497790 nmethod 3603 0x0000019c1cae3d90 code [0x0000019c1cae3f60, 0x0000019c1cae4208]
Event: 139.765 Thread 0x0000019c2a498230 3604       3       jdk.internal.loader.BuiltinClassLoader::hasClassPath (13 bytes)
Event: 139.766 Thread 0x0000019c2a498230 nmethod 3604 0x0000019c15b57690 code [0x0000019c15b57820, 0x0000019c15b57998]
Event: 139.766 Thread 0x0000019c2a498230 3605       3       jdk.internal.loader.URLClassPath$JarLoader::findResource (18 bytes)
Event: 139.766 Thread 0x0000019c2a498230 nmethod 3605 0x0000019c15b57a10 code [0x0000019c15b57bc0, 0x0000019c15b57da8]
Event: 159.768 Thread 0x0000019c2a498230 3606       3       jdk.internal.module.Resources::toPackageName (39 bytes)
Event: 159.768 Thread 0x0000019c2a498230 nmethod 3606 0x0000019c15b57e90 code [0x0000019c15b580c0, 0x0000019c15b58738]

GC Heap History (6 events):
Event: 1.389 GC heap before
{Heap before GC invocations=0 (full 0):
 garbage-first heap   total 98304K, used 22528K [0x00000000a0e00000, 0x0000000100000000)
  region size 1024K, 23 young (23552K), 0 survivors (0K)
 Metaspace       used 6294K, committed 6528K, reserved 1056768K
  class space    used 720K, committed 832K, reserved 1048576K
}
Event: 1.396 GC heap after
{Heap after GC invocations=1 (full 0):
 garbage-first heap   total 98304K, used 3983K [0x00000000a0e00000, 0x0000000100000000)
  region size 1024K, 3 young (3072K), 3 survivors (3072K)
 Metaspace       used 6294K, committed 6528K, reserved 1056768K
  class space    used 720K, committed 832K, reserved 1048576K
}
Event: 2.562 GC heap before
{Heap before GC invocations=1 (full 0):
 garbage-first heap   total 98304K, used 36751K [0x00000000a0e00000, 0x0000000100000000)
  region size 1024K, 34 young (34816K), 3 survivors (3072K)
 Metaspace       used 13683K, committed 13952K, reserved 1064960K
  class space    used 2038K, committed 2176K, reserved 1048576K
}
Event: 2.571 GC heap after
{Heap after GC invocations=2 (full 0):
 garbage-first heap   total 98304K, used 8127K [0x00000000a0e00000, 0x0000000100000000)
  region size 1024K, 4 young (4096K), 4 survivors (4096K)
 Metaspace       used 13683K, committed 13952K, reserved 1064960K
  class space    used 2038K, committed 2176K, reserved 1048576K
}
Event: 15.275 GC heap before
{Heap before GC invocations=2 (full 0):
 garbage-first heap   total 98304K, used 30655K [0x00000000a0e00000, 0x0000000100000000)
  region size 1024K, 24 young (24576K), 4 survivors (4096K)
 Metaspace       used 21287K, committed 21504K, reserved 1073152K
  class space    used 2872K, committed 3008K, reserved 1048576K
}
Event: 15.283 GC heap after
{Heap after GC invocations=3 (full 0):
 garbage-first heap   total 98304K, used 14122K [0x00000000a0e00000, 0x0000000100000000)
  region size 1024K, 6 young (6144K), 6 survivors (6144K)
 Metaspace       used 21287K, committed 21504K, reserved 1073152K
  class space    used 2872K, committed 3008K, reserved 1048576K
}

Deoptimization events (20 events):
Event: 15.419 Thread 0x0000019c2b2aaf40 DEOPT PACKING pc=0x0000019c1ca90c24 sp=0x0000004a6bcf9bf0
Event: 15.419 Thread 0x0000019c2b2aaf40 DEOPT UNPACKING pc=0x0000019c14f123a3 sp=0x0000004a6bcf9b90 mode 2
Event: 15.421 Thread 0x0000019c2b2aaf40 Uncommon trap: trap_request=0xffffffde fr.pc=0x0000019c1ca90c24 relative=0x0000000000000404
Event: 15.421 Thread 0x0000019c2b2aaf40 Uncommon trap: reason=class_check action=maybe_recompile pc=0x0000019c1ca90c24 method=java.util.HashMap.putVal(ILjava/lang/Object;Ljava/lang/Object;ZZ)Ljava/lang/Object; @ 253 c2
Event: 15.421 Thread 0x0000019c2b2aaf40 DEOPT PACKING pc=0x0000019c1ca90c24 sp=0x0000004a6bcf9bf0
Event: 15.421 Thread 0x0000019c2b2aaf40 DEOPT UNPACKING pc=0x0000019c14f123a3 sp=0x0000004a6bcf9b90 mode 2
Event: 15.576 Thread 0x0000019c2b2aaf40 Uncommon trap: trap_request=0xffffff45 fr.pc=0x0000019c1caae1cc relative=0x000000000000022c
Event: 15.576 Thread 0x0000019c2b2aaf40 Uncommon trap: reason=unstable_if action=reinterpret pc=0x0000019c1caae1cc method=java.util.regex.Matcher.reset()Ljava/util/regex/Matcher; @ 71 c2
Event: 15.576 Thread 0x0000019c2b2aaf40 DEOPT PACKING pc=0x0000019c1caae1cc sp=0x0000004a6bcfa920
Event: 15.576 Thread 0x0000019c2b2aaf40 DEOPT UNPACKING pc=0x0000019c14f123a3 sp=0x0000004a6bcfa8a8 mode 2
Event: 16.423 Thread 0x0000019c2c41c210 DEOPT PACKING pc=0x0000019c158b5f5a sp=0x0000004a6b5fde60
Event: 16.423 Thread 0x0000019c2c41c210 DEOPT UNPACKING pc=0x0000019c14f12b43 sp=0x0000004a6b5fd298 mode 0
Event: 16.441 Thread 0x0000019c2c41c210 Uncommon trap: trap_request=0xffffff45 fr.pc=0x0000019c1cad4bdc relative=0x00000000000001bc
Event: 16.441 Thread 0x0000019c2c41c210 Uncommon trap: reason=unstable_if action=reinterpret pc=0x0000019c1cad4bdc method=java.util.WeakHashMap.matchesKey(Ljava/util/WeakHashMap$Entry;Ljava/lang/Object;)Z @ 5 c2
Event: 16.441 Thread 0x0000019c2c41c210 DEOPT PACKING pc=0x0000019c1cad4bdc sp=0x0000004a6b5fd400
Event: 16.441 Thread 0x0000019c2c41c210 DEOPT UNPACKING pc=0x0000019c14f123a3 sp=0x0000004a6b5fd320 mode 2
Event: 19.850 Thread 0x0000019c2b2aaf40 Uncommon trap: trap_request=0xffffff45 fr.pc=0x0000019c1ca09314 relative=0x0000000000000fd4
Event: 19.850 Thread 0x0000019c2b2aaf40 Uncommon trap: reason=unstable_if action=reinterpret pc=0x0000019c1ca09314 method=java.util.concurrent.ConcurrentHashMap.putVal(Ljava/lang/Object;Ljava/lang/Object;Z)Ljava/lang/Object; @ 231 c2
Event: 19.850 Thread 0x0000019c2b2aaf40 DEOPT PACKING pc=0x0000019c1ca09314 sp=0x0000004a6bcf8510
Event: 19.850 Thread 0x0000019c2b2aaf40 DEOPT UNPACKING pc=0x0000019c14f123a3 sp=0x0000004a6bcf8480 mode 2

Classes unloaded (0 events):
No events

Classes redefined (0 events):
No events

Internal exceptions (20 events):
Event: 2.602 Thread 0x0000019c2b2aaf40 Exception <a 'java/lang/NoSuchMethodError'{0x00000000a6d43010}: 'java.lang.Object java.lang.invoke.DirectMethodHandle$Holder.newInvokeSpecial(java.lang.Object, java.lang.Object, long)'> (0x00000000a6d43010) 
thrown [t:\workspace\open\src\hotspot\share\interpreter\linkResolver.cpp, line 766]
Event: 2.604 Thread 0x0000019c2b2aaf40 Exception <a 'java/lang/NoSuchMethodError'{0x00000000a6d46b80}: 'java.lang.Object java.lang.invoke.Invokers$Holder.linkToTargetMethod(java.lang.Object, long, java.lang.Object)'> (0x00000000a6d46b80) 
thrown [t:\workspace\open\src\hotspot\share\interpreter\linkResolver.cpp, line 766]
Event: 14.748 Thread 0x0000019c2b2aaf40 Exception <a 'sun/nio/fs/WindowsException'{0x00000000a6565280}> (0x00000000a6565280) 
thrown [t:\workspace\open\src\hotspot\share\prims\jni.cpp, line 516]
Event: 14.771 Thread 0x0000019c2b2aaf40 Exception <a 'java/lang/NoSuchMethodError'{0x00000000a6434b78}: 'java.lang.Object java.lang.invoke.DirectMethodHandle$Holder.invokeInterface(java.lang.Object, java.lang.Object)'> (0x00000000a6434b78) 
thrown [t:\workspace\open\src\hotspot\share\interpreter\linkResolver.cpp, line 766]
Event: 14.778 Thread 0x0000019c2b2aaf40 Exception <a 'sun/nio/fs/WindowsException'{0x00000000a643f5c0}> (0x00000000a643f5c0) 
thrown [t:\workspace\open\src\hotspot\share\prims\jni.cpp, line 516]
Event: 14.780 Thread 0x0000019c2b2aaf40 Exception <a 'sun/nio/fs/WindowsException'{0x00000000a6442fb0}> (0x00000000a6442fb0) 
thrown [t:\workspace\open\src\hotspot\share\prims\jni.cpp, line 516]
Event: 14.801 Thread 0x0000019c2b2aaf40 Exception <a 'sun/nio/fs/WindowsException'{0x00000000a649efc0}> (0x00000000a649efc0) 
thrown [t:\workspace\open\src\hotspot\share\prims\jni.cpp, line 516]
Event: 14.802 Thread 0x0000019c2b2aaf40 Exception <a 'sun/nio/fs/WindowsException'{0x00000000a64a3c48}> (0x00000000a64a3c48) 
thrown [t:\workspace\open\src\hotspot\share\prims\jni.cpp, line 516]
Event: 14.808 Thread 0x0000019c2b2aaf40 Exception <a 'java/lang/NoSuchMethodError'{0x00000000a64b6cd8}: 'java.lang.Object java.lang.invoke.DirectMethodHandle$Holder.invokeVirtual(java.lang.Object, java.lang.Object, java.lang.Object)'> (0x00000000a64b6cd8) 
thrown [t:\workspace\open\src\hotspot\share\interpreter\linkResolver.cpp, line 766]
Event: 14.985 Thread 0x0000019c2b2aaf40 Exception <a 'sun/nio/fs/WindowsException'{0x00000000a5f40f98}> (0x00000000a5f40f98) 
thrown [t:\workspace\open\src\hotspot\share\prims\jni.cpp, line 516]
Event: 15.034 Thread 0x0000019c2b2aaf40 Exception <a 'sun/nio/fs/WindowsException'{0x00000000a5e21360}> (0x00000000a5e21360) 
thrown [t:\workspace\open\src\hotspot\share\prims\jni.cpp, line 516]
Event: 15.041 Thread 0x0000019c2b2aaf40 Exception <a 'sun/nio/fs/WindowsException'{0x00000000a5e35ba8}> (0x00000000a5e35ba8) 
thrown [t:\workspace\open\src\hotspot\share\prims\jni.cpp, line 516]
Event: 15.049 Thread 0x0000019c2b2aaf40 Exception <a 'java/lang/NoSuchMethodError'{0x00000000a5e420a0}: 'int java.lang.invoke.DirectMethodHandle$Holder.invokeStatic(java.lang.Object, java.lang.Object, java.lang.Object, java.lang.Object)'> (0x00000000a5e420a0) 
thrown [t:\workspace\open\src\hotspot\share\interpreter\linkResolver.cpp, line 766]
Event: 15.049 Thread 0x0000019c2b2aaf40 Exception <a 'java/lang/NoSuchMethodError'{0x00000000a5e460a0}: 'int java.lang.invoke.DirectMethodHandle$Holder.invokeStaticInit(java.lang.Object, java.lang.Object, java.lang.Object, java.lang.Object)'> (0x00000000a5e460a0) 
thrown [t:\workspace\open\src\hotspot\share\interpreter\linkResolver.cpp, line 766]
Event: 15.051 Thread 0x0000019c2b2aaf40 Exception <a 'java/lang/IncompatibleClassChangeError'{0x00000000a5e4fa78}: Found class java.lang.Object, but interface was expected> (0x00000000a5e4fa78) 
thrown [t:\workspace\open\src\hotspot\share\interpreter\linkResolver.cpp, line 833]
Event: 15.109 Thread 0x0000019c2b2aaf40 Exception <a 'java/lang/NoSuchMethodError'{0x00000000a5c4ad48}: 'java.lang.Object java.lang.invoke.DirectMethodHandle$Holder.invokeStaticInit(java.lang.Object, int, int, int, int)'> (0x00000000a5c4ad48) 
thrown [t:\workspace\open\src\hotspot\share\interpreter\linkResolver.cpp, line 766]
Event: 15.153 Thread 0x0000019c2b2aaf40 Exception <a 'java/lang/NoSuchMethodError'{0x00000000a5ca8838}: 'java.lang.Object java.lang.invoke.DirectMethodHandle$Holder.invokeStaticInit(java.lang.Object, java.lang.Object, int, int, int, int)'> (0x00000000a5ca8838) 
thrown [t:\workspace\open\src\hotspot\share\interpreter\linkResolver.cpp, line 766]
Event: 16.076 Thread 0x0000019c2b2aaf40 Exception <a 'java/lang/NoSuchMethodError'{0x00000000a2ee5f28}: 'void java.lang.invoke.DirectMethodHandle$Holder.invokeSpecialIFC(java.lang.Object, java.lang.Object, java.lang.Object, java.lang.Object)'> (0x00000000a2ee5f28) 
thrown [t:\workspace\open\src\hotspot\share\interpreter\linkResolver.cpp, line 766]
Event: 16.149 Thread 0x0000019c2b2aaf40 Exception <a 'java/lang/NoSuchMethodError'{0x00000000a2df9ea8}: 'int java.lang.invoke.DirectMethodHandle$Holder.invokeSpecial(java.lang.Object, java.lang.Object, int)'> (0x00000000a2df9ea8) 
thrown [t:\workspace\open\src\hotspot\share\interpreter\linkResolver.cpp, line 766]
Event: 20.058 Thread 0x0000019c2b2aaf40 Exception <a 'java/lang/NoSuchMethodError'{0x00000000a290e930}: static Lmwarehouse/warehouse/entity/Product;.<clinit>()V> (0x00000000a290e930) 
thrown [t:\workspace\open\src\hotspot\share\prims\jni.cpp, line 1107]

VM Operations (20 events):
Event: 15.296 Executing VM operation: G1Concurrent done
Event: 15.298 Executing VM operation: G1Concurrent
Event: 15.310 Executing VM operation: G1Concurrent done
Event: 15.363 Executing VM operation: HandshakeAllThreads
Event: 15.363 Executing VM operation: HandshakeAllThreads done
Event: 15.771 Executing VM operation: HandshakeAllThreads
Event: 15.772 Executing VM operation: HandshakeAllThreads done
Event: 15.779 Executing VM operation: HandshakeAllThreads
Event: 15.779 Executing VM operation: HandshakeAllThreads done
Event: 16.286 Executing VM operation: ICBufferFull
Event: 16.286 Executing VM operation: ICBufferFull done
Event: 18.286 Executing VM operation: Cleanup
Event: 18.286 Executing VM operation: Cleanup done
Event: 19.287 Executing VM operation: Cleanup
Event: 19.287 Executing VM operation: Cleanup done
Event: 20.287 Executing VM operation: Cleanup
Event: 20.287 Executing VM operation: Cleanup done
Event: 38.294 Executing VM operation: Cleanup
Event: 38.294 Executing VM operation: Cleanup done
Event: 248.617 Executing VM operation: Exit

Events (20 events):
Event: 20.048 loading class java/io/SerialCallbackContext
Event: 20.048 loading class java/io/SerialCallbackContext done
Event: 20.056 loading class java/io/ObjectStreamClass$1
Event: 20.057 loading class java/io/ObjectStreamClass$1 done
Event: 20.057 loading class java/io/ObjectStreamClass$MemberSignature
Event: 20.057 loading class java/io/ObjectStreamClass$MemberSignature done
Event: 20.057 loading class java/io/ObjectStreamClass$3
Event: 20.057 loading class java/io/ObjectStreamClass$3 done
Event: 20.058 loading class java/io/ObjectStreamClass$4
Event: 20.059 loading class java/io/ObjectStreamClass$4 done
Event: 20.059 loading class java/io/ObjectStreamClass$5
Event: 20.059 loading class java/io/ObjectStreamClass$5 done
Event: 248.612 loading class jdk/internal/misc/Signal$1
Event: 248.612 loading class jdk/internal/misc/Signal$1 done
Event: 248.612 Thread 0x0000019c2c219880 Thread added: 0x0000019c2c219880
Event: 248.613 Thread 0x0000019c2c21ba30 Thread added: 0x0000019c2c21ba30
Event: 248.614 Thread 0x0000019c2c21a220 Thread added: 0x0000019c2c21a220
Event: 248.614 Thread 0x0000019c2c21ba30 Thread exited: 0x0000019c2c21ba30
Event: 248.617 Thread 0x0000019c2c21a220 Thread exited: 0x0000019c2c21a220
Event: 248.617 Thread 0x0000019c2a4864c0 Thread exited: 0x0000019c2a4864c0


Dynamic libraries:
0x00007ff76adb0000 - 0x00007ff76adbe000 	C:\Users\kondr\.jdks\openjdk-17\bin\java.exe
0x00007ffe8dd90000 - 0x00007ffe8df85000 	C:\Windows\SYSTEM32\ntdll.dll
0x00007ffe8d030000 - 0x00007ffe8d0ee000 	C:\Windows\System32\KERNEL32.DLL
0x00007ffe8b850000 - 0x00007ffe8bb18000 	C:\Windows\System32\KERNELBASE.dll
0x00007ffe8b5c0000 - 0x00007ffe8b6c0000 	C:\Windows\System32\ucrtbase.dll
0x00007ffe7dc80000 - 0x00007ffe7dc98000 	C:\Users\kondr\.jdks\openjdk-17\bin\jli.dll
0x00007ffe82550000 - 0x00007ffe8256a000 	C:\Users\kondr\.jdks\openjdk-17\bin\VCRUNTIME140.dll
0x00007ffe8db10000 - 0x00007ffe8dcb1000 	C:\Windows\System32\USER32.dll
0x00007ffe79ef0000 - 0x00007ffe7a18a000 	C:\Windows\WinSxS\amd64_microsoft.windows.common-controls_6595b64144ccf1df_6.0.19041.1110_none_60b5254171f9507e\COMCTL32.dll
0x00007ffe8bdb0000 - 0x00007ffe8bdd2000 	C:\Windows\System32\win32u.dll
0x00007ffe8c100000 - 0x00007ffe8c19e000 	C:\Windows\System32\msvcrt.dll
0x00007ffe8d2c0000 - 0x00007ffe8d2eb000 	C:\Windows\System32\GDI32.dll
0x00007ffe8b4b0000 - 0x00007ffe8b5bb000 	C:\Windows\System32\gdi32full.dll
0x00007ffe8bd10000 - 0x00007ffe8bdad000 	C:\Windows\System32\msvcp_win.dll
0x00007ffe8d000000 - 0x00007ffe8d030000 	C:\Windows\System32\IMM32.DLL
0x00007ffe82630000 - 0x00007ffe8263c000 	C:\Users\kondr\.jdks\openjdk-17\bin\vcruntime140_1.dll
0x00007ffe7cfd0000 - 0x00007ffe7d05d000 	C:\Users\kondr\.jdks\openjdk-17\bin\msvcp140.dll
0x00007ffe517c0000 - 0x00007ffe5237e000 	C:\Users\kondr\.jdks\openjdk-17\bin\server\jvm.dll
0x00007ffe8c840000 - 0x00007ffe8c8ec000 	C:\Windows\System32\ADVAPI32.dll
0x00007ffe8bde0000 - 0x00007ffe8be7b000 	C:\Windows\System32\sechost.dll
0x00007ffe8c290000 - 0x00007ffe8c3ba000 	C:\Windows\System32\RPCRT4.dll
0x00007ffe8dd40000 - 0x00007ffe8dd48000 	C:\Windows\System32\PSAPI.DLL
0x00007ffe85430000 - 0x00007ffe85439000 	C:\Windows\SYSTEM32\WSOCK32.dll
0x00007ffe8cf10000 - 0x00007ffe8cf7b000 	C:\Windows\System32\WS2_32.dll
0x00007ffe80610000 - 0x00007ffe80637000 	C:\Windows\SYSTEM32\WINMM.dll
0x00007ffe80640000 - 0x00007ffe8064a000 	C:\Windows\SYSTEM32\VERSION.dll
0x00007ffe89d60000 - 0x00007ffe89d72000 	C:\Windows\SYSTEM32\kernel.appcore.dll
0x00007ffe7e660000 - 0x00007ffe7e66a000 	C:\Users\kondr\.jdks\openjdk-17\bin\jimage.dll
0x00007ffe88910000 - 0x00007ffe88af4000 	C:\Windows\SYSTEM32\DBGHELP.DLL
0x00007ffe78570000 - 0x00007ffe7859c000 	C:\Windows\SYSTEM32\dbgcore.DLL
0x00007ffe8bb20000 - 0x00007ffe8bba3000 	C:\Windows\System32\bcryptPrimitives.dll
0x00007ffe79b70000 - 0x00007ffe79b7e000 	C:\Users\kondr\.jdks\openjdk-17\bin\instrument.dll
0x00007ffe7dc50000 - 0x00007ffe7dc75000 	C:\Users\kondr\.jdks\openjdk-17\bin\java.dll
0x00007ffe6b370000 - 0x00007ffe6b446000 	C:\Users\kondr\.jdks\openjdk-17\bin\svml.dll
0x00007ffe8d2f0000 - 0x00007ffe8da2f000 	C:\Windows\System32\SHELL32.dll
0x00007ffe89590000 - 0x00007ffe89d20000 	C:\Windows\SYSTEM32\windows.storage.dll
0x00007ffe8c3c0000 - 0x00007ffe8c715000 	C:\Windows\System32\combase.dll
0x00007ffe8ae30000 - 0x00007ffe8ae5e000 	C:\Windows\SYSTEM32\Wldp.dll
0x00007ffe8d1b0000 - 0x00007ffe8d25d000 	C:\Windows\System32\SHCORE.dll
0x00007ffe8d260000 - 0x00007ffe8d2b5000 	C:\Windows\System32\shlwapi.dll
0x00007ffe8b3f0000 - 0x00007ffe8b40f000 	C:\Windows\SYSTEM32\profapi.dll
0x00007ffe7d400000 - 0x00007ffe7d419000 	C:\Users\kondr\.jdks\openjdk-17\bin\net.dll
0x00007ffe7b500000 - 0x00007ffe7b60c000 	C:\Windows\SYSTEM32\WINHTTP.dll
0x00007ffe8ab90000 - 0x00007ffe8abfa000 	C:\Windows\system32\mswsock.dll
0x00007ffe7d300000 - 0x00007ffe7d315000 	C:\Users\kondr\.jdks\openjdk-17\bin\nio.dll
0x00007ffe7a1f0000 - 0x00007ffe7a208000 	C:\Users\kondr\.jdks\openjdk-17\bin\zip.dll
0x00007ffe708f0000 - 0x00007ffe7090a000 	D:\Prog BSUIR\IntelliJ idea\IntelliJ IDEA 2021.2.1\bin\breakgen64.dll
0x0000019c0d690000 - 0x0000019c0d693000 	C:\Users\kondr\.openjfx\cache\17-ea\api-ms-win-core-console-l1-1-0.dll
0x0000019c2a630000 - 0x0000019c2a633000 	C:\Users\kondr\.openjfx\cache\17-ea\api-ms-win-core-console-l1-2-0.dll
0x0000019c2a640000 - 0x0000019c2a643000 	C:\Users\kondr\.openjfx\cache\17-ea\api-ms-win-core-datetime-l1-1-0.dll
0x0000019c2a650000 - 0x0000019c2a653000 	C:\Users\kondr\.openjfx\cache\17-ea\api-ms-win-core-debug-l1-1-0.dll
0x0000019c2a660000 - 0x0000019c2a663000 	C:\Users\kondr\.openjfx\cache\17-ea\api-ms-win-core-errorhandling-l1-1-0.dll
0x0000019c2a670000 - 0x0000019c2a674000 	C:\Users\kondr\.openjfx\cache\17-ea\api-ms-win-core-file-l1-1-0.dll
0x0000019c2a680000 - 0x0000019c2a683000 	C:\Users\kondr\.openjfx\cache\17-ea\api-ms-win-core-file-l1-2-0.dll
0x0000019c2a690000 - 0x0000019c2a693000 	C:\Users\kondr\.openjfx\cache\17-ea\api-ms-win-core-file-l2-1-0.dll
0x0000019c2a6a0000 - 0x0000019c2a6a3000 	C:\Users\kondr\.openjfx\cache\17-ea\api-ms-win-core-handle-l1-1-0.dll
0x0000019c2a6b0000 - 0x0000019c2a6b3000 	C:\Users\kondr\.openjfx\cache\17-ea\api-ms-win-core-heap-l1-1-0.dll
0x0000019c2a6c0000 - 0x0000019c2a6c3000 	C:\Users\kondr\.openjfx\cache\17-ea\api-ms-win-core-interlocked-l1-1-0.dll
0x0000019c2a6d0000 - 0x0000019c2a6d3000 	C:\Users\kondr\.openjfx\cache\17-ea\api-ms-win-core-libraryloader-l1-1-0.dll
0x0000019c2a6e0000 - 0x0000019c2a6e3000 	C:\Users\kondr\.openjfx\cache\17-ea\api-ms-win-core-localization-l1-2-0.dll
0x0000019c2a6f0000 - 0x0000019c2a6f3000 	C:\Users\kondr\.openjfx\cache\17-ea\api-ms-win-core-memory-l1-1-0.dll
0x0000019c2a700000 - 0x0000019c2a703000 	C:\Users\kondr\.openjfx\cache\17-ea\api-ms-win-core-namedpipe-l1-1-0.dll
0x0000019c2a710000 - 0x0000019c2a713000 	C:\Users\kondr\.openjfx\cache\17-ea\api-ms-win-core-processenvironment-l1-1-0.dll
0x0000019c2a720000 - 0x0000019c2a723000 	C:\Users\kondr\.openjfx\cache\17-ea\api-ms-win-core-processthreads-l1-1-0.dll
0x0000019c2a730000 - 0x0000019c2a733000 	C:\Users\kondr\.openjfx\cache\17-ea\api-ms-win-core-processthreads-l1-1-1.dll
0x0000019c2a740000 - 0x0000019c2a743000 	C:\Users\kondr\.openjfx\cache\17-ea\api-ms-win-core-profile-l1-1-0.dll
0x0000019c2a750000 - 0x0000019c2a753000 	C:\Users\kondr\.openjfx\cache\17-ea\api-ms-win-core-rtlsupport-l1-1-0.dll
0x0000019c2a760000 - 0x0000019c2a763000 	C:\Users\kondr\.openjfx\cache\17-ea\api-ms-win-core-string-l1-1-0.dll
0x0000019c2a770000 - 0x0000019c2a773000 	C:\Users\kondr\.openjfx\cache\17-ea\api-ms-win-core-synch-l1-1-0.dll
0x0000019c2a780000 - 0x0000019c2a783000 	C:\Users\kondr\.openjfx\cache\17-ea\api-ms-win-core-synch-l1-2-0.dll
0x0000019c2a790000 - 0x0000019c2a793000 	C:\Users\kondr\.openjfx\cache\17-ea\api-ms-win-core-sysinfo-l1-1-0.dll
0x0000019c2a7a0000 - 0x0000019c2a7a3000 	C:\Users\kondr\.openjfx\cache\17-ea\api-ms-win-core-timezone-l1-1-0.dll
0x0000019c2a7b0000 - 0x0000019c2a7b3000 	C:\Users\kondr\.openjfx\cache\17-ea\api-ms-win-core-util-l1-1-0.dll
0x0000019c2a7c0000 - 0x0000019c2a7c3000 	C:\Users\kondr\.openjfx\cache\17-ea\api-ms-win-crt-conio-l1-1-0.dll
0x0000019c2a7d0000 - 0x0000019c2a7d4000 	C:\Users\kondr\.openjfx\cache\17-ea\api-ms-win-crt-convert-l1-1-0.dll
0x0000019c2a7e0000 - 0x0000019c2a7e3000 	C:\Users\kondr\.openjfx\cache\17-ea\api-ms-win-crt-environment-l1-1-0.dll
0x0000019c2a7f0000 - 0x0000019c2a7f3000 	C:\Users\kondr\.openjfx\cache\17-ea\api-ms-win-crt-filesystem-l1-1-0.dll
0x0000019c2cd00000 - 0x0000019c2cd03000 	C:\Users\kondr\.openjfx\cache\17-ea\api-ms-win-crt-heap-l1-1-0.dll
0x0000019c2cd10000 - 0x0000019c2cd13000 	C:\Users\kondr\.openjfx\cache\17-ea\api-ms-win-crt-locale-l1-1-0.dll
0x0000019c2cd20000 - 0x0000019c2cd25000 	C:\Users\kondr\.openjfx\cache\17-ea\api-ms-win-crt-math-l1-1-0.dll
0x0000019c2cd30000 - 0x0000019c2cd35000 	C:\Users\kondr\.openjfx\cache\17-ea\api-ms-win-crt-multibyte-l1-1-0.dll
0x0000019c2ccf0000 - 0x0000019c2cd00000 	C:\Users\kondr\.openjfx\cache\17-ea\api-ms-win-crt-private-l1-1-0.dll
0x0000019c2ce70000 - 0x0000019c2ce73000 	C:\Users\kondr\.openjfx\cache\17-ea\api-ms-win-crt-process-l1-1-0.dll
0x0000019c2ce80000 - 0x0000019c2ce84000 	C:\Users\kondr\.openjfx\cache\17-ea\api-ms-win-crt-runtime-l1-1-0.dll
0x0000019c2ce90000 - 0x0000019c2ce94000 	C:\Users\kondr\.openjfx\cache\17-ea\api-ms-win-crt-stdio-l1-1-0.dll
0x0000019c2cea0000 - 0x0000019c2cea4000 	C:\Users\kondr\.openjfx\cache\17-ea\api-ms-win-crt-string-l1-1-0.dll
0x0000019c2ceb0000 - 0x0000019c2ceb3000 	C:\Users\kondr\.openjfx\cache\17-ea\api-ms-win-crt-time-l1-1-0.dll
0x0000019c2cec0000 - 0x0000019c2cec3000 	C:\Users\kondr\.openjfx\cache\17-ea\api-ms-win-crt-utility-l1-1-0.dll
0x00007ffe5f4c0000 - 0x00007ffe5f5bc000 	C:\Users\kondr\.openjfx\cache\17-ea\ucrtbase.dll
0x00007ffe79b50000 - 0x00007ffe79b6a000 	C:\Users\kondr\.openjfx\cache\17-ea\vcruntime140.dll
0x00007ffe79b80000 - 0x00007ffe79b8c000 	C:\Users\kondr\.openjfx\cache\17-ea\vcruntime140_1.dll
0x00007ffe58fa0000 - 0x00007ffe5902d000 	C:\Users\kondr\.openjfx\cache\17-ea\msvcp140.dll
0x00007ffe6afc0000 - 0x00007ffe6afe7000 	C:\Users\kondr\.openjfx\cache\17-ea\prism_d3d.dll
0x00007ffe4b180000 - 0x00007ffe4b34e000 	C:\Windows\system32\d3d9.dll
0x00007ffe88d60000 - 0x00007ffe88d8f000 	C:\Windows\SYSTEM32\dwmapi.dll
0x00007ffe88b50000 - 0x00007ffe88bee000 	C:\Windows\system32\uxtheme.dll
0x00007ffe80650000 - 0x00007ffe8082b000 	C:\Windows\System32\DriverStore\FileRepository\u0361456.inf_amd64_23e88333e0901bd6\B358570\aticfx64.dll
0x00007ffe64ff0000 - 0x00007ffe65023000 	C:\Windows\System32\DriverStore\FileRepository\u0361456.inf_amd64_23e88333e0901bd6\B358570\atiu9p64.dll
0x00007ffe50b20000 - 0x00007ffe517b6000 	C:\Windows\System32\DriverStore\FileRepository\u0361456.inf_amd64_23e88333e0901bd6\B358570\atiumd64.dll
0x00007ffe8c8f0000 - 0x00007ffe8ca1a000 	C:\Windows\System32\ole32.dll
0x0000000076f30000 - 0x0000000077da9000 	C:\Windows\System32\DriverStore\FileRepository\u0361456.inf_amd64_23e88333e0901bd6\B358570\atiumd6a.dll
0x00007ffe8b320000 - 0x00007ffe8b36b000 	C:\Windows\SYSTEM32\POWRPROF.dll
0x00007ffe8b300000 - 0x00007ffe8b312000 	C:\Windows\SYSTEM32\UMPDC.dll
0x00007ffe7dd00000 - 0x00007ffe7dd2f000 	C:\Windows\SYSTEM32\amdihk64.dll
0x00007ffe59890000 - 0x00007ffe598d2000 	C:\Users\kondr\.openjfx\cache\17-ea\glass.dll
0x00007ffe8da30000 - 0x00007ffe8db0a000 	C:\Windows\System32\COMDLG32.dll
0x00007ffe8be80000 - 0x00007ffe8bf4d000 	C:\Windows\System32\OLEAUT32.dll
0x00007ffe8c720000 - 0x00007ffe8c835000 	C:\Windows\System32\MSCTF.dll
0x00007ffe85c10000 - 0x00007ffe85c4b000 	C:\Windows\SYSTEM32\dxcore.dll
0x00007ffe8bc10000 - 0x00007ffe8bc5e000 	C:\Windows\System32\cfgmgr32.dll
0x00007ffe708c0000 - 0x00007ffe708d4000 	C:\Users\kondr\.openjfx\cache\17-ea\javafx_font.dll
0x00007ffe6ab30000 - 0x00007ffe6adb3000 	C:\Windows\SYSTEM32\dwrite.dll
0x00007ffe8d0f0000 - 0x00007ffe8d199000 	C:\Windows\System32\clbcatq.dll
0x00007ffe83740000 - 0x00007ffe838f4000 	C:\Windows\SYSTEM32\WindowsCodecs.dll
0x00007ffe8b820000 - 0x00007ffe8b847000 	C:\Windows\System32\bcrypt.dll
0x00007ffe79a80000 - 0x00007ffe79abe000 	C:\Windows\system32\dataexchange.dll
0x00007ffe86b30000 - 0x00007ffe86d94000 	C:\Windows\system32\d3d11.dll
0x00007ffe87a60000 - 0x00007ffe87c45000 	C:\Windows\system32\dcomp.dll
0x00007ffe89da0000 - 0x00007ffe89e94000 	C:\Windows\system32\dxgi.dll
0x00007ffe83c20000 - 0x00007ffe83e21000 	C:\Windows\system32\twinapi.appcore.dll
0x00007ffe5f360000 - 0x00007ffe5f394000 	C:\Program Files\Common Files\Microsoft Shared\Ink\rtscom.dll
0x00007ffe7de90000 - 0x00007ffe7df89000 	C:\Windows\SYSTEM32\textinputframework.dll
0x00007ffe87fd0000 - 0x00007ffe8832e000 	C:\Windows\System32\CoreUIComponents.dll
0x00007ffe88330000 - 0x00007ffe88422000 	C:\Windows\System32\CoreMessaging.dll
0x00007ffe8a1a0000 - 0x00007ffe8a1d3000 	C:\Windows\SYSTEM32\ntmarta.dll
0x00007ffe87900000 - 0x00007ffe87a54000 	C:\Windows\SYSTEM32\wintypes.dll
0x00007ffe87340000 - 0x00007ffe87900000 	C:\Windows\SYSTEM32\d2d1.dll
0x00007ffe80960000 - 0x00007ffe81056000 	C:\Windows\SYSTEM32\D3D10Warp.dll

dbghelp: loaded successfully - version: 4.0.5 - missing functions: none
symbol engine: initialized successfully - sym options: 0x614 - pdb path: .;C:\Users\kondr\.jdks\openjdk-17\bin;C:\Windows\SYSTEM32;C:\Windows\WinSxS\amd64_microsoft.windows.common-controls_6595b64144ccf1df_6.0.19041.1110_none_60b5254171f9507e;C:\Users\kondr\.jdks\openjdk-17\bin\server;D:\Prog BSUIR\IntelliJ idea\IntelliJ IDEA 2021.2.1\bin;C:\Users\kondr\.openjfx\cache\17-ea;C:\Windows\System32\DriverStore\FileRepository\u0361456.inf_amd64_23e88333e0901bd6\B358570;C:\Program Files\Common Files\Microsoft Shared\Ink

VM Arguments:
jvm_args: -javaagent:D:\Prog BSUIR\IntelliJ idea\IntelliJ IDEA 2021.2.1\lib\idea_rt.jar=57819:D:\Prog BSUIR\IntelliJ idea\IntelliJ IDEA 2021.2.1\bin -Dfile.encoding=UTF-8 --module-path=C:\Users\kondr\.m2\repository\org\openjfx\javafx-controls\17-ea+11\javafx-controls-17-ea+11-win.jar;C:\Users\kondr\.m2\repository\org\openjfx\javafx-graphics\17-ea+11\javafx-graphics-17-ea+11-win.jar;C:\Users\kondr\.m2\repository\org\openjfx\javafx-base\17-ea+11\javafx-base-17-ea+11-win.jar;D:\BSUIR\3rd year\5 semestr\Ďđîă_ŃĎ Ęóđńîâŕ˙\warehouse\target\classes;C:\Users\kondr\.m2\repository\org\openjfx\javafx-fxml\17-ea+11\javafx-fxml-17-ea+11-win.jar -Djdk.module.main=mwarehouse.warehouse 
java_command: mwarehouse.warehouse/mwarehouse.warehouse.ClientMain
java_class_path (initial): C:\Users\kondr\.m2\repository\org\openjfx\javafx-controls\17-ea+11\javafx-controls-17-ea+11.jar;C:\Users\kondr\.m2\repository\org\openjfx\javafx-graphics\17-ea+11\javafx-graphics-17-ea+11.jar;C:\Users\kondr\.m2\repository\org\openjfx\javafx-base\17-ea+11\javafx-base-17-ea+11.jar;C:\Users\kondr\.m2\repository\org\openjfx\javafx-fxml\17-ea+11\javafx-fxml-17-ea+11.jar;D:\BSUIR\3rd year\5 semestr\Ďđîă_ŃĎ Ęóđńîâŕ˙\warehouse\mysql-connector-java-8.0.26.jar
Launcher Type: SUN_STANDARD

[Global flags]
     intx CICompilerCount                          = 4                                         {product} {ergonomic}
     uint ConcGCThreads                            = 2                                         {product} {ergonomic}
     uint G1ConcRefinementThreads                  = 8                                         {product} {ergonomic}
   size_t G1HeapRegionSize                         = 1048576                                   {product} {ergonomic}
    uintx GCDrainStackTargetSize                   = 64                                        {product} {ergonomic}
   size_t InitialHeapSize                          = 100663296                                 {product} {ergonomic}
   size_t MarkStackSize                            = 4194304                                   {product} {ergonomic}
   size_t MaxHeapSize                              = 1595932672                                {product} {ergonomic}
   size_t MaxNewSize                               = 957349888                                 {product} {ergonomic}
   size_t MinHeapDeltaBytes                        = 1048576                                   {product} {ergonomic}
   size_t MinHeapSize                              = 8388608                                   {product} {ergonomic}
    uintx NonNMethodCodeHeapSize                   = 5839372                                {pd product} {ergonomic}
    uintx NonProfiledCodeHeapSize                  = 122909434                              {pd product} {ergonomic}
    uintx ProfiledCodeHeapSize                     = 122909434                              {pd product} {ergonomic}
    uintx ReservedCodeCacheSize                    = 251658240                              {pd product} {ergonomic}
     bool SegmentedCodeCache                       = true                                      {product} {ergonomic}
   size_t SoftMaxHeapSize                          = 1595932672                             {manageable} {ergonomic}
     bool UseCompressedClassPointers               = true                           {product lp64_product} {ergonomic}
     bool UseCompressedOops                        = true                           {product lp64_product} {ergonomic}
     bool UseG1GC                                  = true                                      {product} {ergonomic}
     bool UseLargePagesIndividualAllocation        = false                                  {pd product} {ergonomic}

Logging:
Log output configuration:
 #0: stdout all=off uptime,level,tags
 #1: stderr all=off uptime,level,tags

Environment Variables:
PATH=C:\Windows\system32;C:\Windows;C:\Windows\System32\Wbem;C:\Windows\System32\WindowsPowerShell\v1.0\;C:\Windows\System32\OpenSSH\;C:\Program Files\dotnet\;C:\Program Files\Microsoft SQL Server\130\Tools\Binn\;C:\Program Files\Microsoft SQL Server\Client SDK\ODBC\170\Tools\Binn\;C:\Program Files (x86)\dotnet\;C:\Program Files\Git\cmd;C:\Windows\system32\config\systemprofile\.dnx\bin;C:\Program Files\Microsoft DNX\Dnvm\;C:\Program Files\MySQL\MySQL Shell 8.0\bin\;C:\Users\kondr\AppData\Local\Microsoft\WindowsApps;;D:\Prog BSUIR\PyCharm\PyCharm 2021.1.3\bin;;D:\Prog BSUIR\PyCharm\PyCharm Community Edition 2021.1.3\bin;;C:\Program Files\JetBrains\IntelliJ IDEA Educational Edition 2021.2\bin;;C:\Program Files\JetBrains\IntelliJ IDEA Community Edition 2021.2.1\bin;;C:\Users\kondr\.dotnet\tools;D:\Prog BSUIR\IntelliJ idea\IntelliJ IDEA 2021.2.1\bin;
USERNAME=kondr
OS=Windows_NT
PROCESSOR_IDENTIFIER=AMD64 Family 23 Model 24 Stepping 1, AuthenticAMD



---------------  S Y S T E M  ---------------

OS:
 Windows 10 , 64 bit Build 19041 (10.0.19041.1348)
OS uptime: 5 days 4:23 hours

CPU: total 8 (initial active 8) (8 cores per cpu, 2 threads per core) family 23 model 24 stepping 1 microcode 0x0, cx8, cmov, fxsr, ht, mmx, 3dnowpref, sse, sse2, sse3, ssse3, sse4a, sse4.1, sse4.2, popcnt, lzcnt, tsc, tscinvbit, avx, avx2, aes, clmul, bmi1, bmi2, adx, sha, fma, vzeroupper, clflush, clflushopt

Memory: 4k page, system-wide physical 6082M (985M free)
TotalPageFile size 13208M (AvailPageFile size 1915M)
current process WorkingSet (physical memory assigned to process): 141M, peak: 162M
current process commit charge ("private bytes"): 229M, peak: 265M

vm_info: OpenJDK 64-Bit Server VM (17+35-2724) for windows-amd64 JRE (17+35-2724), built on Aug  5 2021 23:26:02 by "mach5one" with MS VC++ 16.8 (VS2019)

END.
