#
# A fatal error has been detected by the Java Runtime Environment:
#
#  EXCEPTION_ACCESS_VIOLATION (0xc0000005) at pc=0x00007ffe6b186a87, pid=7448, tid=8676
#
# JRE version: OpenJDK Runtime Environment (17.0+35) (build 17+35-2724)
# Java VM: OpenJDK 64-Bit Server VM (17+35-2724, mixed mode, sharing, tiered, compressed oops, compressed class ptrs, g1 gc, windows-amd64)
# Problematic frame:
# C  [glass.dll+0x26a87]
#
# No core dump will be written. Minidumps are not enabled by default on client versions of Windows
#
# If you would like to submit a bug report, please visit:
#   https://bugreport.java.com/bugreport/crash.jsp
#

---------------  S U M M A R Y ------------

Command Line: -javaagent:D:\Prog BSUIR\IntelliJ idea\IntelliJ IDEA 2021.2.1\lib\idea_rt.jar=61047:D:\Prog BSUIR\IntelliJ idea\IntelliJ IDEA 2021.2.1\bin -Dfile.encoding=UTF-8 --module-path=C:\Users\kondr\.m2\repository\org\openjfx\javafx-base\17-ea+11\javafx-base-17-ea+11-win.jar;C:\Users\kondr\.m2\repository\org\openjfx\javafx-controls\17-ea+11\javafx-controls-17-ea+11-win.jar;C:\Users\kondr\.m2\repository\org\openjfx\javafx-fxml\17-ea+11\javafx-fxml-17-ea+11-win.jar;D:\BSUIR\3rd year\5 semestr\Ďđîă_ŃĎ Ęóđńîâŕ˙\warehouse\target\classes;C:\Users\kondr\.m2\repository\org\openjfx\javafx-graphics\17-ea+11\javafx-graphics-17-ea+11-win.jar -Djdk.module.main=mwarehouse.warehouse mwarehouse.warehouse/mwarehouse.warehouse.ClientMain

Host: AMD Ryzen 7 3700U with Radeon Vega Mobile Gfx  , 8 cores, 5G,  Windows 10 , 64 bit Build 19041 (10.0.19041.1348)
Time: Sun Dec  5 16:26:05 2021 RTZ 2 (s 10 , 64 bit Build 19041 (10.0.19041.1348) elapsed time: 97.467849 seconds (0d 0h 1m 37s)

---------------  T H R E A D  ---------------

Current thread (0x000001c21514e870):  VMThread "VM Thread" [stack: 0x000000b973500000,0x000000b973600000] [id=8676]

Stack: [0x000000b973500000,0x000000b973600000],  sp=0x000000b9735ff0a0,  free space=1020k
Native frames: (J=compiled Java code, j=interpreted, Vv=VM code, C=native code)
C  [glass.dll+0x26a87]


siginfo: EXCEPTION_ACCESS_VIOLATION (0xc0000005), reading address 0x0000000000000000


Register to memory mapping:

RIP=0x00007ffe6b186a87 glass.dll
RAX=0x0 is NULL
RBX=0x000001c231e0dff0 is a global jni handle
RCX=0x000001c21514e870 points into unknown readable memory: 0x00007ffe5213c540 | 40 c5 13 52 fe 7f 00 00
RDX=0x000000b9735ff0a0 points into unknown readable memory: 0x0000000000000000 | 00 00 00 00 00 00 00 00
RSP=0x000000b9735ff0a0 points into unknown readable memory: 0x0000000000000000 | 00 00 00 00 00 00 00 00
RBP=0x000001c233230a08 points into unknown readable memory: 0x0000183d82752c26 | 26 2c 75 82 3d 18 00 00
RSI=0x000001c2332309e0 points into unknown readable memory: 0xc60f833d826ad3bc | bc d3 6a 82 3d 83 0f c6
RDI=0x0000183d82752c26 is an unknown value
R8 =0x0000000000010002 is an unknown value
R9 =0x0000183d82752c26 is an unknown value
R10=0x0000000000008000 is an unknown value
R11=0x000000b9735ff030 points into unknown readable memory: 0x000001c2332309e0 | e0 09 23 33 c2 01 00 00
R12=0x00007ffe6b184354 glass.dll
R13=0x00007ffe522e2940 jvm.dll
R14=0x000000b9735ff198 points into unknown readable memory: 0x000000b9735ff180 | 80 f1 5f 73 b9 00 00 00
R15=0x000001c2332309e0 points into unknown readable memory: 0xc60f833d826ad3bc | bc d3 6a 82 3d 83 0f c6


Registers:
RAX=0x0000000000000000, RBX=0x000001c231e0dff0, RCX=0x000001c21514e870, RDX=0x000000b9735ff0a0
RSP=0x000000b9735ff0a0, RBP=0x000001c233230a08, RSI=0x000001c2332309e0, RDI=0x0000183d82752c26
R8 =0x0000000000010002, R9 =0x0000183d82752c26, R10=0x0000000000008000, R11=0x000000b9735ff030
R12=0x00007ffe6b184354, R13=0x00007ffe522e2940, R14=0x000000b9735ff198, R15=0x000001c2332309e0
RIP=0x00007ffe6b186a87, EFLAGS=0x0000000000010202

Top of Stack: (sp=0x000000b9735ff0a0)
0x000000b9735ff0a0:   0000000000000000 000001c2332309e0
0x000000b9735ff0b0:   00007ffe522e2940 00007ffe6b184354
0x000000b9735ff0c0:   000001c2332309e8 00007ffe8b5d42d6
0x000000b9735ff0d0:   0000183d82752c26 000001c200000000
0x000000b9735ff0e0:   000001c233230a08 000001c2332309e0
0x000000b9735ff0f0:   fffffffffffffffe 0000000000000000
0x000000b9735ff100:   0000000000000001 00007ffe6b160000
0x000000b9735ff110:   000000b9735ff188 00007ffe8b5d41fb
0x000000b9735ff120:   0000000000000000 000000b9735ff198
0x000000b9735ff130:   000000b9735ff460 00007ffe8b6b0e40
0x000000b9735ff140:   0000000000000001 00007ffe8b5d41b4
0x000000b9735ff150:   0000000000000000 0000000000000001
0x000000b9735ff160:   0000000000000000 000000b9735ff188
0x000000b9735ff170:   0000000000000001 00007ffe6b1841e1
0x000000b9735ff180:   00007ffe6b19a138 00007ffe00000002
0x000000b9735ff190:   0000000000000002 000000b9735ff180 

Instructions: (pc=0x00007ffe6b186a87)
0x00007ffe6b186987:   8b 4d 58 e8 01 cf ff ff 48 8b 4d 60 e8 f8 ce ff
0x00007ffe6b186997:   ff 48 8b 95 80 00 00 00 48 8b 8d 18 01 00 00 e8
0x00007ffe6b1869a7:   c6 c3 ff ff 33 d2 33 c9 e8 3c e1 ff ff 90 48 89
0x00007ffe6b1869b7:   54 24 10 55 48 83 ec 20 48 8b ea 48 b8 00 00 00
0x00007ffe6b1869c7:   00 00 00 00 00 48 83 c4 20 5d c3 cc 40 55 48 8b
0x00007ffe6b1869d7:   ea 48 8b 01 33 c9 81 38 05 00 00 c0 0f 94 c1 8b
0x00007ffe6b1869e7:   c1 5d c3 cc 40 55 48 83 ec 20 48 8b ea 8a 4d 40
0x00007ffe6b1869f7:   48 83 c4 20 5d e9 f7 d2 ff ff cc 40 55 48 83 ec
0x00007ffe6b186a07:   20 48 8b ea 8a 4d 20 e8 e5 d2 ff ff 90 48 83 c4
0x00007ffe6b186a17:   20 5d c3 cc 40 55 48 83 ec 20 48 8b ea 48 83 c4
0x00007ffe6b186a27:   20 5d e9 46 d1 ff ff cc 40 55 48 83 ec 30 48 8b
0x00007ffe6b186a37:   ea 48 8b 01 8b 10 48 89 4c 24 28 89 54 24 20 4c
0x00007ffe6b186a47:   8d 0d e7 d5 ff ff 4c 8b 45 70 8b 55 68 48 8b 4d
0x00007ffe6b186a57:   60 e8 87 d0 ff ff 90 48 83 c4 30 5d c3 cc cc cc
0x00007ffe6b186a67:   cc cc cc cc cc cc cc cc cc 40 53 48 83 ec 20 48
0x00007ffe6b186a77:   8b 1d b3 30 01 00 48 85 db 74 16 e8 09 8b ff ff
0x00007ffe6b186a87:   4c 8b 00 48 8b d3 48 8b c8 41 ff 90 b0 00 00 00
0x00007ffe6b186a97:   90 48 83 c4 20 5b c3 cc cc 40 53 48 83 ec 20 48
0x00007ffe6b186aa7:   8b 1d 2b 32 01 00 48 85 db 74 57 b8 ff ff ff ff
0x00007ffe6b186ab7:   f0 0f c1 43 10 83 f8 01 75 3d 48 85 db 74 38 48
0x00007ffe6b186ac7:   8b 0b 48 85 c9 74 0d ff 15 d4 07 00 00 48 c7 03
0x00007ffe6b186ad7:   00 00 00 00 48 8b 4b 08 48 85 c9 74 0d e8 a7 cd
0x00007ffe6b186ae7:   ff ff 48 c7 43 08 00 00 00 00 ba 18 00 00 00 48
0x00007ffe6b186af7:   8b cb e8 92 cd ff ff 48 c7 05 cf 31 01 00 00 00
0x00007ffe6b186b07:   00 00 48 83 c4 20 5b c3 cc 40 53 48 83 ec 20 48
0x00007ffe6b186b17:   8b 1d 9b 31 01 00 48 85 db 74 57 b8 ff ff ff ff
0x00007ffe6b186b27:   f0 0f c1 43 10 83 f8 01 75 3d 48 85 db 74 38 48
0x00007ffe6b186b37:   8b 0b 48 85 c9 74 0d ff 15 64 07 00 00 48 c7 03
0x00007ffe6b186b47:   00 00 00 00 48 8b 4b 08 48 85 c9 74 0d e8 37 cd
0x00007ffe6b186b57:   ff ff 48 c7 43 08 00 00 00 00 ba 18 00 00 00 48
0x00007ffe6b186b67:   8b cb e8 22 cd ff ff 48 c7 05 3f 31 01 00 00 00
0x00007ffe6b186b77:   00 00 48 83 c4 20 5b c3 cc 40 53 48 83 ec 20 48 


Stack slot to memory mapping:
stack at sp + 0 slots: 0x0 is NULL
stack at sp + 1 slots: 0x000001c2332309e0 points into unknown readable memory: 0xc60f833d826ad3bc | bc d3 6a 82 3d 83 0f c6
stack at sp + 2 slots: 0x00007ffe522e2940 jvm.dll
stack at sp + 3 slots: 0x00007ffe6b184354 glass.dll
stack at sp + 4 slots: 0x000001c2332309e8 points into unknown readable memory: 0x0000183d82752c26 | 26 2c 75 82 3d 18 00 00
stack at sp + 5 slots: 0x00007ffe8b5d42d6 ucrtbase.dll
stack at sp + 6 slots: 0x0000183d82752c26 is an unknown value
stack at sp + 7 slots: 0x000001c200000000 is an unknown value

VM_Operation (0x000000b972cff310): Exit, mode: safepoint, requested by thread 0x000001c231e29660


---------------  P R O C E S S  ---------------

Threads class SMR info:
_java_thread_list=0x000001c238572ed0, length=22, elements={
0x000001c2150750c0, 0x000001c231e08b50, 0x000001c231e09610, 0x000001c231e1e6d0,
0x000001c231e1f190, 0x000001c231e22370, 0x000001c231e26b10, 0x000001c231e3b4e0,
0x000001c231e3dab0, 0x000001c231e3dfc0, 0x000001c231e27980, 0x000001c231e27e50,
0x000001c231e25ca0, 0x000001c231e28320, 0x000001c231e29190, 0x000001c231e26170,
0x000001c231e26640, 0x000001c231e287f0, 0x000001c231e274b0, 0x000001c231e26fe0,
0x000001c231e28cc0, 0x000001c231e29660
}

Java Threads: ( => current thread )
  0x000001c2150750c0 JavaThread "main" [_thread_blocked, id=20608, stack(0x000000b972f00000,0x000000b973000000)]
  0x000001c231e08b50 JavaThread "Reference Handler" daemon [_thread_blocked, id=13556, stack(0x000000b973600000,0x000000b973700000)]
  0x000001c231e09610 JavaThread "Finalizer" daemon [_thread_blocked, id=10496, stack(0x000000b973700000,0x000000b973800000)]
  0x000001c231e1e6d0 JavaThread "Signal Dispatcher" daemon [_thread_blocked, id=13340, stack(0x000000b973800000,0x000000b973900000)]
  0x000001c231e1f190 JavaThread "Attach Listener" daemon [_thread_blocked, id=15392, stack(0x000000b973900000,0x000000b973a00000)]
  0x000001c231e22370 JavaThread "Service Thread" daemon [_thread_blocked, id=6948, stack(0x000000b973a00000,0x000000b973b00000)]
  0x000001c231e26b10 JavaThread "Monitor Deflation Thread" daemon [_thread_blocked, id=14584, stack(0x000000b973b00000,0x000000b973c00000)]
  0x000001c231e3b4e0 JavaThread "C2 CompilerThread0" daemon [_thread_blocked, id=8320, stack(0x000000b973c00000,0x000000b973d00000)]
  0x000001c231e3dab0 JavaThread "C1 CompilerThread0" daemon [_thread_blocked, id=7340, stack(0x000000b973d00000,0x000000b973e00000)]
  0x000001c231e3dfc0 JavaThread "Sweeper thread" daemon [_thread_blocked, id=1744, stack(0x000000b973e00000,0x000000b973f00000)]
  0x000001c231e27980 JavaThread "Common-Cleaner" daemon [_thread_blocked, id=7208, stack(0x000000b973f00000,0x000000b974000000)]
  0x000001c231e27e50 JavaThread "Monitor Ctrl-Break" daemon [_thread_in_native, id=15632, stack(0x000000b974200000,0x000000b974300000)]
  0x000001c231e25ca0 JavaThread "Notification Thread" daemon [_thread_blocked, id=8680, stack(0x000000b974300000,0x000000b974400000)]
  0x000001c231e28320 JavaThread "QuantumRenderer-0" daemon [_thread_blocked, id=20560, stack(0x000000b974000000,0x000000b974100000)]
  0x000001c231e29190 JavaThread "InvokeLaterDispatcher" daemon [_thread_blocked, id=1268, stack(0x000000b974600000,0x000000b974700000)]
  0x000001c231e26170 JavaThread "JavaFX Application Thread" [_thread_in_native, id=10444, stack(0x000000b974700000,0x000000b974800000)]
  0x000001c231e26640 JavaThread "Thread-1" daemon [_thread_in_native, id=11840, stack(0x000000b974e00000,0x000000b974f00000)]
  0x000001c231e287f0 JavaThread "JavaFX-Launcher" [_thread_blocked, id=11360, stack(0x000000b974f00000,0x000000b975000000)]
  0x000001c231e274b0 JavaThread "Prism Font Disposer" daemon [_thread_blocked, id=7964, stack(0x000000b975800000,0x000000b975900000)]
  0x000001c231e26fe0 JavaThread "Cleaner-0" daemon [_thread_blocked, id=7528, stack(0x000000b975700000,0x000000b975800000)]
  0x000001c231e28cc0 JavaThread "mysql-cj-abandoned-connection-cleanup" daemon [_thread_blocked, id=17784, stack(0x000000b975f00000,0x000000b976000000)]
  0x000001c231e29660 JavaThread "SIGINT handler" daemon [_thread_blocked, id=11648, stack(0x000000b972c00000,0x000000b972d00000)]

Other Threads:
=>0x000001c21514e870 VMThread "VM Thread" [stack: 0x000000b973500000,0x000000b973600000] [id=8676]
  0x000001c21309e1d0 GCTaskThread "GC Thread#0" [stack: 0x000000b973000000,0x000000b973100000] [id=22196]
  0x000001c23805d2a0 GCTaskThread "GC Thread#1" [stack: 0x000000b975000000,0x000000b975100000] [id=18680]
  0x000001c2380af560 GCTaskThread "GC Thread#2" [stack: 0x000000b975100000,0x000000b975200000] [id=23376]
  0x000001c2380af810 GCTaskThread "GC Thread#3" [stack: 0x000000b975200000,0x000000b975300000] [id=15672]
  0x000001c2380afac0 GCTaskThread "GC Thread#4" [stack: 0x000000b975300000,0x000000b975400000] [id=22340]
  0x000001c2380afd70 GCTaskThread "GC Thread#5" [stack: 0x000000b975400000,0x000000b975500000] [id=9020]
  0x000001c2380cdf70 GCTaskThread "GC Thread#6" [stack: 0x000000b975500000,0x000000b975600000] [id=18184]
  0x000001c2380b0430 GCTaskThread "GC Thread#7" [stack: 0x000000b975600000,0x000000b975700000] [id=23052]
  0x000001c2150b2880 ConcurrentGCThread "G1 Main Marker" terminated
  0x000001c2150b36e0 ConcurrentGCThread "G1 Conc#0" [stack: 0x000000b973200000,0x000000b973300000] [id=10408]
  0x000001c238b9a850 ConcurrentGCThread "G1 Conc#1" [stack: 0x000000b976200000,0x000000b976300000] [id=5600]
  0x000001c215130410 ConcurrentGCThread "G1 Refine#0" terminated
  0x000001c215130be0 ConcurrentGCThread "G1 Service" terminated

Threads with active compile tasks:

VM state: at safepoint (shutting down)

VM Mutex/Monitor currently owned by a thread:  ([mutex/lock_event])
[0x000001c21506fc80] Threads_lock - owner thread: 0x000001c21514e870
[0x000001c215070d60] Heap_lock - owner thread: 0x000001c231e29660

Heap address: 0x00000000a0e00000, size: 1522 MB, Compressed Oops mode: 32-bit

CDS archive(s) mapped at: [0x0000000800000000-0x0000000800bc0000-0x0000000800bc0000), size 12320768, SharedBaseAddress: 0x0000000800000000, ArchiveRelocationMode: 0.
Compressed class space mapped at: 0x0000000800c00000-0x0000000840c00000, reserved size: 1073741824
Narrow klass base: 0x0000000800000000, Narrow klass shift: 0, Narrow klass range: 0x100000000

GC Precious Log:
 CPUs: 8 total, 8 available
 Memory: 6082M
 Large Page Support: Disabled
 NUMA Support: Disabled
 Compressed Oops: Enabled (32-bit)
 Heap Region Size: 1M
 Heap Min Capacity: 8M
 Heap Initial Capacity: 96M
 Heap Max Capacity: 1522M
 Pre-touch: Disabled
 Parallel Workers: 8
 Concurrent Workers: 2
 Concurrent Refinement Workers: 8
 Periodic GC: Disabled

Heap:
 garbage-first heap   total 55296K, used 31348K [0x00000000a0e00000, 0x0000000100000000)
  region size 1024K, 24 young (24576K), 7 survivors (7168K)
 Metaspace       used 25849K, committed 26176K, reserved 1073152K
  class space    used 3576K, committed 3712K, reserved 1048576K

Heap Regions: E=young(eden), S=young(survivor), O=old, HS=humongous(starts), HC=humongous(continues), CS=collection set, F=free, OA=open archive, CA=closed archive, TAMS=top-at-mark-start (previous, next)
|   0|0x00000000a0e00000, 0x00000000a0f00000, 0x00000000a0f00000|100%| O|  |TAMS 0x00000000a0f00000, 0x00000000a0e00000| Untracked 
|   1|0x00000000a0f00000, 0x00000000a1000000, 0x00000000a1000000|100%|HS|  |TAMS 0x00000000a1000000, 0x00000000a0f00000| Complete 
|   2|0x00000000a1000000, 0x00000000a1100000, 0x00000000a1100000|100%| O|  |TAMS 0x00000000a1100000, 0x00000000a1000000| Untracked 
|   3|0x00000000a1100000, 0x00000000a1200000, 0x00000000a1200000|100%| O|  |TAMS 0x00000000a1200000, 0x00000000a1100000| Untracked 
|   4|0x00000000a1200000, 0x00000000a1285a00, 0x00000000a1300000| 52%| O|  |TAMS 0x00000000a1285a00, 0x00000000a1200000| Complete 
|   5|0x00000000a1300000, 0x00000000a1400000, 0x00000000a1400000|100%|HS|  |TAMS 0x00000000a1400000, 0x00000000a1300000| Complete 
|   6|0x00000000a1400000, 0x00000000a1500000, 0x00000000a1500000|100%|HC|  |TAMS 0x00000000a1500000, 0x00000000a1400000| Complete 
|   7|0x00000000a1500000, 0x00000000a1600000, 0x00000000a1600000|100%|HS|  |TAMS 0x00000000a1600000, 0x00000000a1500000| Complete 
|   8|0x00000000a1600000, 0x00000000a1700000, 0x00000000a1700000|100%|HS|  |TAMS 0x00000000a1600000, 0x00000000a1600000| Complete 
|   9|0x00000000a1700000, 0x00000000a1700000, 0x00000000a1800000|  0%| F|  |TAMS 0x00000000a1700000, 0x00000000a1700000| Untracked 
|  10|0x00000000a1800000, 0x00000000a1800000, 0x00000000a1900000|  0%| F|  |TAMS 0x00000000a1800000, 0x00000000a1800000| Untracked 
|  11|0x00000000a1900000, 0x00000000a1900000, 0x00000000a1a00000|  0%| F|  |TAMS 0x00000000a1900000, 0x00000000a1900000| Untracked 
|  12|0x00000000a1a00000, 0x00000000a1a00000, 0x00000000a1b00000|  0%| F|  |TAMS 0x00000000a1a00000, 0x00000000a1a00000| Untracked 
|  13|0x00000000a1b00000, 0x00000000a1b00000, 0x00000000a1c00000|  0%| F|  |TAMS 0x00000000a1b00000, 0x00000000a1b00000| Untracked 
|  14|0x00000000a1c00000, 0x00000000a1c00000, 0x00000000a1d00000|  0%| F|  |TAMS 0x00000000a1c00000, 0x00000000a1c00000| Untracked 
|  15|0x00000000a1d00000, 0x00000000a1d00000, 0x00000000a1e00000|  0%| F|  |TAMS 0x00000000a1d00000, 0x00000000a1d00000| Untracked 
|  16|0x00000000a1e00000, 0x00000000a1e00000, 0x00000000a1f00000|  0%| F|  |TAMS 0x00000000a1e00000, 0x00000000a1e00000| Untracked 
|  17|0x00000000a1f00000, 0x00000000a1f00000, 0x00000000a2000000|  0%| F|  |TAMS 0x00000000a1f00000, 0x00000000a1f00000| Untracked 
|  18|0x00000000a2000000, 0x00000000a2000000, 0x00000000a2100000|  0%| F|  |TAMS 0x00000000a2000000, 0x00000000a2000000| Untracked 
|  19|0x00000000a2100000, 0x00000000a2100000, 0x00000000a2200000|  0%| F|  |TAMS 0x00000000a2100000, 0x00000000a2100000| Untracked 
|  20|0x00000000a2200000, 0x00000000a2200000, 0x00000000a2300000|  0%| F|  |TAMS 0x00000000a2200000, 0x00000000a2200000| Untracked 
|  21|0x00000000a2300000, 0x00000000a2300000, 0x00000000a2400000|  0%| F|  |TAMS 0x00000000a2300000, 0x00000000a2300000| Untracked 
|  22|0x00000000a2400000, 0x00000000a2400000, 0x00000000a2500000|  0%| F|  |TAMS 0x00000000a2400000, 0x00000000a2400000| Untracked 
|  23|0x00000000a2500000, 0x00000000a2500000, 0x00000000a2600000|  0%| F|  |TAMS 0x00000000a2500000, 0x00000000a2500000| Untracked 
|  24|0x00000000a2600000, 0x00000000a2600000, 0x00000000a2700000|  0%| F|  |TAMS 0x00000000a2600000, 0x00000000a2600000| Untracked 
|  25|0x00000000a2700000, 0x00000000a2700000, 0x00000000a2800000|  0%| F|  |TAMS 0x00000000a2700000, 0x00000000a2700000| Untracked 
|  26|0x00000000a2800000, 0x00000000a2800000, 0x00000000a2900000|  0%| F|  |TAMS 0x00000000a2800000, 0x00000000a2800000| Untracked 
|  27|0x00000000a2900000, 0x00000000a2900000, 0x00000000a2a00000|  0%| F|  |TAMS 0x00000000a2900000, 0x00000000a2900000| Untracked 
|  28|0x00000000a2a00000, 0x00000000a2a00000, 0x00000000a2b00000|  0%| F|  |TAMS 0x00000000a2a00000, 0x00000000a2a00000| Untracked 
|  29|0x00000000a2b00000, 0x00000000a2b00000, 0x00000000a2c00000|  0%| F|  |TAMS 0x00000000a2b00000, 0x00000000a2b00000| Untracked 
|  30|0x00000000a2c00000, 0x00000000a2c2b2f0, 0x00000000a2d00000| 16%| E|  |TAMS 0x00000000a2c00000, 0x00000000a2c00000| Complete 
|  31|0x00000000a2d00000, 0x00000000a2e00000, 0x00000000a2e00000|100%| E|CS|TAMS 0x00000000a2d00000, 0x00000000a2d00000| Complete 
|  32|0x00000000a2e00000, 0x00000000a2f00000, 0x00000000a2f00000|100%| E|CS|TAMS 0x00000000a2e00000, 0x00000000a2e00000| Complete 
|  33|0x00000000a2f00000, 0x00000000a3000000, 0x00000000a3000000|100%| E|CS|TAMS 0x00000000a2f00000, 0x00000000a2f00000| Complete 
|  34|0x00000000a3000000, 0x00000000a3100000, 0x00000000a3100000|100%| E|CS|TAMS 0x00000000a3000000, 0x00000000a3000000| Complete 
|  35|0x00000000a3100000, 0x00000000a3200000, 0x00000000a3200000|100%| E|CS|TAMS 0x00000000a3100000, 0x00000000a3100000| Complete 
|  36|0x00000000a3200000, 0x00000000a3300000, 0x00000000a3300000|100%| E|CS|TAMS 0x00000000a3200000, 0x00000000a3200000| Complete 
|  37|0x00000000a3300000, 0x00000000a3400000, 0x00000000a3400000|100%| E|CS|TAMS 0x00000000a3300000, 0x00000000a3300000| Complete 
|  38|0x00000000a3400000, 0x00000000a3500000, 0x00000000a3500000|100%| E|CS|TAMS 0x00000000a3400000, 0x00000000a3400000| Complete 
|  39|0x00000000a3500000, 0x00000000a3600000, 0x00000000a3600000|100%| E|CS|TAMS 0x00000000a3500000, 0x00000000a3500000| Complete 
|  40|0x00000000a3600000, 0x00000000a3700000, 0x00000000a3700000|100%| E|CS|TAMS 0x00000000a3600000, 0x00000000a3600000| Complete 
|  41|0x00000000a3700000, 0x00000000a3800000, 0x00000000a3800000|100%| E|CS|TAMS 0x00000000a3700000, 0x00000000a3700000| Complete 
|  42|0x00000000a3800000, 0x00000000a3900000, 0x00000000a3900000|100%| E|CS|TAMS 0x00000000a3800000, 0x00000000a3800000| Complete 
|  43|0x00000000a3900000, 0x00000000a3a00000, 0x00000000a3a00000|100%| E|CS|TAMS 0x00000000a3900000, 0x00000000a3900000| Complete 
|  44|0x00000000a3a00000, 0x00000000a3b00000, 0x00000000a3b00000|100%| E|CS|TAMS 0x00000000a3a00000, 0x00000000a3a00000| Complete 
|  45|0x00000000a3b00000, 0x00000000a3c00000, 0x00000000a3c00000|100%| E|CS|TAMS 0x00000000a3b00000, 0x00000000a3b00000| Complete 
|  70|0x00000000a5400000, 0x00000000a5417990, 0x00000000a5500000|  9%| S|CS|TAMS 0x00000000a5400000, 0x00000000a5400000| Complete 
|  71|0x00000000a5500000, 0x00000000a5600000, 0x00000000a5600000|100%| S|CS|TAMS 0x00000000a5500000, 0x00000000a5500000| Complete 
|  72|0x00000000a5600000, 0x00000000a5700000, 0x00000000a5700000|100%| S|CS|TAMS 0x00000000a5600000, 0x00000000a5600000| Complete 
|  73|0x00000000a5700000, 0x00000000a5800000, 0x00000000a5800000|100%| S|CS|TAMS 0x00000000a5700000, 0x00000000a5700000| Complete 
|  74|0x00000000a5800000, 0x00000000a5900000, 0x00000000a5900000|100%| S|CS|TAMS 0x00000000a5800000, 0x00000000a5800000| Complete 
|  75|0x00000000a5900000, 0x00000000a5a00000, 0x00000000a5a00000|100%| S|CS|TAMS 0x00000000a5900000, 0x00000000a5900000| Complete 
|  76|0x00000000a5a00000, 0x00000000a5b00000, 0x00000000a5b00000|100%| S|CS|TAMS 0x00000000a5a00000, 0x00000000a5a00000| Complete 
|  95|0x00000000a6d00000, 0x00000000a6e00000, 0x00000000a6e00000|100%| E|CS|TAMS 0x00000000a6d00000, 0x00000000a6d00000| Complete 

Card table byte_map: [0x000001c22bea0000,0x000001c22c1a0000] _byte_map_base: 0x000001c22b999000

Marking Bits (Prev, Next): (CMBitMap*) 0x000001c21309e5d0, (CMBitMap*) 0x000001c21309e590
 Prev Bits: [0x000001c22dc70000, 0x000001c22f438000)
 Next Bits: [0x000001c22c4a0000, 0x000001c22dc68000)

Polling page: 0x000001c214850000

Metaspace:

Usage:
  Non-class:     21.75 MB used.
      Class:      3.49 MB used.
       Both:     25.24 MB used.

Virtual space:
  Non-class space:       24.00 MB reserved,      21.94 MB ( 91%) committed,  3 nodes.
      Class space:        1.00 GB reserved,       3.62 MB ( <1%) committed,  1 nodes.
             Both:        1.02 GB reserved,      25.56 MB (  2%) committed. 

Chunk freelists:
   Non-Class:  2.11 MB
       Class:  235.00 KB
        Both:  2.34 MB

MaxMetaspaceSize: unlimited
CompressedClassSpaceSize: 1.00 GB
Initial GC threshold: 21.00 MB
Current GC threshold: 35.12 MB
CDS: on
MetaspaceReclaimPolicy: balanced
 - commit_granule_bytes: 65536.
 - commit_granule_words: 8192.
 - virtual_space_node_default_size: 1048576.
 - enlarge_chunks_in_place: 1.
 - new_chunks_are_fully_committed: 0.
 - uncommit_free_chunks: 1.
 - use_allocation_guard: 0.
 - handle_deallocations: 1.


Internal statistics:

num_allocs_failed_limit: 3.
num_arena_births: 234.
num_arena_deaths: 0.
num_vsnodes_births: 4.
num_vsnodes_deaths: 0.
num_space_committed: 409.
num_space_uncommitted: 0.
num_chunks_returned_to_freelist: 3.
num_chunks_taken_from_freelist: 979.
num_chunk_merges: 0.
num_chunk_splits: 678.
num_chunks_enlarged: 513.
num_purges: 0.
num_inconsistent_stats: 0.

CodeHeap 'non-profiled nmethods': size=120000Kb used=1444Kb max_used=1444Kb free=118555Kb
 bounds [0x000001c224340000, 0x000001c2245b0000, 0x000001c22b870000]
CodeHeap 'profiled nmethods': size=120000Kb used=7110Kb max_used=7110Kb free=112889Kb
 bounds [0x000001c21ce10000, 0x000001c21d510000, 0x000001c224340000]
CodeHeap 'non-nmethods': size=5760Kb used=1504Kb max_used=1533Kb free=4255Kb
 bounds [0x000001c21c870000, 0x000001c21cae0000, 0x000001c21ce10000]
 total_blobs=4456 nmethods=3581 adapters=787
 compilation: enabled
              stopped_count=0, restarted_count=0
 full_count=0

Compilation events (20 events):
Event: 19.234 Thread 0x000001c231e3dab0 3577       3       java.lang.String::valueOf (39 bytes)
Event: 19.234 Thread 0x000001c231e3dab0 nmethod 3577 0x000001c21d4fdc10 code [0x000001c21d4fde00, 0x000001c21d4fe518]
Event: 19.236 Thread 0x000001c231e3b4e0 3578       4       java.nio.Buffer::position (52 bytes)
Event: 19.236 Thread 0x000001c231e3dab0 3580       3       sun.nio.ch.Util::getTemporaryDirectBuffer (55 bytes)
Event: 19.237 Thread 0x000001c231e3b4e0 nmethod 3578 0x000001c2244a7990 code [0x000001c2244a7b00, 0x000001c2244a7bd8]
Event: 19.237 Thread 0x000001c231e3b4e0 3579       4       java.util.Objects::checkFromIndexSize (8 bytes)
Event: 19.237 Thread 0x000001c231e3dab0 nmethod 3580 0x000001c21d4fe710 code [0x000001c21d4fe980, 0x000001c21d4ff3e8]
Event: 19.237 Thread 0x000001c231e3dab0 3581       3       sun.nio.ch.Util$BufferCache::get (164 bytes)
Event: 19.238 Thread 0x000001c231e3b4e0 nmethod 3579 0x000001c2244a7c90 code [0x000001c2244a7e00, 0x000001c2244a7eb8]
Event: 19.238 Thread 0x000001c231e3dab0 nmethod 3581 0x000001c21d4ff710 code [0x000001c21d4ff940, 0x000001c21d500358]
Event: 19.238 Thread 0x000001c231e3dab0 3582       3       sun.nio.ch.Util::offerFirstTemporaryDirectBuffer (53 bytes)
Event: 19.238 Thread 0x000001c231e3dab0 nmethod 3582 0x000001c21d500690 code [0x000001c21d5008e0, 0x000001c21d5012d8]
Event: 21.511 Thread 0x000001c231e3dab0 3583       1       java.util.stream.Collectors$CollectorImpl::characteristics (5 bytes)
Event: 21.512 Thread 0x000001c231e3dab0 nmethod 3583 0x000001c2244a7f90 code [0x000001c2244a8120, 0x000001c2244a81f8]
Event: 21.548 Thread 0x000001c231e3dab0 3584       3       java.util.Collection::stream (11 bytes)
Event: 21.548 Thread 0x000001c231e3dab0 nmethod 3584 0x000001c21d501590 code [0x000001c21d501740, 0x000001c21d501938]
Event: 86.509 Thread 0x000001c231e3b4e0 3585       4       com.sun.javafx.tk.quantum.QuantumToolkit::postPulse (133 bytes)
Event: 86.518 Thread 0x000001c231e3b4e0 nmethod 3585 0x000001c2244a8290 code [0x000001c2244a8440, 0x000001c2244a8678]
Event: 87.261 Thread 0x000001c231e3b4e0 3586       4       com.sun.javafx.tk.quantum.QuantumToolkit$$Lambda$88/0x0000000800c38410::run (8 bytes)
Event: 87.267 Thread 0x000001c231e3b4e0 nmethod 3586 0x000001c2244a8990 code [0x000001c2244a8b60, 0x000001c2244a8e08]

GC Heap History (6 events):
Event: 1.436 GC heap before
{Heap before GC invocations=0 (full 0):
 garbage-first heap   total 98304K, used 22528K [0x00000000a0e00000, 0x0000000100000000)
  region size 1024K, 23 young (23552K), 0 survivors (0K)
 Metaspace       used 6298K, committed 6528K, reserved 1056768K
  class space    used 721K, committed 832K, reserved 1048576K
}
Event: 1.442 GC heap after
{Heap after GC invocations=1 (full 0):
 garbage-first heap   total 98304K, used 3698K [0x00000000a0e00000, 0x0000000100000000)
  region size 1024K, 3 young (3072K), 3 survivors (3072K)
 Metaspace       used 6298K, committed 6528K, reserved 1056768K
  class space    used 721K, committed 832K, reserved 1048576K
}
Event: 2.745 GC heap before
{Heap before GC invocations=1 (full 0):
 garbage-first heap   total 98304K, used 36466K [0x00000000a0e00000, 0x0000000100000000)
  region size 1024K, 34 young (34816K), 3 survivors (3072K)
 Metaspace       used 14188K, committed 14400K, reserved 1064960K
  class space    used 2110K, committed 2240K, reserved 1048576K
}
Event: 2.754 GC heap after
{Heap after GC invocations=2 (full 0):
 garbage-first heap   total 98304K, used 8036K [0x00000000a0e00000, 0x0000000100000000)
  region size 1024K, 4 young (4096K), 4 survivors (4096K)
 Metaspace       used 14188K, committed 14400K, reserved 1064960K
  class space    used 2110K, committed 2240K, reserved 1048576K
}
Event: 15.502 GC heap before
{Heap before GC invocations=2 (full 0):
 garbage-first heap   total 98304K, used 29540K [0x00000000a0e00000, 0x0000000100000000)
  region size 1024K, 23 young (23552K), 4 survivors (4096K)
 Metaspace       used 21256K, committed 21504K, reserved 1073152K
  class space    used 2871K, committed 3008K, reserved 1048576K
}
Event: 15.512 GC heap after
{Heap after GC invocations=3 (full 0):
 garbage-first heap   total 98304K, used 13940K [0x00000000a0e00000, 0x0000000100000000)
  region size 1024K, 7 young (7168K), 7 survivors (7168K)
 Metaspace       used 21256K, committed 21504K, reserved 1073152K
  class space    used 2871K, committed 3008K, reserved 1048576K
}

Deoptimization events (20 events):
Event: 15.863 Thread 0x000001c231e26170 Uncommon trap: trap_request=0xffffffde fr.pc=0x000001c22447d12c relative=0x000000000000010c
Event: 15.863 Thread 0x000001c231e26170 Uncommon trap: reason=class_check action=maybe_recompile pc=0x000001c22447d12c method=jdk.internal.misc.Unsafe.allocateUninitializedArray(Ljava/lang/Class;I)Ljava/lang/Object; @ 51 c2
Event: 15.863 Thread 0x000001c231e26170 DEOPT PACKING pc=0x000001c22447d12c sp=0x000000b9747fa3d0
Event: 15.863 Thread 0x000001c231e26170 DEOPT UNPACKING pc=0x000001c21c8c23a3 sp=0x000000b9747fa358 mode 2
Event: 16.676 Thread 0x000001c231e28320 Uncommon trap: trap_request=0xffffff45 fr.pc=0x000001c224491d5c relative=0x00000000000001bc
Event: 16.676 Thread 0x000001c231e28320 Uncommon trap: reason=unstable_if action=reinterpret pc=0x000001c224491d5c method=java.util.WeakHashMap.matchesKey(Ljava/util/WeakHashMap$Entry;Ljava/lang/Object;)Z @ 5 c2
Event: 16.676 Thread 0x000001c231e28320 DEOPT PACKING pc=0x000001c224491d5c sp=0x000000b9740fd3e0
Event: 16.676 Thread 0x000001c231e28320 DEOPT UNPACKING pc=0x000001c21c8c23a3 sp=0x000000b9740fd300 mode 2
Event: 16.717 Thread 0x000001c231e28320 Uncommon trap: trap_request=0xffffff45 fr.pc=0x000001c22441e444 relative=0x00000000000022a4
Event: 16.717 Thread 0x000001c231e28320 Uncommon trap: reason=unstable_if action=reinterpret pc=0x000001c22441e444 method=com.sun.marlin.Renderer._endRendering(IILcom/sun/marlin/MarlinAlphaConsumer;)V @ 325 c2
Event: 16.717 Thread 0x000001c231e28320 DEOPT PACKING pc=0x000001c22441e444 sp=0x000000b9740fdc80
Event: 16.717 Thread 0x000001c231e28320 DEOPT UNPACKING pc=0x000001c21c8c23a3 sp=0x000000b9740fdb08 mode 2
Event: 16.717 Thread 0x000001c231e28320 Uncommon trap: trap_request=0xffffff45 fr.pc=0x000001c2244108e4 relative=0x0000000000002c64
Event: 16.718 Thread 0x000001c231e28320 Uncommon trap: reason=unstable_if action=reinterpret pc=0x000001c2244108e4 method=com.sun.marlin.Renderer._endRendering(IILcom/sun/marlin/MarlinAlphaConsumer;)V @ 325 c2
Event: 16.718 Thread 0x000001c231e28320 DEOPT PACKING pc=0x000001c2244108e4 sp=0x000000b9740fdc00
Event: 16.718 Thread 0x000001c231e28320 DEOPT UNPACKING pc=0x000001c21c8c23a3 sp=0x000000b9740fdb08 mode 2
Event: 17.582 Thread 0x000001c231e26170 Uncommon trap: trap_request=0xffffff45 fr.pc=0x000001c2243b6f90 relative=0x0000000000000e70
Event: 17.582 Thread 0x000001c231e26170 Uncommon trap: reason=unstable_if action=reinterpret pc=0x000001c2243b6f90 method=java.util.concurrent.ConcurrentHashMap.putVal(Ljava/lang/Object;Ljava/lang/Object;Z)Ljava/lang/Object; @ 231 c2
Event: 17.582 Thread 0x000001c231e26170 DEOPT PACKING pc=0x000001c2243b6f90 sp=0x000000b9747f7fd0
Event: 17.582 Thread 0x000001c231e26170 DEOPT UNPACKING pc=0x000001c21c8c23a3 sp=0x000000b9747f7f40 mode 2

Classes unloaded (0 events):
No events

Classes redefined (0 events):
No events

Internal exceptions (20 events):
Event: 2.685 Thread 0x000001c231e26170 Exception <a 'java/lang/NoSuchMethodError'{0x00000000a4dbaf50}: 'java.lang.Object java.lang.invoke.DirectMethodHandle$Holder.newInvokeSpecial(java.lang.Object, java.lang.Object, long)'> (0x00000000a4dbaf50) 
thrown [t:\workspace\open\src\hotspot\share\interpreter\linkResolver.cpp, line 766]
Event: 2.686 Thread 0x000001c231e26170 Exception <a 'java/lang/NoSuchMethodError'{0x00000000a4dbeac0}: 'java.lang.Object java.lang.invoke.Invokers$Holder.linkToTargetMethod(java.lang.Object, long, java.lang.Object)'> (0x00000000a4dbeac0) 
thrown [t:\workspace\open\src\hotspot\share\interpreter\linkResolver.cpp, line 766]
Event: 14.902 Thread 0x000001c231e26170 Exception <a 'sun/nio/fs/WindowsException'{0x00000000a66069b0}> (0x00000000a66069b0) 
thrown [t:\workspace\open\src\hotspot\share\prims\jni.cpp, line 516]
Event: 14.934 Thread 0x000001c231e26170 Exception <a 'java/lang/NoSuchMethodError'{0x00000000a66d5b98}: 'java.lang.Object java.lang.invoke.DirectMethodHandle$Holder.invokeInterface(java.lang.Object, java.lang.Object)'> (0x00000000a66d5b98) 
thrown [t:\workspace\open\src\hotspot\share\interpreter\linkResolver.cpp, line 766]
Event: 14.940 Thread 0x000001c231e26170 Exception <a 'sun/nio/fs/WindowsException'{0x00000000a66e05c0}> (0x00000000a66e05c0) 
thrown [t:\workspace\open\src\hotspot\share\prims\jni.cpp, line 516]
Event: 14.943 Thread 0x000001c231e26170 Exception <a 'sun/nio/fs/WindowsException'{0x00000000a66e3fb0}> (0x00000000a66e3fb0) 
thrown [t:\workspace\open\src\hotspot\share\prims\jni.cpp, line 516]
Event: 14.960 Thread 0x000001c231e26170 Exception <a 'sun/nio/fs/WindowsException'{0x00000000a6540270}> (0x00000000a6540270) 
thrown [t:\workspace\open\src\hotspot\share\prims\jni.cpp, line 516]
Event: 14.962 Thread 0x000001c231e26170 Exception <a 'sun/nio/fs/WindowsException'{0x00000000a6544ef8}> (0x00000000a6544ef8) 
thrown [t:\workspace\open\src\hotspot\share\prims\jni.cpp, line 516]
Event: 14.974 Thread 0x000001c231e26170 Exception <a 'java/lang/NoSuchMethodError'{0x00000000a6557f88}: 'java.lang.Object java.lang.invoke.DirectMethodHandle$Holder.invokeVirtual(java.lang.Object, java.lang.Object, java.lang.Object)'> (0x00000000a6557f88) 
thrown [t:\workspace\open\src\hotspot\share\interpreter\linkResolver.cpp, line 766]
Event: 15.161 Thread 0x000001c231e26170 Exception <a 'sun/nio/fs/WindowsException'{0x00000000a61e2790}> (0x00000000a61e2790) 
thrown [t:\workspace\open\src\hotspot\share\prims\jni.cpp, line 516]
Event: 15.240 Thread 0x000001c231e26170 Exception <a 'sun/nio/fs/WindowsException'{0x00000000a5f62528}> (0x00000000a5f62528) 
thrown [t:\workspace\open\src\hotspot\share\prims\jni.cpp, line 516]
Event: 15.250 Thread 0x000001c231e26170 Exception <a 'sun/nio/fs/WindowsException'{0x00000000a5f76d70}> (0x00000000a5f76d70) 
thrown [t:\workspace\open\src\hotspot\share\prims\jni.cpp, line 516]
Event: 15.260 Thread 0x000001c231e26170 Exception <a 'java/lang/NoSuchMethodError'{0x00000000a5f83488}: 'int java.lang.invoke.DirectMethodHandle$Holder.invokeStatic(java.lang.Object, java.lang.Object, java.lang.Object, java.lang.Object)'> (0x00000000a5f83488) 
thrown [t:\workspace\open\src\hotspot\share\interpreter\linkResolver.cpp, line 766]
Event: 15.261 Thread 0x000001c231e26170 Exception <a 'java/lang/NoSuchMethodError'{0x00000000a5f87488}: 'int java.lang.invoke.DirectMethodHandle$Holder.invokeStaticInit(java.lang.Object, java.lang.Object, java.lang.Object, java.lang.Object)'> (0x00000000a5f87488) 
thrown [t:\workspace\open\src\hotspot\share\interpreter\linkResolver.cpp, line 766]
Event: 15.263 Thread 0x000001c231e26170 Exception <a 'java/lang/IncompatibleClassChangeError'{0x00000000a5f90e60}: Found class java.lang.Object, but interface was expected> (0x00000000a5f90e60) 
thrown [t:\workspace\open\src\hotspot\share\interpreter\linkResolver.cpp, line 833]
Event: 15.333 Thread 0x000001c231e26170 Exception <a 'java/lang/NoSuchMethodError'{0x00000000a5d8c748}: 'java.lang.Object java.lang.invoke.DirectMethodHandle$Holder.invokeStaticInit(java.lang.Object, int, int, int, int)'> (0x00000000a5d8c748) 
thrown [t:\workspace\open\src\hotspot\share\interpreter\linkResolver.cpp, line 766]
Event: 15.387 Thread 0x000001c231e26170 Exception <a 'java/lang/NoSuchMethodError'{0x00000000a5de9cc0}: 'java.lang.Object java.lang.invoke.DirectMethodHandle$Holder.invokeStaticInit(java.lang.Object, java.lang.Object, int, int, int, int)'> (0x00000000a5de9cc0) 
thrown [t:\workspace\open\src\hotspot\share\interpreter\linkResolver.cpp, line 766]
Event: 16.284 Thread 0x000001c231e26170 Exception <a 'java/lang/NoSuchMethodError'{0x00000000a3142180}: 'void java.lang.invoke.DirectMethodHandle$Holder.invokeSpecialIFC(java.lang.Object, java.lang.Object, java.lang.Object, java.lang.Object)'> (0x00000000a3142180) 
thrown [t:\workspace\open\src\hotspot\share\interpreter\linkResolver.cpp, line 766]
Event: 16.338 Thread 0x000001c231e26170 Exception <a 'java/lang/NoSuchMethodError'{0x00000000a3055e80}: 'int java.lang.invoke.DirectMethodHandle$Holder.invokeSpecial(java.lang.Object, java.lang.Object, int)'> (0x00000000a3055e80) 
thrown [t:\workspace\open\src\hotspot\share\interpreter\linkResolver.cpp, line 766]
Event: 19.228 Thread 0x000001c231e26170 Exception <a 'java/lang/NoSuchMethodError'{0x00000000a2d36cd8}: static Lmwarehouse/warehouse/entity/Product;.<clinit>()V> (0x00000000a2d36cd8) 
thrown [t:\workspace\open\src\hotspot\share\prims\jni.cpp, line 1107]

VM Operations (20 events):
Event: 15.529 Executing VM operation: G1Concurrent done
Event: 15.533 Executing VM operation: G1Concurrent
Event: 15.535 Executing VM operation: G1Concurrent done
Event: 15.618 Executing VM operation: HandshakeAllThreads
Event: 15.618 Executing VM operation: HandshakeAllThreads done
Event: 16.015 Executing VM operation: HandshakeAllThreads
Event: 16.015 Executing VM operation: HandshakeAllThreads done
Event: 16.025 Executing VM operation: HandshakeAllThreads
Event: 16.026 Executing VM operation: HandshakeAllThreads done
Event: 16.482 Executing VM operation: ICBufferFull
Event: 16.482 Executing VM operation: ICBufferFull done
Event: 17.482 Executing VM operation: Cleanup
Event: 17.482 Executing VM operation: Cleanup done
Event: 19.482 Executing VM operation: Cleanup
Event: 19.482 Executing VM operation: Cleanup done
Event: 22.484 Executing VM operation: Cleanup
Event: 22.484 Executing VM operation: Cleanup done
Event: 23.485 Executing VM operation: Cleanup
Event: 23.485 Executing VM operation: Cleanup done
Event: 97.114 Executing VM operation: Exit

Events (20 events):
Event: 19.222 loading class java/io/ObjectInputStream$FieldValues done
Event: 19.222 loading class java/io/SerialCallbackContext
Event: 19.222 loading class java/io/SerialCallbackContext done
Event: 19.227 loading class java/io/ObjectStreamClass$1
Event: 19.228 loading class java/io/ObjectStreamClass$1 done
Event: 19.228 loading class java/io/ObjectStreamClass$MemberSignature
Event: 19.228 loading class java/io/ObjectStreamClass$MemberSignature done
Event: 19.228 loading class java/io/ObjectStreamClass$3
Event: 19.228 loading class java/io/ObjectStreamClass$3 done
Event: 19.228 loading class java/io/ObjectStreamClass$4
Event: 19.229 loading class java/io/ObjectStreamClass$4 done
Event: 19.229 loading class java/io/ObjectStreamClass$5
Event: 19.229 loading class java/io/ObjectStreamClass$5 done
Event: 97.109 loading class jdk/internal/misc/Signal$1
Event: 97.109 loading class jdk/internal/misc/Signal$1 done
Event: 97.109 Thread 0x000001c231e29660 Thread added: 0x000001c231e29660
Event: 97.111 Thread 0x000001c23292f600 Thread added: 0x000001c23292f600
Event: 97.111 Thread 0x000001c23292d450 Thread added: 0x000001c23292d450
Event: 97.112 Thread 0x000001c23292d450 Thread exited: 0x000001c23292d450
Event: 97.113 Thread 0x000001c23292f600 Thread exited: 0x000001c23292f600


Dynamic libraries:
0x00007ff76adb0000 - 0x00007ff76adbe000 	C:\Users\kondr\.jdks\openjdk-17\bin\java.exe
0x00007ffe8dd90000 - 0x00007ffe8df85000 	C:\Windows\SYSTEM32\ntdll.dll
0x00007ffe8d030000 - 0x00007ffe8d0ee000 	C:\Windows\System32\KERNEL32.DLL
0x00007ffe8b850000 - 0x00007ffe8bb18000 	C:\Windows\System32\KERNELBASE.dll
0x00007ffe8b5c0000 - 0x00007ffe8b6c0000 	C:\Windows\System32\ucrtbase.dll
0x00007ffe82550000 - 0x00007ffe8256a000 	C:\Users\kondr\.jdks\openjdk-17\bin\VCRUNTIME140.dll
0x00007ffe82810000 - 0x00007ffe82828000 	C:\Users\kondr\.jdks\openjdk-17\bin\jli.dll
0x00007ffe8db10000 - 0x00007ffe8dcb1000 	C:\Windows\System32\USER32.dll
0x00007ffe8bdb0000 - 0x00007ffe8bdd2000 	C:\Windows\System32\win32u.dll
0x00007ffe79ef0000 - 0x00007ffe7a18a000 	C:\Windows\WinSxS\amd64_microsoft.windows.common-controls_6595b64144ccf1df_6.0.19041.1110_none_60b5254171f9507e\COMCTL32.dll
0x00007ffe8d2c0000 - 0x00007ffe8d2eb000 	C:\Windows\System32\GDI32.dll
0x00007ffe8c100000 - 0x00007ffe8c19e000 	C:\Windows\System32\msvcrt.dll
0x00007ffe8b4b0000 - 0x00007ffe8b5bb000 	C:\Windows\System32\gdi32full.dll
0x00007ffe8bd10000 - 0x00007ffe8bdad000 	C:\Windows\System32\msvcp_win.dll
0x00007ffe8d000000 - 0x00007ffe8d030000 	C:\Windows\System32\IMM32.DLL
0x00007ffe85be0000 - 0x00007ffe85bec000 	C:\Users\kondr\.jdks\openjdk-17\bin\vcruntime140_1.dll
0x00007ffe7d390000 - 0x00007ffe7d41d000 	C:\Users\kondr\.jdks\openjdk-17\bin\msvcp140.dll
0x00007ffe517c0000 - 0x00007ffe5237e000 	C:\Users\kondr\.jdks\openjdk-17\bin\server\jvm.dll
0x00007ffe8c840000 - 0x00007ffe8c8ec000 	C:\Windows\System32\ADVAPI32.dll
0x00007ffe8bde0000 - 0x00007ffe8be7b000 	C:\Windows\System32\sechost.dll
0x00007ffe8c290000 - 0x00007ffe8c3ba000 	C:\Windows\System32\RPCRT4.dll
0x00007ffe8dd40000 - 0x00007ffe8dd48000 	C:\Windows\System32\PSAPI.DLL
0x00007ffe80610000 - 0x00007ffe80637000 	C:\Windows\SYSTEM32\WINMM.dll
0x00007ffe85430000 - 0x00007ffe85439000 	C:\Windows\SYSTEM32\WSOCK32.dll
0x00007ffe80640000 - 0x00007ffe8064a000 	C:\Windows\SYSTEM32\VERSION.dll
0x00007ffe8cf10000 - 0x00007ffe8cf7b000 	C:\Windows\System32\WS2_32.dll
0x00007ffe89d60000 - 0x00007ffe89d72000 	C:\Windows\SYSTEM32\kernel.appcore.dll
0x00007ffe853f0000 - 0x00007ffe853fa000 	C:\Users\kondr\.jdks\openjdk-17\bin\jimage.dll
0x00007ffe88910000 - 0x00007ffe88af4000 	C:\Windows\SYSTEM32\DBGHELP.DLL
0x00007ffe78570000 - 0x00007ffe7859c000 	C:\Windows\SYSTEM32\dbgcore.DLL
0x00007ffe8bb20000 - 0x00007ffe8bba3000 	C:\Windows\System32\bcryptPrimitives.dll
0x00007ffe82800000 - 0x00007ffe8280e000 	C:\Users\kondr\.jdks\openjdk-17\bin\instrument.dll
0x00007ffe7dc70000 - 0x00007ffe7dc95000 	C:\Users\kondr\.jdks\openjdk-17\bin\java.dll
0x00007ffe6b370000 - 0x00007ffe6b446000 	C:\Users\kondr\.jdks\openjdk-17\bin\svml.dll
0x00007ffe8d2f0000 - 0x00007ffe8da2f000 	C:\Windows\System32\SHELL32.dll
0x00007ffe89590000 - 0x00007ffe89d20000 	C:\Windows\SYSTEM32\windows.storage.dll
0x00007ffe8c3c0000 - 0x00007ffe8c715000 	C:\Windows\System32\combase.dll
0x00007ffe8ae30000 - 0x00007ffe8ae5e000 	C:\Windows\SYSTEM32\Wldp.dll
0x00007ffe8d1b0000 - 0x00007ffe8d25d000 	C:\Windows\System32\SHCORE.dll
0x00007ffe8d260000 - 0x00007ffe8d2b5000 	C:\Windows\System32\shlwapi.dll
0x00007ffe8b3f0000 - 0x00007ffe8b40f000 	C:\Windows\SYSTEM32\profapi.dll
0x00007ffe7dc50000 - 0x00007ffe7dc69000 	C:\Users\kondr\.jdks\openjdk-17\bin\net.dll
0x00007ffe7b500000 - 0x00007ffe7b60c000 	C:\Windows\SYSTEM32\WINHTTP.dll
0x00007ffe8ab90000 - 0x00007ffe8abfa000 	C:\Windows\system32\mswsock.dll
0x00007ffe7d370000 - 0x00007ffe7d385000 	C:\Users\kondr\.jdks\openjdk-17\bin\nio.dll
0x00007ffe7d300000 - 0x00007ffe7d318000 	C:\Users\kondr\.jdks\openjdk-17\bin\zip.dll
0x00007ffe7d040000 - 0x00007ffe7d05a000 	D:\Prog BSUIR\IntelliJ idea\IntelliJ IDEA 2021.2.1\bin\breakgen64.dll
0x000001c215040000 - 0x000001c215043000 	C:\Users\kondr\.openjfx\cache\17-ea\api-ms-win-core-console-l1-1-0.dll
0x000001c231ff0000 - 0x000001c231ff3000 	C:\Users\kondr\.openjfx\cache\17-ea\api-ms-win-core-console-l1-2-0.dll
0x000001c233400000 - 0x000001c233403000 	C:\Users\kondr\.openjfx\cache\17-ea\api-ms-win-core-datetime-l1-1-0.dll
0x000001c233410000 - 0x000001c233413000 	C:\Users\kondr\.openjfx\cache\17-ea\api-ms-win-core-debug-l1-1-0.dll
0x000001c233420000 - 0x000001c233423000 	C:\Users\kondr\.openjfx\cache\17-ea\api-ms-win-core-errorhandling-l1-1-0.dll
0x000001c233430000 - 0x000001c233434000 	C:\Users\kondr\.openjfx\cache\17-ea\api-ms-win-core-file-l1-1-0.dll
0x000001c233440000 - 0x000001c233443000 	C:\Users\kondr\.openjfx\cache\17-ea\api-ms-win-core-file-l1-2-0.dll
0x000001c233450000 - 0x000001c233453000 	C:\Users\kondr\.openjfx\cache\17-ea\api-ms-win-core-file-l2-1-0.dll
0x000001c233460000 - 0x000001c233463000 	C:\Users\kondr\.openjfx\cache\17-ea\api-ms-win-core-handle-l1-1-0.dll
0x000001c233470000 - 0x000001c233473000 	C:\Users\kondr\.openjfx\cache\17-ea\api-ms-win-core-heap-l1-1-0.dll
0x000001c233480000 - 0x000001c233483000 	C:\Users\kondr\.openjfx\cache\17-ea\api-ms-win-core-interlocked-l1-1-0.dll
0x000001c233490000 - 0x000001c233493000 	C:\Users\kondr\.openjfx\cache\17-ea\api-ms-win-core-libraryloader-l1-1-0.dll
0x000001c2334a0000 - 0x000001c2334a3000 	C:\Users\kondr\.openjfx\cache\17-ea\api-ms-win-core-localization-l1-2-0.dll
0x000001c2334b0000 - 0x000001c2334b3000 	C:\Users\kondr\.openjfx\cache\17-ea\api-ms-win-core-memory-l1-1-0.dll
0x000001c2334c0000 - 0x000001c2334c3000 	C:\Users\kondr\.openjfx\cache\17-ea\api-ms-win-core-namedpipe-l1-1-0.dll
0x000001c2334d0000 - 0x000001c2334d3000 	C:\Users\kondr\.openjfx\cache\17-ea\api-ms-win-core-processenvironment-l1-1-0.dll
0x000001c2334e0000 - 0x000001c2334e3000 	C:\Users\kondr\.openjfx\cache\17-ea\api-ms-win-core-processthreads-l1-1-0.dll
0x000001c2334f0000 - 0x000001c2334f3000 	C:\Users\kondr\.openjfx\cache\17-ea\api-ms-win-core-processthreads-l1-1-1.dll
0x000001c233500000 - 0x000001c233503000 	C:\Users\kondr\.openjfx\cache\17-ea\api-ms-win-core-profile-l1-1-0.dll
0x000001c233510000 - 0x000001c233513000 	C:\Users\kondr\.openjfx\cache\17-ea\api-ms-win-core-rtlsupport-l1-1-0.dll
0x000001c233520000 - 0x000001c233523000 	C:\Users\kondr\.openjfx\cache\17-ea\api-ms-win-core-string-l1-1-0.dll
0x000001c233530000 - 0x000001c233533000 	C:\Users\kondr\.openjfx\cache\17-ea\api-ms-win-core-synch-l1-1-0.dll
0x000001c233540000 - 0x000001c233543000 	C:\Users\kondr\.openjfx\cache\17-ea\api-ms-win-core-synch-l1-2-0.dll
0x000001c233550000 - 0x000001c233553000 	C:\Users\kondr\.openjfx\cache\17-ea\api-ms-win-core-sysinfo-l1-1-0.dll
0x000001c233560000 - 0x000001c233563000 	C:\Users\kondr\.openjfx\cache\17-ea\api-ms-win-core-timezone-l1-1-0.dll
0x000001c233570000 - 0x000001c233573000 	C:\Users\kondr\.openjfx\cache\17-ea\api-ms-win-core-util-l1-1-0.dll
0x000001c233580000 - 0x000001c233583000 	C:\Users\kondr\.openjfx\cache\17-ea\api-ms-win-crt-conio-l1-1-0.dll
0x000001c233590000 - 0x000001c233594000 	C:\Users\kondr\.openjfx\cache\17-ea\api-ms-win-crt-convert-l1-1-0.dll
0x000001c2335a0000 - 0x000001c2335a3000 	C:\Users\kondr\.openjfx\cache\17-ea\api-ms-win-crt-environment-l1-1-0.dll
0x000001c2335b0000 - 0x000001c2335b3000 	C:\Users\kondr\.openjfx\cache\17-ea\api-ms-win-crt-filesystem-l1-1-0.dll
0x000001c2335c0000 - 0x000001c2335c3000 	C:\Users\kondr\.openjfx\cache\17-ea\api-ms-win-crt-heap-l1-1-0.dll
0x000001c2335d0000 - 0x000001c2335d3000 	C:\Users\kondr\.openjfx\cache\17-ea\api-ms-win-crt-locale-l1-1-0.dll
0x000001c2335e0000 - 0x000001c2335e5000 	C:\Users\kondr\.openjfx\cache\17-ea\api-ms-win-crt-math-l1-1-0.dll
0x000001c2335f0000 - 0x000001c2335f5000 	C:\Users\kondr\.openjfx\cache\17-ea\api-ms-win-crt-multibyte-l1-1-0.dll
0x000001c233600000 - 0x000001c233610000 	C:\Users\kondr\.openjfx\cache\17-ea\api-ms-win-crt-private-l1-1-0.dll
0x000001c233610000 - 0x000001c233613000 	C:\Users\kondr\.openjfx\cache\17-ea\api-ms-win-crt-process-l1-1-0.dll
0x000001c233620000 - 0x000001c233624000 	C:\Users\kondr\.openjfx\cache\17-ea\api-ms-win-crt-runtime-l1-1-0.dll
0x000001c233630000 - 0x000001c233634000 	C:\Users\kondr\.openjfx\cache\17-ea\api-ms-win-crt-stdio-l1-1-0.dll
0x000001c233640000 - 0x000001c233644000 	C:\Users\kondr\.openjfx\cache\17-ea\api-ms-win-crt-string-l1-1-0.dll
0x000001c233650000 - 0x000001c233653000 	C:\Users\kondr\.openjfx\cache\17-ea\api-ms-win-crt-time-l1-1-0.dll
0x000001c233660000 - 0x000001c233663000 	C:\Users\kondr\.openjfx\cache\17-ea\api-ms-win-crt-utility-l1-1-0.dll
0x00007ffe6b240000 - 0x00007ffe6b33c000 	C:\Users\kondr\.openjfx\cache\17-ea\ucrtbase.dll
0x00007ffe7d000000 - 0x00007ffe7d01a000 	C:\Users\kondr\.openjfx\cache\17-ea\vcruntime140.dll
0x00007ffe7cff0000 - 0x00007ffe7cffc000 	C:\Users\kondr\.openjfx\cache\17-ea\vcruntime140_1.dll
0x00007ffe6b1b0000 - 0x00007ffe6b23d000 	C:\Users\kondr\.openjfx\cache\17-ea\msvcp140.dll
0x00007ffe79b60000 - 0x00007ffe79b87000 	C:\Users\kondr\.openjfx\cache\17-ea\prism_d3d.dll
0x00007ffe4b180000 - 0x00007ffe4b34e000 	C:\Windows\system32\d3d9.dll
0x00007ffe88d60000 - 0x00007ffe88d8f000 	C:\Windows\SYSTEM32\dwmapi.dll
0x00007ffe88b50000 - 0x00007ffe88bee000 	C:\Windows\system32\uxtheme.dll
0x00007ffe80650000 - 0x00007ffe8082b000 	C:\Windows\System32\DriverStore\FileRepository\u0361456.inf_amd64_23e88333e0901bd6\B358570\aticfx64.dll
0x00007ffe6b650000 - 0x00007ffe6b683000 	C:\Windows\System32\DriverStore\FileRepository\u0361456.inf_amd64_23e88333e0901bd6\B358570\atiu9p64.dll
0x00007ffe50b20000 - 0x00007ffe517b6000 	C:\Windows\System32\DriverStore\FileRepository\u0361456.inf_amd64_23e88333e0901bd6\B358570\atiumd64.dll
0x00007ffe8c8f0000 - 0x00007ffe8ca1a000 	C:\Windows\System32\ole32.dll
0x0000000076f30000 - 0x0000000077da9000 	C:\Windows\System32\DriverStore\FileRepository\u0361456.inf_amd64_23e88333e0901bd6\B358570\atiumd6a.dll
0x00007ffe8b320000 - 0x00007ffe8b36b000 	C:\Windows\SYSTEM32\POWRPROF.dll
0x00007ffe8b300000 - 0x00007ffe8b312000 	C:\Windows\SYSTEM32\UMPDC.dll
0x00007ffe7dd00000 - 0x00007ffe7dd2f000 	C:\Windows\SYSTEM32\amdihk64.dll
0x00007ffe6b160000 - 0x00007ffe6b1a2000 	C:\Users\kondr\.openjfx\cache\17-ea\glass.dll
0x00007ffe8da30000 - 0x00007ffe8db0a000 	C:\Windows\System32\COMDLG32.dll
0x00007ffe8be80000 - 0x00007ffe8bf4d000 	C:\Windows\System32\OLEAUT32.dll
0x00007ffe8c720000 - 0x00007ffe8c835000 	C:\Windows\System32\MSCTF.dll
0x00007ffe85c10000 - 0x00007ffe85c4b000 	C:\Windows\SYSTEM32\dxcore.dll
0x00007ffe8bc10000 - 0x00007ffe8bc5e000 	C:\Windows\System32\cfgmgr32.dll
0x00007ffe7cfd0000 - 0x00007ffe7cfe4000 	C:\Users\kondr\.openjfx\cache\17-ea\javafx_font.dll
0x00007ffe6ab30000 - 0x00007ffe6adb3000 	C:\Windows\SYSTEM32\dwrite.dll
0x00007ffe8d0f0000 - 0x00007ffe8d199000 	C:\Windows\System32\clbcatq.dll
0x00007ffe83740000 - 0x00007ffe838f4000 	C:\Windows\SYSTEM32\WindowsCodecs.dll
0x00007ffe8b820000 - 0x00007ffe8b847000 	C:\Windows\System32\bcrypt.dll
0x00007ffe79a80000 - 0x00007ffe79abe000 	C:\Windows\system32\dataexchange.dll
0x00007ffe86b30000 - 0x00007ffe86d94000 	C:\Windows\system32\d3d11.dll
0x00007ffe87a60000 - 0x00007ffe87c45000 	C:\Windows\system32\dcomp.dll
0x00007ffe89da0000 - 0x00007ffe89e94000 	C:\Windows\system32\dxgi.dll
0x00007ffe83c20000 - 0x00007ffe83e21000 	C:\Windows\system32\twinapi.appcore.dll
0x00007ffe6b120000 - 0x00007ffe6b154000 	C:\Program Files\Common Files\Microsoft Shared\Ink\rtscom.dll
0x00007ffe7de90000 - 0x00007ffe7df89000 	C:\Windows\SYSTEM32\textinputframework.dll
0x00007ffe87fd0000 - 0x00007ffe8832e000 	C:\Windows\System32\CoreUIComponents.dll
0x00007ffe88330000 - 0x00007ffe88422000 	C:\Windows\System32\CoreMessaging.dll
0x00007ffe8a1a0000 - 0x00007ffe8a1d3000 	C:\Windows\SYSTEM32\ntmarta.dll
0x00007ffe87900000 - 0x00007ffe87a54000 	C:\Windows\SYSTEM32\wintypes.dll
0x00007ffe87340000 - 0x00007ffe87900000 	C:\Windows\SYSTEM32\d2d1.dll
0x00007ffe80960000 - 0x00007ffe81056000 	C:\Windows\SYSTEM32\D3D10Warp.dll

dbghelp: loaded successfully - version: 4.0.5 - missing functions: none
symbol engine: initialized successfully - sym options: 0x614 - pdb path: .;C:\Users\kondr\.jdks\openjdk-17\bin;C:\Windows\SYSTEM32;C:\Windows\WinSxS\amd64_microsoft.windows.common-controls_6595b64144ccf1df_6.0.19041.1110_none_60b5254171f9507e;C:\Users\kondr\.jdks\openjdk-17\bin\server;D:\Prog BSUIR\IntelliJ idea\IntelliJ IDEA 2021.2.1\bin;C:\Users\kondr\.openjfx\cache\17-ea;C:\Windows\System32\DriverStore\FileRepository\u0361456.inf_amd64_23e88333e0901bd6\B358570;C:\Program Files\Common Files\Microsoft Shared\Ink

VM Arguments:
jvm_args: -javaagent:D:\Prog BSUIR\IntelliJ idea\IntelliJ IDEA 2021.2.1\lib\idea_rt.jar=61047:D:\Prog BSUIR\IntelliJ idea\IntelliJ IDEA 2021.2.1\bin -Dfile.encoding=UTF-8 --module-path=C:\Users\kondr\.m2\repository\org\openjfx\javafx-base\17-ea+11\javafx-base-17-ea+11-win.jar;C:\Users\kondr\.m2\repository\org\openjfx\javafx-controls\17-ea+11\javafx-controls-17-ea+11-win.jar;C:\Users\kondr\.m2\repository\org\openjfx\javafx-fxml\17-ea+11\javafx-fxml-17-ea+11-win.jar;D:\BSUIR\3rd year\5 semestr\Ďđîă_ŃĎ Ęóđńîâŕ˙\warehouse\target\classes;C:\Users\kondr\.m2\repository\org\openjfx\javafx-graphics\17-ea+11\javafx-graphics-17-ea+11-win.jar -Djdk.module.main=mwarehouse.warehouse 
java_command: mwarehouse.warehouse/mwarehouse.warehouse.ClientMain
java_class_path (initial): C:\Users\kondr\.m2\repository\org\openjfx\javafx-controls\17-ea+11\javafx-controls-17-ea+11.jar;C:\Users\kondr\.m2\repository\org\openjfx\javafx-graphics\17-ea+11\javafx-graphics-17-ea+11.jar;C:\Users\kondr\.m2\repository\org\openjfx\javafx-base\17-ea+11\javafx-base-17-ea+11.jar;C:\Users\kondr\.m2\repository\org\openjfx\javafx-fxml\17-ea+11\javafx-fxml-17-ea+11.jar;D:\BSUIR\3rd year\5 semestr\Ďđîă_ŃĎ Ęóđńîâŕ˙\warehouse\mysql-connector-java-8.0.26.jar
Launcher Type: SUN_STANDARD

[Global flags]
     intx CICompilerCount                          = 4                                         {product} {ergonomic}
     uint ConcGCThreads                            = 2                                         {product} {ergonomic}
     uint G1ConcRefinementThreads                  = 8                                         {product} {ergonomic}
   size_t G1HeapRegionSize                         = 1048576                                   {product} {ergonomic}
    uintx GCDrainStackTargetSize                   = 64                                        {product} {ergonomic}
   size_t InitialHeapSize                          = 100663296                                 {product} {ergonomic}
   size_t MarkStackSize                            = 4194304                                   {product} {ergonomic}
   size_t MaxHeapSize                              = 1595932672                                {product} {ergonomic}
   size_t MaxNewSize                               = 957349888                                 {product} {ergonomic}
   size_t MinHeapDeltaBytes                        = 1048576                                   {product} {ergonomic}
   size_t MinHeapSize                              = 8388608                                   {product} {ergonomic}
    uintx NonNMethodCodeHeapSize                   = 5839372                                {pd product} {ergonomic}
    uintx NonProfiledCodeHeapSize                  = 122909434                              {pd product} {ergonomic}
    uintx ProfiledCodeHeapSize                     = 122909434                              {pd product} {ergonomic}
    uintx ReservedCodeCacheSize                    = 251658240                              {pd product} {ergonomic}
     bool SegmentedCodeCache                       = true                                      {product} {ergonomic}
   size_t SoftMaxHeapSize                          = 1595932672                             {manageable} {ergonomic}
     bool UseCompressedClassPointers               = true                           {product lp64_product} {ergonomic}
     bool UseCompressedOops                        = true                           {product lp64_product} {ergonomic}
     bool UseG1GC                                  = true                                      {product} {ergonomic}
     bool UseLargePagesIndividualAllocation        = false                                  {pd product} {ergonomic}

Logging:
Log output configuration:
 #0: stdout all=off uptime,level,tags
 #1: stderr all=off uptime,level,tags

Environment Variables:
PATH=C:\Windows\system32;C:\Windows;C:\Windows\System32\Wbem;C:\Windows\System32\WindowsPowerShell\v1.0\;C:\Windows\System32\OpenSSH\;C:\Program Files\dotnet\;C:\Program Files\Microsoft SQL Server\130\Tools\Binn\;C:\Program Files\Microsoft SQL Server\Client SDK\ODBC\170\Tools\Binn\;C:\Program Files (x86)\dotnet\;C:\Program Files\Git\cmd;C:\Windows\system32\config\systemprofile\.dnx\bin;C:\Program Files\Microsoft DNX\Dnvm\;C:\Program Files\MySQL\MySQL Shell 8.0\bin\;C:\Users\kondr\AppData\Local\Microsoft\WindowsApps;;D:\Prog BSUIR\PyCharm\PyCharm 2021.1.3\bin;;D:\Prog BSUIR\PyCharm\PyCharm Community Edition 2021.1.3\bin;;C:\Program Files\JetBrains\IntelliJ IDEA Educational Edition 2021.2\bin;;C:\Program Files\JetBrains\IntelliJ IDEA Community Edition 2021.2.1\bin;;C:\Users\kondr\.dotnet\tools;D:\Prog BSUIR\IntelliJ idea\IntelliJ IDEA 2021.2.1\bin;
USERNAME=kondr
OS=Windows_NT
PROCESSOR_IDENTIFIER=AMD64 Family 23 Model 24 Stepping 1, AuthenticAMD



---------------  S Y S T E M  ---------------

OS:
 Windows 10 , 64 bit Build 19041 (10.0.19041.1348)
OS uptime: 5 days 4:30 hours

CPU: total 8 (initial active 8) (8 cores per cpu, 2 threads per core) family 23 model 24 stepping 1 microcode 0x0, cx8, cmov, fxsr, ht, mmx, 3dnowpref, sse, sse2, sse3, ssse3, sse4a, sse4.1, sse4.2, popcnt, lzcnt, tsc, tscinvbit, avx, avx2, aes, clmul, bmi1, bmi2, adx, sha, fma, vzeroupper, clflush, clflushopt

Memory: 4k page, system-wide physical 6082M (866M free)
TotalPageFile size 13208M (AvailPageFile size 1943M)
current process WorkingSet (physical memory assigned to process): 142M, peak: 164M
current process commit charge ("private bytes"): 232M, peak: 276M

vm_info: OpenJDK 64-Bit Server VM (17+35-2724) for windows-amd64 JRE (17+35-2724), built on Aug  5 2021 23:26:02 by "mach5one" with MS VC++ 16.8 (VS2019)

END.
