#
# A fatal error has been detected by the Java Runtime Environment:
#
#  EXCEPTION_ACCESS_VIOLATION (0xc0000005) at pc=0x00007ffe55a16a87, pid=1868, tid=14504
#
# JRE version: OpenJDK Runtime Environment (17.0+35) (build 17+35-2724)
# Java VM: OpenJDK 64-Bit Server VM (17+35-2724, mixed mode, sharing, tiered, compressed oops, compressed class ptrs, g1 gc, windows-amd64)
# Problematic frame:
# C  [glass.dll+0x26a87]
#
# No core dump will be written. Minidumps are not enabled by default on client versions of Windows
#
# If you would like to submit a bug report, please visit:
#   https://bugreport.java.com/bugreport/crash.jsp
#

---------------  S U M M A R Y ------------

Command Line: -javaagent:D:\Prog BSUIR\IntelliJ idea\IntelliJ IDEA 2021.2.1\lib\idea_rt.jar=64924:D:\Prog BSUIR\IntelliJ idea\IntelliJ IDEA 2021.2.1\bin -Dfile.encoding=UTF-8 --module-path=C:\Users\kondr\.m2\repository\org\openjfx\javafx-fxml\17-ea+11\javafx-fxml-17-ea+11-win.jar;C:\Users\kondr\.m2\repository\org\openjfx\javafx-graphics\17-ea+11\javafx-graphics-17-ea+11-win.jar;D:\BSUIR\3rd year\5 semestr\Ďđîă_ŃĎ Ęóđńîâŕ˙\warehouse\target\classes;C:\Users\kondr\.m2\repository\org\openjfx\javafx-controls\17-ea+11\javafx-controls-17-ea+11-win.jar;C:\Users\kondr\.m2\repository\org\openjfx\javafx-base\17-ea+11\javafx-base-17-ea+11-win.jar -Djdk.module.main=mwarehouse.warehouse mwarehouse.warehouse/mwarehouse.warehouse.ClientMain

Host: AMD Ryzen 7 3700U with Radeon Vega Mobile Gfx  , 8 cores, 5G,  Windows 10 , 64 bit Build 19041 (10.0.19041.1348)
Time: Sun Dec  5 16:24:09 2021 RTZ 2 (s 10 , 64 bit Build 19041 (10.0.19041.1348) elapsed time: 222.673922 seconds (0d 0h 3m 42s)

---------------  T H R E A D  ---------------

Current thread (0x00000246ebdaebb0):  VMThread "VM Thread" [stack: 0x0000008c83c00000,0x0000008c83d00000] [id=14504]

Stack: [0x0000008c83c00000,0x0000008c83d00000],  sp=0x0000008c83cff470,  free space=1021k
Native frames: (J=compiled Java code, j=interpreted, Vv=VM code, C=native code)
C  [glass.dll+0x26a87]


siginfo: EXCEPTION_ACCESS_VIOLATION (0xc0000005), reading address 0x0000000000000000


Register to memory mapping:

RIP=0x00007ffe55a16a87 glass.dll
RAX=0x0 is NULL
RBX=0x00000246f9a704f8 is a global jni handle
RCX=0x00000246ebdaebb0 points into unknown readable memory: 0x00007ffe5213c540 | 40 c5 13 52 fe 7f 00 00
RDX=0x0000008c83cff470 points into unknown readable memory: 0x0000000000000000 | 00 00 00 00 00 00 00 00
RSP=0x0000008c83cff470 points into unknown readable memory: 0x0000000000000000 | 00 00 00 00 00 00 00 00
RBP=0x00000246faf9cc58 points into unknown readable memory: 0x0000a7098ebf0fc1 | c1 0f bf 8e 09 a7 00 00
RSI=0x00000246faf9cc30 points into unknown readable memory: 0x000058f525fd7319 | 19 73 fd 25 f5 58 00 00
RDI=0x0000a7098ebf0fc1 is an unknown value
R8 =0x0000000000010002 is an unknown value
R9 =0x0000a7098ebf0fc1 is an unknown value
R10=0x0000000000008000 is an unknown value
R11=0x0000008c83cff400 points into unknown readable memory: 0x00000246faf9cc30 | 30 cc f9 fa 46 02 00 00
R12=0x00007ffe55a14354 glass.dll
R13=0x00007ffe522e2940 jvm.dll
R14=0x0000008c83cff568 points into unknown readable memory: 0x0000008c83cff550 | 50 f5 cf 83 8c 00 00 00
R15=0x00000246faf9cc30 points into unknown readable memory: 0x000058f525fd7319 | 19 73 fd 25 f5 58 00 00


Registers:
RAX=0x0000000000000000, RBX=0x00000246f9a704f8, RCX=0x00000246ebdaebb0, RDX=0x0000008c83cff470
RSP=0x0000008c83cff470, RBP=0x00000246faf9cc58, RSI=0x00000246faf9cc30, RDI=0x0000a7098ebf0fc1
R8 =0x0000000000010002, R9 =0x0000a7098ebf0fc1, R10=0x0000000000008000, R11=0x0000008c83cff400
R12=0x00007ffe55a14354, R13=0x00007ffe522e2940, R14=0x0000008c83cff568, R15=0x00000246faf9cc30
RIP=0x00007ffe55a16a87, EFLAGS=0x0000000000010202

Top of Stack: (sp=0x0000008c83cff470)
0x0000008c83cff470:   0000000000000000 00000246faf9cc30
0x0000008c83cff480:   00007ffe522e2940 00007ffe55a14354
0x0000008c83cff490:   00000246faf9cc38 00007ffe8b5d42d6
0x0000008c83cff4a0:   0000a7098ebf0fc1 0000024600000000
0x0000008c83cff4b0:   00000246faf9cc58 00000246faf9cc30
0x0000008c83cff4c0:   fffffffffffffffe 0000000000000000
0x0000008c83cff4d0:   0000000000000001 00007ffe559f0000
0x0000008c83cff4e0:   0000008c83cff558 00007ffe8b5d41fb
0x0000008c83cff4f0:   0000000000000000 0000008c83cff568
0x0000008c83cff500:   0000008c83cff830 00007ffe8b6b0e40
0x0000008c83cff510:   0000000000000001 00007ffe8b5d41b4
0x0000008c83cff520:   0000000000000000 0000000000000001
0x0000008c83cff530:   0000000000000000 0000008c83cff558
0x0000008c83cff540:   0000000000000001 00007ffe55a141e1
0x0000008c83cff550:   00007ffe55a2a138 00007ffe00000002
0x0000008c83cff560:   0000000000000002 0000008c83cff550 

Instructions: (pc=0x00007ffe55a16a87)
0x00007ffe55a16987:   8b 4d 58 e8 01 cf ff ff 48 8b 4d 60 e8 f8 ce ff
0x00007ffe55a16997:   ff 48 8b 95 80 00 00 00 48 8b 8d 18 01 00 00 e8
0x00007ffe55a169a7:   c6 c3 ff ff 33 d2 33 c9 e8 3c e1 ff ff 90 48 89
0x00007ffe55a169b7:   54 24 10 55 48 83 ec 20 48 8b ea 48 b8 00 00 00
0x00007ffe55a169c7:   00 00 00 00 00 48 83 c4 20 5d c3 cc 40 55 48 8b
0x00007ffe55a169d7:   ea 48 8b 01 33 c9 81 38 05 00 00 c0 0f 94 c1 8b
0x00007ffe55a169e7:   c1 5d c3 cc 40 55 48 83 ec 20 48 8b ea 8a 4d 40
0x00007ffe55a169f7:   48 83 c4 20 5d e9 f7 d2 ff ff cc 40 55 48 83 ec
0x00007ffe55a16a07:   20 48 8b ea 8a 4d 20 e8 e5 d2 ff ff 90 48 83 c4
0x00007ffe55a16a17:   20 5d c3 cc 40 55 48 83 ec 20 48 8b ea 48 83 c4
0x00007ffe55a16a27:   20 5d e9 46 d1 ff ff cc 40 55 48 83 ec 30 48 8b
0x00007ffe55a16a37:   ea 48 8b 01 8b 10 48 89 4c 24 28 89 54 24 20 4c
0x00007ffe55a16a47:   8d 0d e7 d5 ff ff 4c 8b 45 70 8b 55 68 48 8b 4d
0x00007ffe55a16a57:   60 e8 87 d0 ff ff 90 48 83 c4 30 5d c3 cc cc cc
0x00007ffe55a16a67:   cc cc cc cc cc cc cc cc cc 40 53 48 83 ec 20 48
0x00007ffe55a16a77:   8b 1d b3 30 01 00 48 85 db 74 16 e8 09 8b ff ff
0x00007ffe55a16a87:   4c 8b 00 48 8b d3 48 8b c8 41 ff 90 b0 00 00 00
0x00007ffe55a16a97:   90 48 83 c4 20 5b c3 cc cc 40 53 48 83 ec 20 48
0x00007ffe55a16aa7:   8b 1d 2b 32 01 00 48 85 db 74 57 b8 ff ff ff ff
0x00007ffe55a16ab7:   f0 0f c1 43 10 83 f8 01 75 3d 48 85 db 74 38 48
0x00007ffe55a16ac7:   8b 0b 48 85 c9 74 0d ff 15 d4 07 00 00 48 c7 03
0x00007ffe55a16ad7:   00 00 00 00 48 8b 4b 08 48 85 c9 74 0d e8 a7 cd
0x00007ffe55a16ae7:   ff ff 48 c7 43 08 00 00 00 00 ba 18 00 00 00 48
0x00007ffe55a16af7:   8b cb e8 92 cd ff ff 48 c7 05 cf 31 01 00 00 00
0x00007ffe55a16b07:   00 00 48 83 c4 20 5b c3 cc 40 53 48 83 ec 20 48
0x00007ffe55a16b17:   8b 1d 9b 31 01 00 48 85 db 74 57 b8 ff ff ff ff
0x00007ffe55a16b27:   f0 0f c1 43 10 83 f8 01 75 3d 48 85 db 74 38 48
0x00007ffe55a16b37:   8b 0b 48 85 c9 74 0d ff 15 64 07 00 00 48 c7 03
0x00007ffe55a16b47:   00 00 00 00 48 8b 4b 08 48 85 c9 74 0d e8 37 cd
0x00007ffe55a16b57:   ff ff 48 c7 43 08 00 00 00 00 ba 18 00 00 00 48
0x00007ffe55a16b67:   8b cb e8 22 cd ff ff 48 c7 05 3f 31 01 00 00 00
0x00007ffe55a16b77:   00 00 48 83 c4 20 5b c3 cc 40 53 48 83 ec 20 48 


Stack slot to memory mapping:
stack at sp + 0 slots: 0x0 is NULL
stack at sp + 1 slots: 0x00000246faf9cc30 points into unknown readable memory: 0x000058f525fd7319 | 19 73 fd 25 f5 58 00 00
stack at sp + 2 slots: 0x00007ffe522e2940 jvm.dll
stack at sp + 3 slots: 0x00007ffe55a14354 glass.dll
stack at sp + 4 slots: 0x00000246faf9cc38 points into unknown readable memory: 0x0000a7098ebf0fc1 | c1 0f bf 8e 09 a7 00 00
stack at sp + 5 slots: 0x00007ffe8b5d42d6 ucrtbase.dll
stack at sp + 6 slots: 0x0000a7098ebf0fc1 is an unknown value
stack at sp + 7 slots: 0x0000024600000000 is an unknown value

VM_Operation (0x0000008c833ff180): Exit, mode: safepoint, requested by thread 0x000002468f907470


---------------  P R O C E S S  ---------------

Threads class SMR info:
_java_thread_list=0x000002468f78cdb0, length=21, elements={
0x00000246ebcceed0, 0x00000246f9a637e0, 0x00000246f9a66660, 0x00000246f9a85230,
0x00000246f9a83080, 0x00000246f9a84890, 0x00000246f9a8c980, 0x00000246f9a8d420,
0x00000246f9aa2a20, 0x00000246f9a83550, 0x00000246f9a83ef0, 0x00000246f9a84d60,
0x00000246f9a81d40, 0x00000246f9a85700, 0x00000246f9a83a20, 0x00000246f9a82210,
0x00000246f9a826e0, 0x00000246f9a82bb0, 0x000002468f907e10, 0x000002468f9022a0,
0x000002468f907470
}

Java Threads: ( => current thread )
  0x00000246ebcceed0 JavaThread "main" [_thread_blocked, id=10808, stack(0x0000008c83600000,0x0000008c83700000)]
  0x00000246f9a637e0 JavaThread "Reference Handler" daemon [_thread_blocked, id=21204, stack(0x0000008c83d00000,0x0000008c83e00000)]
  0x00000246f9a66660 JavaThread "Finalizer" daemon [_thread_blocked, id=9712, stack(0x0000008c83e00000,0x0000008c83f00000)]
  0x00000246f9a85230 JavaThread "Attach Listener" daemon [_thread_blocked, id=20432, stack(0x0000008c84000000,0x0000008c84100000)]
  0x00000246f9a83080 JavaThread "Service Thread" daemon [_thread_blocked, id=10756, stack(0x0000008c84100000,0x0000008c84200000)]
  0x00000246f9a84890 JavaThread "Monitor Deflation Thread" daemon [_thread_blocked, id=4156, stack(0x0000008c84200000,0x0000008c84300000)]
  0x00000246f9a8c980 JavaThread "C2 CompilerThread0" daemon [_thread_blocked, id=18472, stack(0x0000008c84300000,0x0000008c84400000)]
  0x00000246f9a8d420 JavaThread "C1 CompilerThread0" daemon [_thread_blocked, id=15484, stack(0x0000008c84400000,0x0000008c84500000)]
  0x00000246f9aa2a20 JavaThread "Sweeper thread" daemon [_thread_blocked, id=16548, stack(0x0000008c84500000,0x0000008c84600000)]
  0x00000246f9a83550 JavaThread "Common-Cleaner" daemon [_thread_blocked, id=2996, stack(0x0000008c84600000,0x0000008c84700000)]
  0x00000246f9a83ef0 JavaThread "Monitor Ctrl-Break" daemon [_thread_in_native, id=23332, stack(0x0000008c84900000,0x0000008c84a00000)]
  0x00000246f9a84d60 JavaThread "Notification Thread" daemon [_thread_blocked, id=22820, stack(0x0000008c84a00000,0x0000008c84b00000)]
  0x00000246f9a81d40 JavaThread "QuantumRenderer-0" daemon [_thread_blocked, id=4692, stack(0x0000008c84c00000,0x0000008c84d00000)]
  0x00000246f9a85700 JavaThread "InvokeLaterDispatcher" daemon [_thread_blocked, id=7320, stack(0x0000008c84e00000,0x0000008c84f00000)]
  0x00000246f9a83a20 JavaThread "JavaFX Application Thread" [_thread_in_native, id=13732, stack(0x0000008c84f00000,0x0000008c85000000)]
  0x00000246f9a82210 JavaThread "Thread-1" daemon [_thread_in_native, id=4992, stack(0x0000008c84700000,0x0000008c84800000)]
  0x00000246f9a826e0 JavaThread "JavaFX-Launcher" [_thread_blocked, id=20820, stack(0x0000008c85600000,0x0000008c85700000)]
  0x00000246f9a82bb0 JavaThread "Prism Font Disposer" daemon [_thread_blocked, id=6576, stack(0x0000008c85f00000,0x0000008c86000000)]
  0x000002468f907e10 JavaThread "Cleaner-0" daemon [_thread_blocked, id=21608, stack(0x0000008c86100000,0x0000008c86200000)]
  0x000002468f9022a0 JavaThread "mysql-cj-abandoned-connection-cleanup" daemon [_thread_blocked, id=22616, stack(0x0000008c86700000,0x0000008c86800000)]
  0x000002468f907470 JavaThread "SIGINT handler" daemon [_thread_blocked, id=16424, stack(0x0000008c83300000,0x0000008c83400000)]

Other Threads:
=>0x00000246ebdaebb0 VMThread "VM Thread" [stack: 0x0000008c83c00000,0x0000008c83d00000] [id=14504]
  0x00000246ebd06d80 GCTaskThread "GC Thread#0" [stack: 0x0000008c83700000,0x0000008c83800000] [id=7748]
  0x000002468f12b840 GCTaskThread "GC Thread#1" [stack: 0x0000008c85700000,0x0000008c85800000] [id=10132]
  0x000002468f0fb0d0 GCTaskThread "GC Thread#2" [stack: 0x0000008c85800000,0x0000008c85900000] [id=4004]
  0x000002468f0fb900 GCTaskThread "GC Thread#3" [stack: 0x0000008c85900000,0x0000008c85a00000] [id=22632]
  0x000002468f0fbbb0 GCTaskThread "GC Thread#4" [stack: 0x0000008c85a00000,0x0000008c85b00000] [id=18780]
  0x000002468f22b020 GCTaskThread "GC Thread#5" [stack: 0x0000008c85b00000,0x0000008c85c00000] [id=12332]
  0x000002468f236d10 GCTaskThread "GC Thread#6" [stack: 0x0000008c85c00000,0x0000008c85d00000] [id=15568]
  0x000002468f19a980 GCTaskThread "GC Thread#7" [stack: 0x0000008c85d00000,0x0000008c85e00000] [id=13528]
  0x00000246ebd13b00 ConcurrentGCThread "G1 Main Marker" terminated
  0x00000246ebd14cb0 ConcurrentGCThread "G1 Conc#0" [stack: 0x0000008c83900000,0x0000008c83a00000] [id=21948]
  0x0000024691e3bbd0 ConcurrentGCThread "G1 Conc#1" [stack: 0x0000008c86900000,0x0000008c86a00000] [id=17508]
  0x00000246ebd8f130 ConcurrentGCThread "G1 Refine#0" terminated
  0x00000246ebd8fb50 ConcurrentGCThread "G1 Service" terminated

Threads with active compile tasks:

VM state: at safepoint (shutting down)

VM Mutex/Monitor currently owned by a thread:  ([mutex/lock_event])
[0x00000246ebcca1d0] Threads_lock - owner thread: 0x00000246ebdaebb0
[0x00000246ebcca140] Heap_lock - owner thread: 0x000002468f907470

Heap address: 0x00000000a0e00000, size: 1522 MB, Compressed Oops mode: 32-bit

CDS archive(s) mapped at: [0x0000000800000000-0x0000000800bc0000-0x0000000800bc0000), size 12320768, SharedBaseAddress: 0x0000000800000000, ArchiveRelocationMode: 0.
Compressed class space mapped at: 0x0000000800c00000-0x0000000840c00000, reserved size: 1073741824
Narrow klass base: 0x0000000800000000, Narrow klass shift: 0, Narrow klass range: 0x100000000

GC Precious Log:
 CPUs: 8 total, 8 available
 Memory: 6082M
 Large Page Support: Disabled
 NUMA Support: Disabled
 Compressed Oops: Enabled (32-bit)
 Heap Region Size: 1M
 Heap Min Capacity: 8M
 Heap Initial Capacity: 96M
 Heap Max Capacity: 1522M
 Pre-touch: Disabled
 Parallel Workers: 8
 Concurrent Workers: 2
 Concurrent Refinement Workers: 8
 Periodic GC: Disabled

Heap:
 garbage-first heap   total 55296K, used 32354K [0x00000000a0e00000, 0x0000000100000000)
  region size 1024K, 25 young (25600K), 7 survivors (7168K)
 Metaspace       used 25838K, committed 26112K, reserved 1073152K
  class space    used 3568K, committed 3712K, reserved 1048576K

Heap Regions: E=young(eden), S=young(survivor), O=old, HS=humongous(starts), HC=humongous(continues), CS=collection set, F=free, OA=open archive, CA=closed archive, TAMS=top-at-mark-start (previous, next)
|   0|0x00000000a0e00000, 0x00000000a0f00000, 0x00000000a0f00000|100%| O|  |TAMS 0x00000000a0f00000, 0x00000000a0e00000| Untracked 
|   1|0x00000000a0f00000, 0x00000000a1000000, 0x00000000a1000000|100%|HS|  |TAMS 0x00000000a1000000, 0x00000000a0f00000| Complete 
|   2|0x00000000a1000000, 0x00000000a1100000, 0x00000000a1100000|100%| O|  |TAMS 0x00000000a1100000, 0x00000000a1000000| Untracked 
|   3|0x00000000a1100000, 0x00000000a1200000, 0x00000000a1200000|100%| O|  |TAMS 0x00000000a1200000, 0x00000000a1100000| Untracked 
|   4|0x00000000a1200000, 0x00000000a1281c00, 0x00000000a1300000| 50%| O|  |TAMS 0x00000000a1281c00, 0x00000000a1200000| Complete 
|   5|0x00000000a1300000, 0x00000000a1400000, 0x00000000a1400000|100%|HS|  |TAMS 0x00000000a1400000, 0x00000000a1300000| Complete 
|   6|0x00000000a1400000, 0x00000000a1500000, 0x00000000a1500000|100%|HC|  |TAMS 0x00000000a1500000, 0x00000000a1400000| Complete 
|   7|0x00000000a1500000, 0x00000000a1600000, 0x00000000a1600000|100%|HS|  |TAMS 0x00000000a1600000, 0x00000000a1500000| Complete 
|   8|0x00000000a1600000, 0x00000000a1700000, 0x00000000a1700000|100%|HS|  |TAMS 0x00000000a1600000, 0x00000000a1600000| Complete 
|   9|0x00000000a1700000, 0x00000000a1700000, 0x00000000a1800000|  0%| F|  |TAMS 0x00000000a1700000, 0x00000000a1700000| Untracked 
|  10|0x00000000a1800000, 0x00000000a1800000, 0x00000000a1900000|  0%| F|  |TAMS 0x00000000a1800000, 0x00000000a1800000| Untracked 
|  11|0x00000000a1900000, 0x00000000a1900000, 0x00000000a1a00000|  0%| F|  |TAMS 0x00000000a1900000, 0x00000000a1900000| Untracked 
|  12|0x00000000a1a00000, 0x00000000a1a00000, 0x00000000a1b00000|  0%| F|  |TAMS 0x00000000a1a00000, 0x00000000a1a00000| Untracked 
|  13|0x00000000a1b00000, 0x00000000a1b00000, 0x00000000a1c00000|  0%| F|  |TAMS 0x00000000a1b00000, 0x00000000a1b00000| Untracked 
|  14|0x00000000a1c00000, 0x00000000a1c00000, 0x00000000a1d00000|  0%| F|  |TAMS 0x00000000a1c00000, 0x00000000a1c00000| Untracked 
|  15|0x00000000a1d00000, 0x00000000a1d00000, 0x00000000a1e00000|  0%| F|  |TAMS 0x00000000a1d00000, 0x00000000a1d00000| Untracked 
|  16|0x00000000a1e00000, 0x00000000a1e00000, 0x00000000a1f00000|  0%| F|  |TAMS 0x00000000a1e00000, 0x00000000a1e00000| Untracked 
|  17|0x00000000a1f00000, 0x00000000a1f00000, 0x00000000a2000000|  0%| F|  |TAMS 0x00000000a1f00000, 0x00000000a1f00000| Untracked 
|  18|0x00000000a2000000, 0x00000000a2000000, 0x00000000a2100000|  0%| F|  |TAMS 0x00000000a2000000, 0x00000000a2000000| Untracked 
|  19|0x00000000a2100000, 0x00000000a2100000, 0x00000000a2200000|  0%| F|  |TAMS 0x00000000a2100000, 0x00000000a2100000| Untracked 
|  20|0x00000000a2200000, 0x00000000a2200000, 0x00000000a2300000|  0%| F|  |TAMS 0x00000000a2200000, 0x00000000a2200000| Untracked 
|  21|0x00000000a2300000, 0x00000000a2300000, 0x00000000a2400000|  0%| F|  |TAMS 0x00000000a2300000, 0x00000000a2300000| Untracked 
|  22|0x00000000a2400000, 0x00000000a2400000, 0x00000000a2500000|  0%| F|  |TAMS 0x00000000a2400000, 0x00000000a2400000| Untracked 
|  23|0x00000000a2500000, 0x00000000a2500000, 0x00000000a2600000|  0%| F|  |TAMS 0x00000000a2500000, 0x00000000a2500000| Untracked 
|  24|0x00000000a2600000, 0x00000000a2600000, 0x00000000a2700000|  0%| F|  |TAMS 0x00000000a2600000, 0x00000000a2600000| Untracked 
|  25|0x00000000a2700000, 0x00000000a2700000, 0x00000000a2800000|  0%| F|  |TAMS 0x00000000a2700000, 0x00000000a2700000| Untracked 
|  26|0x00000000a2800000, 0x00000000a2800000, 0x00000000a2900000|  0%| F|  |TAMS 0x00000000a2800000, 0x00000000a2800000| Untracked 
|  27|0x00000000a2900000, 0x00000000a2900000, 0x00000000a2a00000|  0%| F|  |TAMS 0x00000000a2900000, 0x00000000a2900000| Untracked 
|  28|0x00000000a2a00000, 0x00000000a2a00000, 0x00000000a2b00000|  0%| F|  |TAMS 0x00000000a2a00000, 0x00000000a2a00000| Untracked 
|  29|0x00000000a2b00000, 0x00000000a2b2b2f0, 0x00000000a2c00000| 16%| E|  |TAMS 0x00000000a2b00000, 0x00000000a2b00000| Complete 
|  30|0x00000000a2c00000, 0x00000000a2d00000, 0x00000000a2d00000|100%| E|CS|TAMS 0x00000000a2c00000, 0x00000000a2c00000| Complete 
|  31|0x00000000a2d00000, 0x00000000a2e00000, 0x00000000a2e00000|100%| E|CS|TAMS 0x00000000a2d00000, 0x00000000a2d00000| Complete 
|  32|0x00000000a2e00000, 0x00000000a2f00000, 0x00000000a2f00000|100%| E|CS|TAMS 0x00000000a2e00000, 0x00000000a2e00000| Complete 
|  33|0x00000000a2f00000, 0x00000000a3000000, 0x00000000a3000000|100%| E|CS|TAMS 0x00000000a2f00000, 0x00000000a2f00000| Complete 
|  34|0x00000000a3000000, 0x00000000a3100000, 0x00000000a3100000|100%| E|CS|TAMS 0x00000000a3000000, 0x00000000a3000000| Complete 
|  35|0x00000000a3100000, 0x00000000a3200000, 0x00000000a3200000|100%| E|CS|TAMS 0x00000000a3100000, 0x00000000a3100000| Complete 
|  36|0x00000000a3200000, 0x00000000a3300000, 0x00000000a3300000|100%| E|CS|TAMS 0x00000000a3200000, 0x00000000a3200000| Complete 
|  37|0x00000000a3300000, 0x00000000a3400000, 0x00000000a3400000|100%| E|CS|TAMS 0x00000000a3300000, 0x00000000a3300000| Complete 
|  38|0x00000000a3400000, 0x00000000a3500000, 0x00000000a3500000|100%| E|CS|TAMS 0x00000000a3400000, 0x00000000a3400000| Complete 
|  39|0x00000000a3500000, 0x00000000a3600000, 0x00000000a3600000|100%| E|CS|TAMS 0x00000000a3500000, 0x00000000a3500000| Complete 
|  40|0x00000000a3600000, 0x00000000a3700000, 0x00000000a3700000|100%| E|CS|TAMS 0x00000000a3600000, 0x00000000a3600000| Complete 
|  41|0x00000000a3700000, 0x00000000a3800000, 0x00000000a3800000|100%| E|CS|TAMS 0x00000000a3700000, 0x00000000a3700000| Complete 
|  42|0x00000000a3800000, 0x00000000a3900000, 0x00000000a3900000|100%| E|CS|TAMS 0x00000000a3800000, 0x00000000a3800000| Complete 
|  43|0x00000000a3900000, 0x00000000a3a00000, 0x00000000a3a00000|100%| E|CS|TAMS 0x00000000a3900000, 0x00000000a3900000| Complete 
|  44|0x00000000a3a00000, 0x00000000a3b00000, 0x00000000a3b00000|100%| E|CS|TAMS 0x00000000a3a00000, 0x00000000a3a00000| Complete 
|  45|0x00000000a3b00000, 0x00000000a3c00000, 0x00000000a3c00000|100%| E|CS|TAMS 0x00000000a3b00000, 0x00000000a3b00000| Complete 
|  71|0x00000000a5500000, 0x00000000a5516dc0, 0x00000000a5600000|  8%| S|CS|TAMS 0x00000000a5500000, 0x00000000a5500000| Complete 
|  72|0x00000000a5600000, 0x00000000a5700000, 0x00000000a5700000|100%| S|CS|TAMS 0x00000000a5600000, 0x00000000a5600000| Complete 
|  73|0x00000000a5700000, 0x00000000a5800000, 0x00000000a5800000|100%| S|CS|TAMS 0x00000000a5700000, 0x00000000a5700000| Complete 
|  74|0x00000000a5800000, 0x00000000a5900000, 0x00000000a5900000|100%| S|CS|TAMS 0x00000000a5800000, 0x00000000a5800000| Complete 
|  75|0x00000000a5900000, 0x00000000a5a00000, 0x00000000a5a00000|100%| S|CS|TAMS 0x00000000a5900000, 0x00000000a5900000| Complete 
|  76|0x00000000a5a00000, 0x00000000a5b00000, 0x00000000a5b00000|100%| S|CS|TAMS 0x00000000a5a00000, 0x00000000a5a00000| Complete 
|  77|0x00000000a5b00000, 0x00000000a5c00000, 0x00000000a5c00000|100%| S|CS|TAMS 0x00000000a5b00000, 0x00000000a5b00000| Complete 
|  95|0x00000000a6d00000, 0x00000000a6e00000, 0x00000000a6e00000|100%| E|CS|TAMS 0x00000000a6d00000, 0x00000000a6d00000| Complete 

Card table byte_map: [0x00000246f3b10000,0x00000246f3e10000] _byte_map_base: 0x00000246f3609000

Marking Bits (Prev, Next): (CMBitMap*) 0x00000246ebd073d0, (CMBitMap*) 0x00000246ebd07390
 Prev Bits: [0x00000246f58e0000, 0x00000246f70a8000)
 Next Bits: [0x00000246f4110000, 0x00000246f58d8000)

Polling page: 0x00000246e9be0000

Metaspace:

Usage:
  Non-class:     21.75 MB used.
      Class:      3.49 MB used.
       Both:     25.23 MB used.

Virtual space:
  Non-class space:       24.00 MB reserved,      21.88 MB ( 91%) committed,  3 nodes.
      Class space:        1.00 GB reserved,       3.62 MB ( <1%) committed,  1 nodes.
             Both:        1.02 GB reserved,      25.50 MB (  2%) committed. 

Chunk freelists:
   Non-Class:  1.51 MB
       Class:  235.00 KB
        Both:  1.74 MB

MaxMetaspaceSize: unlimited
CompressedClassSpaceSize: 1.00 GB
Initial GC threshold: 21.00 MB
Current GC threshold: 35.25 MB
CDS: on
MetaspaceReclaimPolicy: balanced
 - commit_granule_bytes: 65536.
 - commit_granule_words: 8192.
 - virtual_space_node_default_size: 1048576.
 - enlarge_chunks_in_place: 1.
 - new_chunks_are_fully_committed: 0.
 - uncommit_free_chunks: 1.
 - use_allocation_guard: 0.
 - handle_deallocations: 1.


Internal statistics:

num_allocs_failed_limit: 3.
num_arena_births: 234.
num_arena_deaths: 0.
num_vsnodes_births: 4.
num_vsnodes_deaths: 0.
num_space_committed: 408.
num_space_uncommitted: 0.
num_chunks_returned_to_freelist: 3.
num_chunks_taken_from_freelist: 967.
num_chunk_merges: 0.
num_chunk_splits: 672.
num_chunks_enlarged: 516.
num_purges: 0.
num_inconsistent_stats: 0.

CodeHeap 'non-profiled nmethods': size=120000Kb used=1470Kb max_used=1470Kb free=118529Kb
 bounds [0x0000024687ad0000, 0x0000024687d40000, 0x000002468f000000]
CodeHeap 'profiled nmethods': size=120000Kb used=7318Kb max_used=7318Kb free=112681Kb
 bounds [0x00000246805a0000, 0x0000024680cd0000, 0x0000024687ad0000]
CodeHeap 'non-nmethods': size=5760Kb used=1499Kb max_used=1546Kb free=4260Kb
 bounds [0x0000024680000000, 0x0000024680270000, 0x00000246805a0000]
 total_blobs=4501 nmethods=3625 adapters=787
 compilation: enabled
              stopped_count=0, restarted_count=0
 full_count=0

Compilation events (20 events):
Event: 37.723 Thread 0x00000246f9a8d420 3622       3       javafx.scene.Scene$ClickGenerator::postProcess (266 bytes)
Event: 37.725 Thread 0x00000246f9a8d420 nmethod 3622 0x0000024680cc0b10 code [0x0000024680cc0e00, 0x0000024680cc2218]
Event: 37.757 Thread 0x00000246f9a8d420 3624       3       javafx.scene.Scene$TargetWrapper::clear (12 bytes)
Event: 37.758 Thread 0x00000246f9a8d420 nmethod 3624 0x0000024680cc2790 code [0x0000024680cc2920, 0x0000024680cc2b18]
Event: 37.758 Thread 0x00000246f9a8d420 3625       3       javafx.scene.Scene$MouseHandler::updateCursor (36 bytes)
Event: 37.758 Thread 0x00000246f9a8d420 nmethod 3625 0x0000024680cc2c10 code [0x0000024680cc2dc0, 0x0000024680cc31b8]
Event: 37.794 Thread 0x00000246f9a8d420 3626       3       javafx.scene.Scene$MouseHandler::clearPDREventTargets (55 bytes)
Event: 37.795 Thread 0x00000246f9a8d420 nmethod 3626 0x0000024680cc3310 code [0x0000024680cc3500, 0x0000024680cc3ba8]
Event: 86.507 Thread 0x00000246f9a8c980 3627       4       com.sun.javafx.tk.quantum.QuantumToolkit::postPulse (133 bytes)
Event: 86.516 Thread 0x00000246f9a8c980 nmethod 3627 0x0000024687c3e990 code [0x0000024687c3eb60, 0x0000024687c3ede8]
Event: 87.179 Thread 0x00000246f9a8c980 3628       4       com.sun.javafx.tk.quantum.QuantumToolkit$$Lambda$83/0x0000000800c31a70::run (8 bytes)
Event: 87.186 Thread 0x00000246f9a8c980 nmethod 3628 0x0000024687c3f190 code [0x0000024687c3f360, 0x0000024687c3f630]
Event: 139.733 Thread 0x00000246f9a8d420 3629       3       jdk.internal.loader.BuiltinClassLoader::hasClassPath (13 bytes)
Event: 139.733 Thread 0x00000246f9a8d420 nmethod 3629 0x0000024680cc3d90 code [0x0000024680cc3f20, 0x0000024680cc4098]
Event: 139.733 Thread 0x00000246f9a8d420 3630       3       jdk.internal.loader.URLClassPath$JarLoader::findResource (18 bytes)
Event: 139.733 Thread 0x00000246f9a8d420 nmethod 3630 0x0000024680cc4110 code [0x0000024680cc42c0, 0x0000024680cc44a8]
Event: 159.735 Thread 0x00000246f9a8d420 3631       3       jdk.internal.module.Resources::toPackageName (39 bytes)
Event: 159.736 Thread 0x00000246f9a8d420 nmethod 3631 0x0000024680cc4590 code [0x0000024680cc47c0, 0x0000024680cc4e38]
Event: 222.302 Thread 0x00000246f9a8d420 3632  s    3       java.util.Hashtable::get (69 bytes)
Event: 222.303 Thread 0x00000246f9a8d420 nmethod 3632 0x0000024680cc5090 code [0x0000024680cc5260, 0x0000024680cc57b8]

GC Heap History (6 events):
Event: 1.314 GC heap before
{Heap before GC invocations=0 (full 0):
 garbage-first heap   total 98304K, used 22528K [0x00000000a0e00000, 0x0000000100000000)
  region size 1024K, 23 young (23552K), 0 survivors (0K)
 Metaspace       used 6295K, committed 6528K, reserved 1056768K
  class space    used 722K, committed 832K, reserved 1048576K
}
Event: 1.320 GC heap after
{Heap after GC invocations=1 (full 0):
 garbage-first heap   total 98304K, used 3915K [0x00000000a0e00000, 0x0000000100000000)
  region size 1024K, 3 young (3072K), 3 survivors (3072K)
 Metaspace       used 6295K, committed 6528K, reserved 1056768K
  class space    used 722K, committed 832K, reserved 1048576K
}
Event: 2.772 GC heap before
{Heap before GC invocations=1 (full 0):
 garbage-first heap   total 98304K, used 36683K [0x00000000a0e00000, 0x0000000100000000)
  region size 1024K, 34 young (34816K), 3 survivors (3072K)
 Metaspace       used 14183K, committed 14400K, reserved 1064960K
  class space    used 2109K, committed 2240K, reserved 1048576K
}
Event: 2.785 GC heap after
{Heap after GC invocations=2 (full 0):
 garbage-first heap   total 98304K, used 8017K [0x00000000a0e00000, 0x0000000100000000)
  region size 1024K, 4 young (4096K), 4 survivors (4096K)
 Metaspace       used 14183K, committed 14400K, reserved 1064960K
  class space    used 2109K, committed 2240K, reserved 1048576K
}
Event: 15.539 GC heap before
{Heap before GC invocations=2 (full 0):
 garbage-first heap   total 98304K, used 28497K [0x00000000a0e00000, 0x0000000100000000)
  region size 1024K, 22 young (22528K), 4 survivors (4096K)
 Metaspace       used 21301K, committed 21504K, reserved 1073152K
  class space    used 2877K, committed 3008K, reserved 1048576K
}
Event: 15.549 GC heap after
{Heap after GC invocations=3 (full 0):
 garbage-first heap   total 98304K, used 13922K [0x00000000a0e00000, 0x0000000100000000)
  region size 1024K, 7 young (7168K), 7 survivors (7168K)
 Metaspace       used 21301K, committed 21504K, reserved 1073152K
  class space    used 2877K, committed 3008K, reserved 1048576K
}

Deoptimization events (20 events):
Event: 15.859 Thread 0x00000246f9a83a20 Uncommon trap: trap_request=0xffffff45 fr.pc=0x0000024687c0094c relative=0x000000000000022c
Event: 15.859 Thread 0x00000246f9a83a20 Uncommon trap: reason=unstable_if action=reinterpret pc=0x0000024687c0094c method=java.util.regex.Matcher.reset()Ljava/util/regex/Matcher; @ 71 c2
Event: 15.859 Thread 0x00000246f9a83a20 DEOPT PACKING pc=0x0000024687c0094c sp=0x0000008c84ffac00
Event: 15.859 Thread 0x00000246f9a83a20 DEOPT UNPACKING pc=0x00000246800523a3 sp=0x0000008c84ffab88 mode 2
Event: 17.086 Thread 0x00000246f9a81d40 Uncommon trap: trap_request=0xffffff45 fr.pc=0x0000024687c2b3e0 relative=0x00000000000001c0
Event: 17.086 Thread 0x00000246f9a81d40 Uncommon trap: reason=unstable_if action=reinterpret pc=0x0000024687c2b3e0 method=java.util.WeakHashMap.matchesKey(Ljava/util/WeakHashMap$Entry;Ljava/lang/Object;)Z @ 5 c2
Event: 17.086 Thread 0x00000246f9a81d40 DEOPT PACKING pc=0x0000024687c2b3e0 sp=0x0000008c84cfd8c0
Event: 17.086 Thread 0x00000246f9a81d40 DEOPT UNPACKING pc=0x00000246800523a3 sp=0x0000008c84cfd7e0 mode 2
Event: 17.133 Thread 0x00000246f9a81d40 Uncommon trap: trap_request=0xffffff45 fr.pc=0x0000024687bb9618 relative=0x0000000000002478
Event: 17.133 Thread 0x00000246f9a81d40 Uncommon trap: reason=unstable_if action=reinterpret pc=0x0000024687bb9618 method=com.sun.marlin.Renderer._endRendering(IILcom/sun/marlin/MarlinAlphaConsumer;)V @ 325 c2
Event: 17.133 Thread 0x00000246f9a81d40 DEOPT PACKING pc=0x0000024687bb9618 sp=0x0000008c84cfe0c0
Event: 17.133 Thread 0x00000246f9a81d40 DEOPT UNPACKING pc=0x00000246800523a3 sp=0x0000008c84cfdf48 mode 2
Event: 17.134 Thread 0x00000246f9a81d40 Uncommon trap: trap_request=0xffffff45 fr.pc=0x0000024687baedb4 relative=0x0000000000002bb4
Event: 17.134 Thread 0x00000246f9a81d40 Uncommon trap: reason=unstable_if action=reinterpret pc=0x0000024687baedb4 method=com.sun.marlin.Renderer._endRendering(IILcom/sun/marlin/MarlinAlphaConsumer;)V @ 325 c2
Event: 17.134 Thread 0x00000246f9a81d40 DEOPT PACKING pc=0x0000024687baedb4 sp=0x0000008c84cfe040
Event: 17.134 Thread 0x00000246f9a81d40 DEOPT UNPACKING pc=0x00000246800523a3 sp=0x0000008c84cfdf48 mode 2
Event: 25.957 Thread 0x00000246f9a83a20 Uncommon trap: trap_request=0xffffff45 fr.pc=0x0000024687b637b8 relative=0x0000000000000f78
Event: 25.957 Thread 0x00000246f9a83a20 Uncommon trap: reason=unstable_if action=reinterpret pc=0x0000024687b637b8 method=java.util.concurrent.ConcurrentHashMap.putVal(Ljava/lang/Object;Ljava/lang/Object;Z)Ljava/lang/Object; @ 231 c2
Event: 25.957 Thread 0x00000246f9a83a20 DEOPT PACKING pc=0x0000024687b637b8 sp=0x0000008c84ff8750
Event: 25.957 Thread 0x00000246f9a83a20 DEOPT UNPACKING pc=0x00000246800523a3 sp=0x0000008c84ff86c0 mode 2

Classes unloaded (0 events):
No events

Classes redefined (0 events):
No events

Internal exceptions (20 events):
Event: 2.715 Thread 0x00000246f9a83a20 Exception <a 'java/lang/NoSuchMethodError'{0x00000000a4dd16f0}: 'java.lang.Object java.lang.invoke.DirectMethodHandle$Holder.newInvokeSpecial(java.lang.Object, java.lang.Object, long)'> (0x00000000a4dd16f0) 
thrown [t:\workspace\open\src\hotspot\share\interpreter\linkResolver.cpp, line 766]
Event: 2.716 Thread 0x00000246f9a83a20 Exception <a 'java/lang/NoSuchMethodError'{0x00000000a4dd5260}: 'java.lang.Object java.lang.invoke.Invokers$Holder.linkToTargetMethod(java.lang.Object, long, java.lang.Object)'> (0x00000000a4dd5260) 
thrown [t:\workspace\open\src\hotspot\share\interpreter\linkResolver.cpp, line 766]
Event: 14.685 Thread 0x00000246f9a83a20 Exception <a 'sun/nio/fs/WindowsException'{0x00000000a67ae2d8}> (0x00000000a67ae2d8) 
thrown [t:\workspace\open\src\hotspot\share\prims\jni.cpp, line 516]
Event: 14.735 Thread 0x00000246f9a83a20 Exception <a 'java/lang/NoSuchMethodError'{0x00000000a66505e8}: 'java.lang.Object java.lang.invoke.DirectMethodHandle$Holder.invokeInterface(java.lang.Object, java.lang.Object)'> (0x00000000a66505e8) 
thrown [t:\workspace\open\src\hotspot\share\interpreter\linkResolver.cpp, line 766]
Event: 14.746 Thread 0x00000246f9a83a20 Exception <a 'sun/nio/fs/WindowsException'{0x00000000a665b050}> (0x00000000a665b050) 
thrown [t:\workspace\open\src\hotspot\share\prims\jni.cpp, line 516]
Event: 14.750 Thread 0x00000246f9a83a20 Exception <a 'sun/nio/fs/WindowsException'{0x00000000a665ea40}> (0x00000000a665ea40) 
thrown [t:\workspace\open\src\hotspot\share\prims\jni.cpp, line 516]
Event: 14.776 Thread 0x00000246f9a83a20 Exception <a 'sun/nio/fs/WindowsException'{0x00000000a66baa60}> (0x00000000a66baa60) 
thrown [t:\workspace\open\src\hotspot\share\prims\jni.cpp, line 516]
Event: 14.778 Thread 0x00000246f9a83a20 Exception <a 'sun/nio/fs/WindowsException'{0x00000000a66bf6e8}> (0x00000000a66bf6e8) 
thrown [t:\workspace\open\src\hotspot\share\prims\jni.cpp, line 516]
Event: 14.795 Thread 0x00000246f9a83a20 Exception <a 'java/lang/NoSuchMethodError'{0x00000000a66d2778}: 'java.lang.Object java.lang.invoke.DirectMethodHandle$Holder.invokeVirtual(java.lang.Object, java.lang.Object, java.lang.Object)'> (0x00000000a66d2778) 
thrown [t:\workspace\open\src\hotspot\share\interpreter\linkResolver.cpp, line 766]
Event: 15.048 Thread 0x00000246f9a83a20 Exception <a 'sun/nio/fs/WindowsException'{0x00000000a6158ed0}> (0x00000000a6158ed0) 
thrown [t:\workspace\open\src\hotspot\share\prims\jni.cpp, line 516]
Event: 15.154 Thread 0x00000246f9a83a20 Exception <a 'sun/nio/fs/WindowsException'{0x00000000a6057c58}> (0x00000000a6057c58) 
thrown [t:\workspace\open\src\hotspot\share\prims\jni.cpp, line 516]
Event: 15.168 Thread 0x00000246f9a83a20 Exception <a 'sun/nio/fs/WindowsException'{0x00000000a606c4a0}> (0x00000000a606c4a0) 
thrown [t:\workspace\open\src\hotspot\share\prims\jni.cpp, line 516]
Event: 15.184 Thread 0x00000246f9a83a20 Exception <a 'java/lang/NoSuchMethodError'{0x00000000a6078958}: 'int java.lang.invoke.DirectMethodHandle$Holder.invokeStatic(java.lang.Object, java.lang.Object, java.lang.Object, java.lang.Object)'> (0x00000000a6078958) 
thrown [t:\workspace\open\src\hotspot\share\interpreter\linkResolver.cpp, line 766]
Event: 15.185 Thread 0x00000246f9a83a20 Exception <a 'java/lang/NoSuchMethodError'{0x00000000a607c958}: 'int java.lang.invoke.DirectMethodHandle$Holder.invokeStaticInit(java.lang.Object, java.lang.Object, java.lang.Object, java.lang.Object)'> (0x00000000a607c958) 
thrown [t:\workspace\open\src\hotspot\share\interpreter\linkResolver.cpp, line 766]
Event: 15.186 Thread 0x00000246f9a83a20 Exception <a 'java/lang/IncompatibleClassChangeError'{0x00000000a6086580}: Found class java.lang.Object, but interface was expected> (0x00000000a6086580) 
thrown [t:\workspace\open\src\hotspot\share\interpreter\linkResolver.cpp, line 833]
Event: 15.279 Thread 0x00000246f9a83a20 Exception <a 'java/lang/NoSuchMethodError'{0x00000000a5e81610}: 'java.lang.Object java.lang.invoke.DirectMethodHandle$Holder.invokeStaticInit(java.lang.Object, int, int, int, int)'> (0x00000000a5e81610) 
thrown [t:\workspace\open\src\hotspot\share\interpreter\linkResolver.cpp, line 766]
Event: 15.327 Thread 0x00000246f9a83a20 Exception <a 'java/lang/NoSuchMethodError'{0x00000000a5edeb88}: 'java.lang.Object java.lang.invoke.DirectMethodHandle$Holder.invokeStaticInit(java.lang.Object, java.lang.Object, int, int, int, int)'> (0x00000000a5edeb88) 
thrown [t:\workspace\open\src\hotspot\share\interpreter\linkResolver.cpp, line 766]
Event: 16.613 Thread 0x00000246f9a83a20 Exception <a 'java/lang/NoSuchMethodError'{0x00000000a31b71f0}: 'void java.lang.invoke.DirectMethodHandle$Holder.invokeSpecialIFC(java.lang.Object, java.lang.Object, java.lang.Object, java.lang.Object)'> (0x00000000a31b71f0) 
thrown [t:\workspace\open\src\hotspot\share\interpreter\linkResolver.cpp, line 766]
Event: 16.679 Thread 0x00000246f9a83a20 Exception <a 'java/lang/NoSuchMethodError'{0x00000000a30caff8}: 'int java.lang.invoke.DirectMethodHandle$Holder.invokeSpecial(java.lang.Object, java.lang.Object, int)'> (0x00000000a30caff8) 
thrown [t:\workspace\open\src\hotspot\share\interpreter\linkResolver.cpp, line 766]
Event: 27.041 Thread 0x00000246f9a83a20 Exception <a 'java/lang/NoSuchMethodError'{0x00000000a2c3a348}: static Lmwarehouse/warehouse/entity/Product;.<clinit>()V> (0x00000000a2c3a348) 
thrown [t:\workspace\open\src\hotspot\share\prims\jni.cpp, line 1107]

VM Operations (20 events):
Event: 17.010 Executing VM operation: ICBufferFull done
Event: 19.011 Executing VM operation: Cleanup
Event: 19.011 Executing VM operation: Cleanup done
Event: 20.011 Executing VM operation: Cleanup
Event: 20.011 Executing VM operation: Cleanup done
Event: 21.011 Executing VM operation: Cleanup
Event: 21.011 Executing VM operation: Cleanup done
Event: 25.013 Executing VM operation: Cleanup
Event: 25.013 Executing VM operation: Cleanup done
Event: 26.014 Executing VM operation: Cleanup
Event: 26.014 Executing VM operation: Cleanup done
Event: 28.014 Executing VM operation: Cleanup
Event: 28.014 Executing VM operation: Cleanup done
Event: 29.015 Executing VM operation: Cleanup
Event: 29.015 Executing VM operation: Cleanup done
Event: 38.016 Executing VM operation: Cleanup
Event: 38.016 Executing VM operation: Cleanup done
Event: 40.027 Executing VM operation: Cleanup
Event: 40.028 Executing VM operation: Cleanup done
Event: 222.309 Executing VM operation: Exit

Events (20 events):
Event: 27.036 loading class java/io/SerialCallbackContext
Event: 27.036 loading class java/io/SerialCallbackContext done
Event: 27.040 loading class java/io/ObjectStreamClass$1
Event: 27.040 loading class java/io/ObjectStreamClass$1 done
Event: 27.041 loading class java/io/ObjectStreamClass$MemberSignature
Event: 27.041 loading class java/io/ObjectStreamClass$MemberSignature done
Event: 27.041 loading class java/io/ObjectStreamClass$3
Event: 27.041 loading class java/io/ObjectStreamClass$3 done
Event: 27.041 loading class java/io/ObjectStreamClass$4
Event: 27.041 loading class java/io/ObjectStreamClass$4 done
Event: 27.041 loading class java/io/ObjectStreamClass$5
Event: 27.041 loading class java/io/ObjectStreamClass$5 done
Event: 222.302 loading class jdk/internal/misc/Signal$1
Event: 222.302 loading class jdk/internal/misc/Signal$1 done
Event: 222.303 Thread 0x000002468f907470 Thread added: 0x000002468f907470
Event: 222.305 Thread 0x000002468f907940 Thread added: 0x000002468f907940
Event: 222.305 Thread 0x000002468f909150 Thread added: 0x000002468f909150
Event: 222.307 Thread 0x000002468f907940 Thread exited: 0x000002468f907940
Event: 222.308 Thread 0x000002468f909150 Thread exited: 0x000002468f909150
Event: 222.309 Thread 0x00000246f9a843c0 Thread exited: 0x00000246f9a843c0


Dynamic libraries:
0x00007ff76adb0000 - 0x00007ff76adbe000 	C:\Users\kondr\.jdks\openjdk-17\bin\java.exe
0x00007ffe8dd90000 - 0x00007ffe8df85000 	C:\Windows\SYSTEM32\ntdll.dll
0x00007ffe8d030000 - 0x00007ffe8d0ee000 	C:\Windows\System32\KERNEL32.DLL
0x00007ffe8b850000 - 0x00007ffe8bb18000 	C:\Windows\System32\KERNELBASE.dll
0x00007ffe8b5c0000 - 0x00007ffe8b6c0000 	C:\Windows\System32\ucrtbase.dll
0x00007ffe82550000 - 0x00007ffe8256a000 	C:\Users\kondr\.jdks\openjdk-17\bin\VCRUNTIME140.dll
0x00007ffe7dc80000 - 0x00007ffe7dc98000 	C:\Users\kondr\.jdks\openjdk-17\bin\jli.dll
0x00007ffe8db10000 - 0x00007ffe8dcb1000 	C:\Windows\System32\USER32.dll
0x00007ffe79ef0000 - 0x00007ffe7a18a000 	C:\Windows\WinSxS\amd64_microsoft.windows.common-controls_6595b64144ccf1df_6.0.19041.1110_none_60b5254171f9507e\COMCTL32.dll
0x00007ffe8bdb0000 - 0x00007ffe8bdd2000 	C:\Windows\System32\win32u.dll
0x00007ffe8d2c0000 - 0x00007ffe8d2eb000 	C:\Windows\System32\GDI32.dll
0x00007ffe8c100000 - 0x00007ffe8c19e000 	C:\Windows\System32\msvcrt.dll
0x00007ffe8b4b0000 - 0x00007ffe8b5bb000 	C:\Windows\System32\gdi32full.dll
0x00007ffe8bd10000 - 0x00007ffe8bdad000 	C:\Windows\System32\msvcp_win.dll
0x00007ffe8d000000 - 0x00007ffe8d030000 	C:\Windows\System32\IMM32.DLL
0x00007ffe85be0000 - 0x00007ffe85bec000 	C:\Users\kondr\.jdks\openjdk-17\bin\vcruntime140_1.dll
0x00007ffe7cfd0000 - 0x00007ffe7d05d000 	C:\Users\kondr\.jdks\openjdk-17\bin\msvcp140.dll
0x00007ffe517c0000 - 0x00007ffe5237e000 	C:\Users\kondr\.jdks\openjdk-17\bin\server\jvm.dll
0x00007ffe8c840000 - 0x00007ffe8c8ec000 	C:\Windows\System32\ADVAPI32.dll
0x00007ffe8bde0000 - 0x00007ffe8be7b000 	C:\Windows\System32\sechost.dll
0x00007ffe8c290000 - 0x00007ffe8c3ba000 	C:\Windows\System32\RPCRT4.dll
0x00007ffe8dd40000 - 0x00007ffe8dd48000 	C:\Windows\System32\PSAPI.DLL
0x00007ffe80610000 - 0x00007ffe80637000 	C:\Windows\SYSTEM32\WINMM.dll
0x00007ffe85430000 - 0x00007ffe85439000 	C:\Windows\SYSTEM32\WSOCK32.dll
0x00007ffe80640000 - 0x00007ffe8064a000 	C:\Windows\SYSTEM32\VERSION.dll
0x00007ffe8cf10000 - 0x00007ffe8cf7b000 	C:\Windows\System32\WS2_32.dll
0x00007ffe89d60000 - 0x00007ffe89d72000 	C:\Windows\SYSTEM32\kernel.appcore.dll
0x00007ffe82630000 - 0x00007ffe8263a000 	C:\Users\kondr\.jdks\openjdk-17\bin\jimage.dll
0x00007ffe88910000 - 0x00007ffe88af4000 	C:\Windows\SYSTEM32\DBGHELP.DLL
0x00007ffe78570000 - 0x00007ffe7859c000 	C:\Windows\SYSTEM32\dbgcore.DLL
0x00007ffe8bb20000 - 0x00007ffe8bba3000 	C:\Windows\System32\bcryptPrimitives.dll
0x00007ffe7e660000 - 0x00007ffe7e66e000 	C:\Users\kondr\.jdks\openjdk-17\bin\instrument.dll
0x00007ffe7dc50000 - 0x00007ffe7dc75000 	C:\Users\kondr\.jdks\openjdk-17\bin\java.dll
0x00007ffe6b370000 - 0x00007ffe6b446000 	C:\Users\kondr\.jdks\openjdk-17\bin\svml.dll
0x00007ffe8d2f0000 - 0x00007ffe8da2f000 	C:\Windows\System32\SHELL32.dll
0x00007ffe89590000 - 0x00007ffe89d20000 	C:\Windows\SYSTEM32\windows.storage.dll
0x00007ffe8c3c0000 - 0x00007ffe8c715000 	C:\Windows\System32\combase.dll
0x00007ffe8ae30000 - 0x00007ffe8ae5e000 	C:\Windows\SYSTEM32\Wldp.dll
0x00007ffe8d1b0000 - 0x00007ffe8d25d000 	C:\Windows\System32\SHCORE.dll
0x00007ffe8d260000 - 0x00007ffe8d2b5000 	C:\Windows\System32\shlwapi.dll
0x00007ffe8b3f0000 - 0x00007ffe8b40f000 	C:\Windows\SYSTEM32\profapi.dll
0x00007ffe7d400000 - 0x00007ffe7d419000 	C:\Users\kondr\.jdks\openjdk-17\bin\net.dll
0x00007ffe7b500000 - 0x00007ffe7b60c000 	C:\Windows\SYSTEM32\WINHTTP.dll
0x00007ffe8ab90000 - 0x00007ffe8abfa000 	C:\Windows\system32\mswsock.dll
0x00007ffe7d300000 - 0x00007ffe7d315000 	C:\Users\kondr\.jdks\openjdk-17\bin\nio.dll
0x00007ffe7a1f0000 - 0x00007ffe7a208000 	C:\Users\kondr\.jdks\openjdk-17\bin\zip.dll
0x00007ffe708c0000 - 0x00007ffe708da000 	D:\Prog BSUIR\IntelliJ idea\IntelliJ IDEA 2021.2.1\bin\breakgen64.dll
0x00000246ebc80000 - 0x00000246ebc83000 	C:\Users\kondr\.openjfx\cache\17-ea\api-ms-win-core-console-l1-1-0.dll
0x00000246ebc90000 - 0x00000246ebc93000 	C:\Users\kondr\.openjfx\cache\17-ea\api-ms-win-core-console-l1-2-0.dll
0x00000246ebca0000 - 0x00000246ebca3000 	C:\Users\kondr\.openjfx\cache\17-ea\api-ms-win-core-datetime-l1-1-0.dll
0x00000246f9b40000 - 0x00000246f9b43000 	C:\Users\kondr\.openjfx\cache\17-ea\api-ms-win-core-debug-l1-1-0.dll
0x00000246f9b50000 - 0x00000246f9b53000 	C:\Users\kondr\.openjfx\cache\17-ea\api-ms-win-core-errorhandling-l1-1-0.dll
0x00000246f9b60000 - 0x00000246f9b64000 	C:\Users\kondr\.openjfx\cache\17-ea\api-ms-win-core-file-l1-1-0.dll
0x00000246f9b70000 - 0x00000246f9b73000 	C:\Users\kondr\.openjfx\cache\17-ea\api-ms-win-core-file-l1-2-0.dll
0x00000246f9b80000 - 0x00000246f9b83000 	C:\Users\kondr\.openjfx\cache\17-ea\api-ms-win-core-file-l2-1-0.dll
0x00000246f9b90000 - 0x00000246f9b93000 	C:\Users\kondr\.openjfx\cache\17-ea\api-ms-win-core-handle-l1-1-0.dll
0x00000246f9ba0000 - 0x00000246f9ba3000 	C:\Users\kondr\.openjfx\cache\17-ea\api-ms-win-core-heap-l1-1-0.dll
0x00000246f9bb0000 - 0x00000246f9bb3000 	C:\Users\kondr\.openjfx\cache\17-ea\api-ms-win-core-interlocked-l1-1-0.dll
0x00000246f9bc0000 - 0x00000246f9bc3000 	C:\Users\kondr\.openjfx\cache\17-ea\api-ms-win-core-libraryloader-l1-1-0.dll
0x00000246f9bd0000 - 0x00000246f9bd3000 	C:\Users\kondr\.openjfx\cache\17-ea\api-ms-win-core-localization-l1-2-0.dll
0x00000246f9be0000 - 0x00000246f9be3000 	C:\Users\kondr\.openjfx\cache\17-ea\api-ms-win-core-memory-l1-1-0.dll
0x00000246f9bf0000 - 0x00000246f9bf3000 	C:\Users\kondr\.openjfx\cache\17-ea\api-ms-win-core-namedpipe-l1-1-0.dll
0x00000246fb110000 - 0x00000246fb113000 	C:\Users\kondr\.openjfx\cache\17-ea\api-ms-win-core-processenvironment-l1-1-0.dll
0x00000246fb120000 - 0x00000246fb123000 	C:\Users\kondr\.openjfx\cache\17-ea\api-ms-win-core-processthreads-l1-1-0.dll
0x00000246fb130000 - 0x00000246fb133000 	C:\Users\kondr\.openjfx\cache\17-ea\api-ms-win-core-processthreads-l1-1-1.dll
0x00000246fb140000 - 0x00000246fb143000 	C:\Users\kondr\.openjfx\cache\17-ea\api-ms-win-core-profile-l1-1-0.dll
0x00000246fb150000 - 0x00000246fb153000 	C:\Users\kondr\.openjfx\cache\17-ea\api-ms-win-core-rtlsupport-l1-1-0.dll
0x00000246fb160000 - 0x00000246fb163000 	C:\Users\kondr\.openjfx\cache\17-ea\api-ms-win-core-string-l1-1-0.dll
0x00000246fb170000 - 0x00000246fb173000 	C:\Users\kondr\.openjfx\cache\17-ea\api-ms-win-core-synch-l1-1-0.dll
0x00000246fb180000 - 0x00000246fb183000 	C:\Users\kondr\.openjfx\cache\17-ea\api-ms-win-core-synch-l1-2-0.dll
0x00000246fb190000 - 0x00000246fb193000 	C:\Users\kondr\.openjfx\cache\17-ea\api-ms-win-core-sysinfo-l1-1-0.dll
0x00000246fb1a0000 - 0x00000246fb1a3000 	C:\Users\kondr\.openjfx\cache\17-ea\api-ms-win-core-timezone-l1-1-0.dll
0x00000246fb1b0000 - 0x00000246fb1b3000 	C:\Users\kondr\.openjfx\cache\17-ea\api-ms-win-core-util-l1-1-0.dll
0x00000246fb1c0000 - 0x00000246fb1c3000 	C:\Users\kondr\.openjfx\cache\17-ea\api-ms-win-crt-conio-l1-1-0.dll
0x00000246fb1d0000 - 0x00000246fb1d4000 	C:\Users\kondr\.openjfx\cache\17-ea\api-ms-win-crt-convert-l1-1-0.dll
0x00000246fb1e0000 - 0x00000246fb1e3000 	C:\Users\kondr\.openjfx\cache\17-ea\api-ms-win-crt-environment-l1-1-0.dll
0x00000246fb1f0000 - 0x00000246fb1f3000 	C:\Users\kondr\.openjfx\cache\17-ea\api-ms-win-crt-filesystem-l1-1-0.dll
0x00000246fb200000 - 0x00000246fb203000 	C:\Users\kondr\.openjfx\cache\17-ea\api-ms-win-crt-heap-l1-1-0.dll
0x00000246fb210000 - 0x00000246fb213000 	C:\Users\kondr\.openjfx\cache\17-ea\api-ms-win-crt-locale-l1-1-0.dll
0x00000246fb220000 - 0x00000246fb225000 	C:\Users\kondr\.openjfx\cache\17-ea\api-ms-win-crt-math-l1-1-0.dll
0x00000246fb230000 - 0x00000246fb235000 	C:\Users\kondr\.openjfx\cache\17-ea\api-ms-win-crt-multibyte-l1-1-0.dll
0x00000246fb240000 - 0x00000246fb250000 	C:\Users\kondr\.openjfx\cache\17-ea\api-ms-win-crt-private-l1-1-0.dll
0x00000246fb250000 - 0x00000246fb253000 	C:\Users\kondr\.openjfx\cache\17-ea\api-ms-win-crt-process-l1-1-0.dll
0x00000246fb260000 - 0x00000246fb264000 	C:\Users\kondr\.openjfx\cache\17-ea\api-ms-win-crt-runtime-l1-1-0.dll
0x00000246fb270000 - 0x00000246fb274000 	C:\Users\kondr\.openjfx\cache\17-ea\api-ms-win-crt-stdio-l1-1-0.dll
0x00000246fb280000 - 0x00000246fb284000 	C:\Users\kondr\.openjfx\cache\17-ea\api-ms-win-crt-string-l1-1-0.dll
0x00000246fb290000 - 0x00000246fb293000 	C:\Users\kondr\.openjfx\cache\17-ea\api-ms-win-crt-time-l1-1-0.dll
0x00000246fb2a0000 - 0x00000246fb2a3000 	C:\Users\kondr\.openjfx\cache\17-ea\api-ms-win-crt-utility-l1-1-0.dll
0x00007ffe6b1b0000 - 0x00007ffe6b2ac000 	C:\Users\kondr\.openjfx\cache\17-ea\ucrtbase.dll
0x00007ffe6b190000 - 0x00007ffe6b1aa000 	C:\Users\kondr\.openjfx\cache\17-ea\vcruntime140.dll
0x00007ffe795d0000 - 0x00007ffe795dc000 	C:\Users\kondr\.openjfx\cache\17-ea\vcruntime140_1.dll
0x00007ffe6b100000 - 0x00007ffe6b18d000 	C:\Users\kondr\.openjfx\cache\17-ea\msvcp140.dll
0x00007ffe57440000 - 0x00007ffe57467000 	C:\Users\kondr\.openjfx\cache\17-ea\prism_d3d.dll
0x00007ffe4b180000 - 0x00007ffe4b34e000 	C:\Windows\system32\d3d9.dll
0x00007ffe88d60000 - 0x00007ffe88d8f000 	C:\Windows\SYSTEM32\dwmapi.dll
0x00007ffe88b50000 - 0x00007ffe88bee000 	C:\Windows\system32\uxtheme.dll
0x00007ffe80650000 - 0x00007ffe8082b000 	C:\Windows\System32\DriverStore\FileRepository\u0361456.inf_amd64_23e88333e0901bd6\B358570\aticfx64.dll
0x00007ffe56800000 - 0x00007ffe56833000 	C:\Windows\System32\DriverStore\FileRepository\u0361456.inf_amd64_23e88333e0901bd6\B358570\atiu9p64.dll
0x00007ffe4f460000 - 0x00007ffe500f6000 	C:\Windows\System32\DriverStore\FileRepository\u0361456.inf_amd64_23e88333e0901bd6\B358570\atiumd64.dll
0x00007ffe8c8f0000 - 0x00007ffe8ca1a000 	C:\Windows\System32\ole32.dll
0x0000000076f30000 - 0x0000000077da9000 	C:\Windows\System32\DriverStore\FileRepository\u0361456.inf_amd64_23e88333e0901bd6\B358570\atiumd6a.dll
0x00007ffe8b320000 - 0x00007ffe8b36b000 	C:\Windows\SYSTEM32\POWRPROF.dll
0x00007ffe8b300000 - 0x00007ffe8b312000 	C:\Windows\SYSTEM32\UMPDC.dll
0x00007ffe7dd00000 - 0x00007ffe7dd2f000 	C:\Windows\SYSTEM32\amdihk64.dll
0x00007ffe559f0000 - 0x00007ffe55a32000 	C:\Users\kondr\.openjfx\cache\17-ea\glass.dll
0x00007ffe8da30000 - 0x00007ffe8db0a000 	C:\Windows\System32\COMDLG32.dll
0x00007ffe8be80000 - 0x00007ffe8bf4d000 	C:\Windows\System32\OLEAUT32.dll
0x00007ffe8c720000 - 0x00007ffe8c835000 	C:\Windows\System32\MSCTF.dll
0x00007ffe85c10000 - 0x00007ffe85c4b000 	C:\Windows\SYSTEM32\dxcore.dll
0x00007ffe8bc10000 - 0x00007ffe8bc5e000 	C:\Windows\System32\cfgmgr32.dll
0x00007ffe5cf70000 - 0x00007ffe5cf84000 	C:\Users\kondr\.openjfx\cache\17-ea\javafx_font.dll
0x00007ffe6ab30000 - 0x00007ffe6adb3000 	C:\Windows\SYSTEM32\dwrite.dll
0x00007ffe8d0f0000 - 0x00007ffe8d199000 	C:\Windows\System32\clbcatq.dll
0x00007ffe83740000 - 0x00007ffe838f4000 	C:\Windows\SYSTEM32\WindowsCodecs.dll
0x00007ffe8b820000 - 0x00007ffe8b847000 	C:\Windows\System32\bcrypt.dll
0x00007ffe79a80000 - 0x00007ffe79abe000 	C:\Windows\system32\dataexchange.dll
0x00007ffe86b30000 - 0x00007ffe86d94000 	C:\Windows\system32\d3d11.dll
0x00007ffe87a60000 - 0x00007ffe87c45000 	C:\Windows\system32\dcomp.dll
0x00007ffe89da0000 - 0x00007ffe89e94000 	C:\Windows\system32\dxgi.dll
0x00007ffe83c20000 - 0x00007ffe83e21000 	C:\Windows\system32\twinapi.appcore.dll
0x00007ffe5d2a0000 - 0x00007ffe5d2d4000 	C:\Program Files\Common Files\Microsoft Shared\Ink\rtscom.dll
0x00007ffe7de90000 - 0x00007ffe7df89000 	C:\Windows\SYSTEM32\textinputframework.dll
0x00007ffe87fd0000 - 0x00007ffe8832e000 	C:\Windows\System32\CoreUIComponents.dll
0x00007ffe88330000 - 0x00007ffe88422000 	C:\Windows\System32\CoreMessaging.dll
0x00007ffe87900000 - 0x00007ffe87a54000 	C:\Windows\SYSTEM32\wintypes.dll
0x00007ffe8a1a0000 - 0x00007ffe8a1d3000 	C:\Windows\SYSTEM32\ntmarta.dll
0x00007ffe87340000 - 0x00007ffe87900000 	C:\Windows\SYSTEM32\d2d1.dll
0x00007ffe80960000 - 0x00007ffe81056000 	C:\Windows\SYSTEM32\D3D10Warp.dll

dbghelp: loaded successfully - version: 4.0.5 - missing functions: none
symbol engine: initialized successfully - sym options: 0x614 - pdb path: .;C:\Users\kondr\.jdks\openjdk-17\bin;C:\Windows\SYSTEM32;C:\Windows\WinSxS\amd64_microsoft.windows.common-controls_6595b64144ccf1df_6.0.19041.1110_none_60b5254171f9507e;C:\Users\kondr\.jdks\openjdk-17\bin\server;D:\Prog BSUIR\IntelliJ idea\IntelliJ IDEA 2021.2.1\bin;C:\Users\kondr\.openjfx\cache\17-ea;C:\Windows\System32\DriverStore\FileRepository\u0361456.inf_amd64_23e88333e0901bd6\B358570;C:\Program Files\Common Files\Microsoft Shared\Ink

VM Arguments:
jvm_args: -javaagent:D:\Prog BSUIR\IntelliJ idea\IntelliJ IDEA 2021.2.1\lib\idea_rt.jar=64924:D:\Prog BSUIR\IntelliJ idea\IntelliJ IDEA 2021.2.1\bin -Dfile.encoding=UTF-8 --module-path=C:\Users\kondr\.m2\repository\org\openjfx\javafx-fxml\17-ea+11\javafx-fxml-17-ea+11-win.jar;C:\Users\kondr\.m2\repository\org\openjfx\javafx-graphics\17-ea+11\javafx-graphics-17-ea+11-win.jar;D:\BSUIR\3rd year\5 semestr\Ďđîă_ŃĎ Ęóđńîâŕ˙\warehouse\target\classes;C:\Users\kondr\.m2\repository\org\openjfx\javafx-controls\17-ea+11\javafx-controls-17-ea+11-win.jar;C:\Users\kondr\.m2\repository\org\openjfx\javafx-base\17-ea+11\javafx-base-17-ea+11-win.jar -Djdk.module.main=mwarehouse.warehouse 
java_command: mwarehouse.warehouse/mwarehouse.warehouse.ClientMain
java_class_path (initial): C:\Users\kondr\.m2\repository\org\openjfx\javafx-controls\17-ea+11\javafx-controls-17-ea+11.jar;C:\Users\kondr\.m2\repository\org\openjfx\javafx-graphics\17-ea+11\javafx-graphics-17-ea+11.jar;C:\Users\kondr\.m2\repository\org\openjfx\javafx-base\17-ea+11\javafx-base-17-ea+11.jar;C:\Users\kondr\.m2\repository\org\openjfx\javafx-fxml\17-ea+11\javafx-fxml-17-ea+11.jar;D:\BSUIR\3rd year\5 semestr\Ďđîă_ŃĎ Ęóđńîâŕ˙\warehouse\mysql-connector-java-8.0.26.jar
Launcher Type: SUN_STANDARD

[Global flags]
     intx CICompilerCount                          = 4                                         {product} {ergonomic}
     uint ConcGCThreads                            = 2                                         {product} {ergonomic}
     uint G1ConcRefinementThreads                  = 8                                         {product} {ergonomic}
   size_t G1HeapRegionSize                         = 1048576                                   {product} {ergonomic}
    uintx GCDrainStackTargetSize                   = 64                                        {product} {ergonomic}
   size_t InitialHeapSize                          = 100663296                                 {product} {ergonomic}
   size_t MarkStackSize                            = 4194304                                   {product} {ergonomic}
   size_t MaxHeapSize                              = 1595932672                                {product} {ergonomic}
   size_t MaxNewSize                               = 957349888                                 {product} {ergonomic}
   size_t MinHeapDeltaBytes                        = 1048576                                   {product} {ergonomic}
   size_t MinHeapSize                              = 8388608                                   {product} {ergonomic}
    uintx NonNMethodCodeHeapSize                   = 5839372                                {pd product} {ergonomic}
    uintx NonProfiledCodeHeapSize                  = 122909434                              {pd product} {ergonomic}
    uintx ProfiledCodeHeapSize                     = 122909434                              {pd product} {ergonomic}
    uintx ReservedCodeCacheSize                    = 251658240                              {pd product} {ergonomic}
     bool SegmentedCodeCache                       = true                                      {product} {ergonomic}
   size_t SoftMaxHeapSize                          = 1595932672                             {manageable} {ergonomic}
     bool UseCompressedClassPointers               = true                           {product lp64_product} {ergonomic}
     bool UseCompressedOops                        = true                           {product lp64_product} {ergonomic}
     bool UseG1GC                                  = true                                      {product} {ergonomic}
     bool UseLargePagesIndividualAllocation        = false                                  {pd product} {ergonomic}

Logging:
Log output configuration:
 #0: stdout all=off uptime,level,tags
 #1: stderr all=off uptime,level,tags

Environment Variables:
PATH=C:\Windows\system32;C:\Windows;C:\Windows\System32\Wbem;C:\Windows\System32\WindowsPowerShell\v1.0\;C:\Windows\System32\OpenSSH\;C:\Program Files\dotnet\;C:\Program Files\Microsoft SQL Server\130\Tools\Binn\;C:\Program Files\Microsoft SQL Server\Client SDK\ODBC\170\Tools\Binn\;C:\Program Files (x86)\dotnet\;C:\Program Files\Git\cmd;C:\Windows\system32\config\systemprofile\.dnx\bin;C:\Program Files\Microsoft DNX\Dnvm\;C:\Program Files\MySQL\MySQL Shell 8.0\bin\;C:\Users\kondr\AppData\Local\Microsoft\WindowsApps;;D:\Prog BSUIR\PyCharm\PyCharm 2021.1.3\bin;;D:\Prog BSUIR\PyCharm\PyCharm Community Edition 2021.1.3\bin;;C:\Program Files\JetBrains\IntelliJ IDEA Educational Edition 2021.2\bin;;C:\Program Files\JetBrains\IntelliJ IDEA Community Edition 2021.2.1\bin;;C:\Users\kondr\.dotnet\tools;D:\Prog BSUIR\IntelliJ idea\IntelliJ IDEA 2021.2.1\bin;
USERNAME=kondr
OS=Windows_NT
PROCESSOR_IDENTIFIER=AMD64 Family 23 Model 24 Stepping 1, AuthenticAMD



---------------  S Y S T E M  ---------------

OS:
 Windows 10 , 64 bit Build 19041 (10.0.19041.1348)
OS uptime: 5 days 4:28 hours

CPU: total 8 (initial active 8) (8 cores per cpu, 2 threads per core) family 23 model 24 stepping 1 microcode 0x0, cx8, cmov, fxsr, ht, mmx, 3dnowpref, sse, sse2, sse3, ssse3, sse4a, sse4.1, sse4.2, popcnt, lzcnt, tsc, tscinvbit, avx, avx2, aes, clmul, bmi1, bmi2, adx, sha, fma, vzeroupper, clflush, clflushopt

Memory: 4k page, system-wide physical 6082M (938M free)
TotalPageFile size 13208M (AvailPageFile size 1930M)
current process WorkingSet (physical memory assigned to process): 142M, peak: 164M
current process commit charge ("private bytes"): 230M, peak: 268M

vm_info: OpenJDK 64-Bit Server VM (17+35-2724) for windows-amd64 JRE (17+35-2724), built on Aug  5 2021 23:26:02 by "mach5one" with MS VC++ 16.8 (VS2019)

END.
